{"/Users/david/dev/señal/señal-front/src/components/form-editor/AIAssistPanel.tsx": {"path":"/Users/david/dev/señal/señal-front/src/components/form-editor/AIAssistPanel.tsx","statementMap":{"0":{"start":{"line":18,"column":33},"end":{"line":23,"column":null}},"1":{"start":{"line":28,"column":2},"end":{"line":36,"column":null}},"2":{"start":{"line":29,"column":4},"end":{"line":34,"column":null}},"3":{"start":{"line":38,"column":2},"end":{"line":47,"column":null}},"4":{"start":{"line":39,"column":4},"end":{"line":45,"column":null}},"5":{"start":{"line":49,"column":2},"end":{"line":54,"column":null}},"6":{"start":{"line":66,"column":59},"end":{"line":66,"column":null}},"7":{"start":{"line":67,"column":30},"end":{"line":67,"column":null}},"8":{"start":{"line":68,"column":24},"end":{"line":68,"column":null}},"9":{"start":{"line":69,"column":28},"end":{"line":69,"column":null}},"10":{"start":{"line":70,"column":8},"end":{"line":70,"column":null}},"11":{"start":{"line":73,"column":2},"end":{"line":77,"column":null}},"12":{"start":{"line":74,"column":4},"end":{"line":76,"column":null}},"13":{"start":{"line":75,"column":6},"end":{"line":75,"column":null}},"14":{"start":{"line":80,"column":20},"end":{"line":80,"column":null}},"15":{"start":{"line":81,"column":4},"end":{"line":81,"column":null}},"16":{"start":{"line":81,"column":29},"end":{"line":81,"column":null}},"17":{"start":{"line":83,"column":29},"end":{"line":87,"column":null}},"18":{"start":{"line":88,"column":4},"end":{"line":88,"column":null}},"19":{"start":{"line":88,"column":26},"end":{"line":88,"column":44}},"20":{"start":{"line":89,"column":4},"end":{"line":89,"column":null}},"21":{"start":{"line":90,"column":4},"end":{"line":90,"column":null}},"22":{"start":{"line":92,"column":4},"end":{"line":130,"column":null}},"23":{"start":{"line":93,"column":18},"end":{"line":96,"column":null}},"24":{"start":{"line":98,"column":21},"end":{"line":98,"column":null}},"25":{"start":{"line":101,"column":6},"end":{"line":108,"column":null}},"26":{"start":{"line":102,"column":8},"end":{"line":102,"column":null}},"27":{"start":{"line":103,"column":6},"end":{"line":108,"column":null}},"28":{"start":{"line":104,"column":26},"end":{"line":104,"column":null}},"29":{"start":{"line":105,"column":8},"end":{"line":105,"column":null}},"30":{"start":{"line":106,"column":6},"end":{"line":108,"column":null}},"31":{"start":{"line":107,"column":8},"end":{"line":107,"column":null}},"32":{"start":{"line":110,"column":29},"end":{"line":118,"column":null}},"33":{"start":{"line":119,"column":6},"end":{"line":119,"column":null}},"34":{"start":{"line":119,"column":28},"end":{"line":119,"column":44}},"35":{"start":{"line":121,"column":30},"end":{"line":126,"column":null}},"36":{"start":{"line":127,"column":6},"end":{"line":127,"column":null}},"37":{"start":{"line":127,"column":28},"end":{"line":127,"column":45}},"38":{"start":{"line":129,"column":6},"end":{"line":129,"column":null}},"39":{"start":{"line":134,"column":4},"end":{"line":137,"column":null}},"40":{"start":{"line":135,"column":6},"end":{"line":135,"column":null}},"41":{"start":{"line":136,"column":6},"end":{"line":136,"column":null}},"42":{"start":{"line":140,"column":2},"end":{"line":216,"column":null}},"43":{"start":{"line":173,"column":14},"end":{"line":173,"column":null}},"44":{"start":{"line":190,"column":33},"end":{"line":190,"column":null}}},"fnMap":{"0":{"name":"Bubble","decl":{"start":{"line":27,"column":9},"end":{"line":27,"column":16}},"loc":{"start":{"line":27,"column":51},"end":{"line":56,"column":null}},"line":27},"1":{"name":"AIAssistPanel","decl":{"start":{"line":65,"column":16},"end":{"line":65,"column":30}},"loc":{"start":{"line":65,"column":71},"end":{"line":218,"column":null}},"line":65},"2":{"name":"(anonymous_2)","decl":{"start":{"line":73,"column":12},"end":{"line":73,"column":18}},"loc":{"start":{"line":73,"column":18},"end":{"line":77,"column":5}},"line":73},"3":{"name":"handleSend","decl":{"start":{"line":79,"column":17},"end":{"line":79,"column":30}},"loc":{"start":{"line":79,"column":30},"end":{"line":131,"column":null}},"line":79},"4":{"name":"(anonymous_4)","decl":{"start":{"line":88,"column":16},"end":{"line":88,"column":17}},"loc":{"start":{"line":88,"column":26},"end":{"line":88,"column":44}},"line":88},"5":{"name":"(anonymous_5)","decl":{"start":{"line":119,"column":18},"end":{"line":119,"column":19}},"loc":{"start":{"line":119,"column":28},"end":{"line":119,"column":44}},"line":119},"6":{"name":"(anonymous_6)","decl":{"start":{"line":127,"column":18},"end":{"line":127,"column":19}},"loc":{"start":{"line":127,"column":28},"end":{"line":127,"column":45}},"line":127},"7":{"name":"handleKeyDown","decl":{"start":{"line":133,"column":11},"end":{"line":133,"column":25}},"loc":{"start":{"line":133,"column":70},"end":{"line":138,"column":null}},"line":133},"8":{"name":"(anonymous_8)","decl":{"start":{"line":172,"column":26},"end":{"line":172,"column":27}},"loc":{"start":{"line":173,"column":14},"end":{"line":173,"column":null}},"line":173},"9":{"name":"(anonymous_9)","decl":{"start":{"line":190,"column":26},"end":{"line":190,"column":27}},"loc":{"start":{"line":190,"column":33},"end":{"line":190,"column":null}},"line":190}},"branchMap":{"0":{"loc":{"start":{"line":28,"column":2},"end":{"line":36,"column":null}},"type":"if","locations":[{"start":{"line":28,"column":2},"end":{"line":36,"column":null}},{"start":{},"end":{}}],"line":28},"1":{"loc":{"start":{"line":38,"column":2},"end":{"line":47,"column":null}},"type":"if","locations":[{"start":{"line":38,"column":2},"end":{"line":47,"column":null}},{"start":{},"end":{}}],"line":38},"2":{"loc":{"start":{"line":74,"column":4},"end":{"line":76,"column":null}},"type":"if","locations":[{"start":{"line":74,"column":4},"end":{"line":76,"column":null}},{"start":{},"end":{}}],"line":74},"3":{"loc":{"start":{"line":81,"column":4},"end":{"line":81,"column":null}},"type":"if","locations":[{"start":{"line":81,"column":4},"end":{"line":81,"column":null}},{"start":{},"end":{}}],"line":81},"4":{"loc":{"start":{"line":81,"column":8},"end":{"line":81,"column":29}},"type":"binary-expr","locations":[{"start":{"line":81,"column":8},"end":{"line":81,"column":20}},{"start":{"line":81,"column":20},"end":{"line":81,"column":29}}],"line":81},"5":{"loc":{"start":{"line":101,"column":6},"end":{"line":108,"column":null}},"type":"if","locations":[{"start":{"line":101,"column":6},"end":{"line":108,"column":null}},{"start":{"line":103,"column":6},"end":{"line":108,"column":null}}],"line":101},"6":{"loc":{"start":{"line":101,"column":10},"end":{"line":101,"column":75}},"type":"binary-expr","locations":[{"start":{"line":101,"column":10},"end":{"line":101,"column":49}},{"start":{"line":101,"column":49},"end":{"line":101,"column":75}}],"line":101},"7":{"loc":{"start":{"line":103,"column":6},"end":{"line":108,"column":null}},"type":"if","locations":[{"start":{"line":103,"column":6},"end":{"line":108,"column":null}},{"start":{"line":106,"column":6},"end":{"line":108,"column":null}}],"line":103},"8":{"loc":{"start":{"line":103,"column":17},"end":{"line":103,"column":77}},"type":"binary-expr","locations":[{"start":{"line":103,"column":17},"end":{"line":103,"column":50}},{"start":{"line":103,"column":50},"end":{"line":103,"column":77}}],"line":103},"9":{"loc":{"start":{"line":105,"column":43},"end":{"line":105,"column":58}},"type":"binary-expr","locations":[{"start":{"line":105,"column":43},"end":{"line":105,"column":56}},{"start":{"line":105,"column":56},"end":{"line":105,"column":58}}],"line":105},"10":{"loc":{"start":{"line":106,"column":6},"end":{"line":108,"column":null}},"type":"if","locations":[{"start":{"line":106,"column":6},"end":{"line":108,"column":null}},{"start":{},"end":{}}],"line":106},"11":{"loc":{"start":{"line":106,"column":17},"end":{"line":106,"column":77}},"type":"binary-expr","locations":[{"start":{"line":106,"column":17},"end":{"line":106,"column":52}},{"start":{"line":106,"column":52},"end":{"line":106,"column":77}}],"line":106},"12":{"loc":{"start":{"line":114,"column":10},"end":{"line":117,"column":null}},"type":"binary-expr","locations":[{"start":{"line":114,"column":10},"end":{"line":114,"column":null}},{"start":{"line":115,"column":11},"end":{"line":117,"column":null}}],"line":114},"13":{"loc":{"start":{"line":115,"column":11},"end":{"line":117,"column":null}},"type":"cond-expr","locations":[{"start":{"line":116,"column":14},"end":{"line":116,"column":null}},{"start":{"line":117,"column":14},"end":{"line":117,"column":null}}],"line":115},"14":{"loc":{"start":{"line":134,"column":4},"end":{"line":137,"column":null}},"type":"if","locations":[{"start":{"line":134,"column":4},"end":{"line":137,"column":null}},{"start":{},"end":{}}],"line":134},"15":{"loc":{"start":{"line":134,"column":8},"end":{"line":134,"column":42}},"type":"binary-expr","locations":[{"start":{"line":134,"column":8},"end":{"line":134,"column":29}},{"start":{"line":134,"column":29},"end":{"line":134,"column":42}}],"line":134},"16":{"loc":{"start":{"line":142,"column":7},"end":{"line":214,"column":null}},"type":"binary-expr","locations":[{"start":{"line":142,"column":7},"end":{"line":142,"column":null}},{"start":{"line":143,"column":8},"end":{"line":214,"column":null}}],"line":142},"17":{"loc":{"start":{"line":175,"column":13},"end":{"line":181,"column":null}},"type":"binary-expr","locations":[{"start":{"line":175,"column":13},"end":{"line":175,"column":null}},{"start":{"line":176,"column":14},"end":{"line":181,"column":null}}],"line":175},"18":{"loc":{"start":{"line":200,"column":26},"end":{"line":200,"column":null}},"type":"binary-expr","locations":[{"start":{"line":200,"column":26},"end":{"line":200,"column":43}},{"start":{"line":200,"column":43},"end":{"line":200,"column":null}}],"line":200}},"s":{"0":1,"1":213,"2":12,"3":201,"4":2,"5":199,"6":197,"7":197,"8":197,"9":197,"10":197,"11":197,"12":26,"13":25,"14":7,"15":7,"16":0,"17":7,"18":7,"19":7,"20":7,"21":7,"22":7,"23":7,"24":3,"25":3,"26":1,"27":2,"28":0,"29":0,"30":2,"31":0,"32":3,"33":7,"34":3,"35":4,"36":4,"37":4,"38":7,"39":172,"40":1,"41":1,"42":197,"43":213,"44":171},"f":{"0":213,"1":197,"2":26,"3":7,"4":7,"5":3,"6":4,"7":172,"8":213,"9":171},"b":{"0":[12,201],"1":[2,199],"2":[25,1],"3":[0,7],"4":[7,7],"5":[1,2],"6":[3,1],"7":[0,2],"8":[2,0],"9":[0,0],"10":[0,2],"11":[2,0],"12":[3,0],"13":[0,0],"14":[1,171],"15":[172,1],"16":[197,196],"17":[196,7],"18":[196,171]},"meta":{"lastBranch":19,"lastFunction":10,"lastStatement":45,"seen":{"s:18:33:23:Infinity":0,"f:27:9:27:16":0,"b:28:2:36:Infinity:undefined:undefined:undefined:undefined":0,"s:28:2:36:Infinity":1,"s:29:4:34:Infinity":2,"b:38:2:47:Infinity:undefined:undefined:undefined:undefined":1,"s:38:2:47:Infinity":3,"s:39:4:45:Infinity":4,"s:49:2:54:Infinity":5,"f:65:16:65:30":1,"s:66:59:66:Infinity":6,"s:67:30:67:Infinity":7,"s:68:24:68:Infinity":8,"s:69:28:69:Infinity":9,"s:70:8:70:Infinity":10,"s:73:2:77:Infinity":11,"f:73:12:73:18":2,"b:74:4:76:Infinity:undefined:undefined:undefined:undefined":2,"s:74:4:76:Infinity":12,"s:75:6:75:Infinity":13,"f:79:17:79:30":3,"s:80:20:80:Infinity":14,"b:81:4:81:Infinity:undefined:undefined:undefined:undefined":3,"s:81:4:81:Infinity":15,"b:81:8:81:20:81:20:81:29":4,"s:81:29:81:Infinity":16,"s:83:29:87:Infinity":17,"s:88:4:88:Infinity":18,"f:88:16:88:17":4,"s:88:26:88:44":19,"s:89:4:89:Infinity":20,"s:90:4:90:Infinity":21,"s:92:4:130:Infinity":22,"s:93:18:96:Infinity":23,"s:98:21:98:Infinity":24,"b:101:6:108:Infinity:103:6:108:Infinity":5,"s:101:6:108:Infinity":25,"b:101:10:101:49:101:49:101:75":6,"s:102:8:102:Infinity":26,"b:103:6:108:Infinity:106:6:108:Infinity":7,"s:103:6:108:Infinity":27,"b:103:17:103:50:103:50:103:77":8,"s:104:26:104:Infinity":28,"s:105:8:105:Infinity":29,"b:105:43:105:56:105:56:105:58":9,"b:106:6:108:Infinity:undefined:undefined:undefined:undefined":10,"s:106:6:108:Infinity":30,"b:106:17:106:52:106:52:106:77":11,"s:107:8:107:Infinity":31,"s:110:29:118:Infinity":32,"b:114:10:114:Infinity:115:11:117:Infinity":12,"b:116:14:116:Infinity:117:14:117:Infinity":13,"s:119:6:119:Infinity":33,"f:119:18:119:19":5,"s:119:28:119:44":34,"s:121:30:126:Infinity":35,"s:127:6:127:Infinity":36,"f:127:18:127:19":6,"s:127:28:127:45":37,"s:129:6:129:Infinity":38,"f:133:11:133:25":7,"b:134:4:137:Infinity:undefined:undefined:undefined:undefined":14,"s:134:4:137:Infinity":39,"b:134:8:134:29:134:29:134:42":15,"s:135:6:135:Infinity":40,"s:136:6:136:Infinity":41,"s:140:2:216:Infinity":42,"b:142:7:142:Infinity:143:8:214:Infinity":16,"f:172:26:172:27":8,"s:173:14:173:Infinity":43,"b:175:13:175:Infinity:176:14:181:Infinity":17,"f:190:26:190:27":9,"s:190:33:190:Infinity":44,"b:200:26:200:43:200:43:200:Infinity":18}}}
,"/Users/david/dev/señal/señal-front/src/components/form-editor/EditorCanvas.tsx": {"path":"/Users/david/dev/señal/señal-front/src/components/form-editor/EditorCanvas.tsx","statementMap":{"0":{"start":{"line":41,"column":2},"end":{"line":44,"column":null}},"1":{"start":{"line":46,"column":16},"end":{"line":49,"column":null}},"2":{"start":{"line":51,"column":2},"end":{"line":58,"column":null}},"3":{"start":{"line":71,"column":2},"end":{"line":71,"column":null}},"4":{"start":{"line":73,"column":23},"end":{"line":73,"column":null}},"5":{"start":{"line":75,"column":40},"end":{"line":75,"column":null}},"6":{"start":{"line":76,"column":36},"end":{"line":76,"column":null}},"7":{"start":{"line":78,"column":26},"end":{"line":78,"column":null}},"8":{"start":{"line":80,"column":8},"end":{"line":87,"column":null}},"9":{"start":{"line":90,"column":23},"end":{"line":90,"column":null}},"10":{"start":{"line":91,"column":17},"end":{"line":91,"column":null}},"11":{"start":{"line":93,"column":4},"end":{"line":102,"column":null}},"12":{"start":{"line":94,"column":18},"end":{"line":94,"column":null}},"13":{"start":{"line":94,"column":39},"end":{"line":94,"column":57}},"14":{"start":{"line":95,"column":6},"end":{"line":95,"column":null}},"15":{"start":{"line":96,"column":6},"end":{"line":96,"column":null}},"16":{"start":{"line":97,"column":4},"end":{"line":102,"column":null}},"17":{"start":{"line":98,"column":18},"end":{"line":98,"column":null}},"18":{"start":{"line":98,"column":39},"end":{"line":98,"column":62}},"19":{"start":{"line":99,"column":20},"end":{"line":99,"column":null}},"20":{"start":{"line":99,"column":44},"end":{"line":99,"column":62}},"21":{"start":{"line":100,"column":6},"end":{"line":100,"column":null}},"22":{"start":{"line":101,"column":6},"end":{"line":101,"column":null}},"23":{"start":{"line":106,"column":4},"end":{"line":106,"column":null}},"24":{"start":{"line":110,"column":29},"end":{"line":110,"column":null}},"25":{"start":{"line":111,"column":4},"end":{"line":111,"column":null}},"26":{"start":{"line":112,"column":4},"end":{"line":112,"column":null}},"27":{"start":{"line":113,"column":4},"end":{"line":113,"column":null}},"28":{"start":{"line":115,"column":4},"end":{"line":115,"column":null}},"29":{"start":{"line":115,"column":40},"end":{"line":115,"column":null}},"30":{"start":{"line":117,"column":23},"end":{"line":117,"column":null}},"31":{"start":{"line":118,"column":21},"end":{"line":118,"column":null}},"32":{"start":{"line":121,"column":4},"end":{"line":128,"column":null}},"33":{"start":{"line":122,"column":24},"end":{"line":122,"column":null}},"34":{"start":{"line":122,"column":50},"end":{"line":122,"column":68}},"35":{"start":{"line":123,"column":22},"end":{"line":123,"column":null}},"36":{"start":{"line":123,"column":48},"end":{"line":123,"column":64}},"37":{"start":{"line":124,"column":6},"end":{"line":126,"column":null}},"38":{"start":{"line":125,"column":8},"end":{"line":125,"column":null}},"39":{"start":{"line":127,"column":6},"end":{"line":127,"column":null}},"40":{"start":{"line":131,"column":4},"end":{"line":172,"column":null}},"41":{"start":{"line":132,"column":28},"end":{"line":132,"column":null}},"42":{"start":{"line":133,"column":26},"end":{"line":133,"column":null}},"43":{"start":{"line":133,"column":47},"end":{"line":133,"column":69}},"44":{"start":{"line":134,"column":6},"end":{"line":134,"column":null}},"45":{"start":{"line":134,"column":24},"end":{"line":134,"column":null}},"46":{"start":{"line":136,"column":24},"end":{"line":136,"column":null}},"47":{"start":{"line":136,"column":60},"end":{"line":136,"column":78}},"48":{"start":{"line":137,"column":6},"end":{"line":137,"column":null}},"49":{"start":{"line":137,"column":28},"end":{"line":137,"column":null}},"50":{"start":{"line":143,"column":6},"end":{"line":165,"column":null}},"51":{"start":{"line":145,"column":8},"end":{"line":145,"column":null}},"52":{"start":{"line":146,"column":26},"end":{"line":146,"column":null}},"53":{"start":{"line":146,"column":47},"end":{"line":146,"column":67}},"54":{"start":{"line":147,"column":8},"end":{"line":147,"column":null}},"55":{"start":{"line":147,"column":24},"end":{"line":147,"column":null}},"56":{"start":{"line":148,"column":8},"end":{"line":148,"column":null}},"57":{"start":{"line":148,"column":52},"end":{"line":148,"column":68}},"58":{"start":{"line":149,"column":8},"end":{"line":149,"column":null}},"59":{"start":{"line":149,"column":28},"end":{"line":149,"column":null}},"60":{"start":{"line":150,"column":6},"end":{"line":165,"column":null}},"61":{"start":{"line":152,"column":8},"end":{"line":152,"column":null}},"62":{"start":{"line":153,"column":26},"end":{"line":153,"column":null}},"63":{"start":{"line":153,"column":47},"end":{"line":153,"column":67}},"64":{"start":{"line":154,"column":8},"end":{"line":154,"column":null}},"65":{"start":{"line":154,"column":24},"end":{"line":154,"column":null}},"66":{"start":{"line":155,"column":8},"end":{"line":155,"column":null}},"67":{"start":{"line":158,"column":25},"end":{"line":158,"column":null}},"68":{"start":{"line":158,"column":46},"end":{"line":158,"column":62}},"69":{"start":{"line":159,"column":8},"end":{"line":164,"column":null}},"70":{"start":{"line":160,"column":10},"end":{"line":160,"column":null}},"71":{"start":{"line":161,"column":10},"end":{"line":161,"column":null}},"72":{"start":{"line":163,"column":10},"end":{"line":163,"column":null}},"73":{"start":{"line":167,"column":6},"end":{"line":171,"column":null}},"74":{"start":{"line":168,"column":8},"end":{"line":168,"column":null}},"75":{"start":{"line":170,"column":8},"end":{"line":170,"column":null}},"76":{"start":{"line":175,"column":21},"end":{"line":175,"column":null}},"77":{"start":{"line":175,"column":41},"end":{"line":175,"column":45}},"78":{"start":{"line":177,"column":2},"end":{"line":216,"column":null}},"79":{"start":{"line":188,"column":12},"end":{"line":188,"column":null}},"80":{"start":{"line":195,"column":23},"end":{"line":195,"column":null}}},"fnMap":{"0":{"name":"SortableSectionWrapper","decl":{"start":{"line":33,"column":9},"end":{"line":33,"column":32}},"loc":{"start":{"line":33,"column":74},"end":{"line":60,"column":null}},"line":33},"1":{"name":"EditorCanvas","decl":{"start":{"line":64,"column":16},"end":{"line":64,"column":31}},"loc":{"start":{"line":64,"column":31},"end":{"line":218,"column":null}},"line":64},"2":{"name":"handleDragStart","decl":{"start":{"line":89,"column":11},"end":{"line":89,"column":27}},"loc":{"start":{"line":89,"column":50},"end":{"line":103,"column":null}},"line":89},"3":{"name":"(anonymous_3)","decl":{"start":{"line":94,"column":32},"end":{"line":94,"column":33}},"loc":{"start":{"line":94,"column":39},"end":{"line":94,"column":57}},"line":94},"4":{"name":"(anonymous_4)","decl":{"start":{"line":98,"column":32},"end":{"line":98,"column":33}},"loc":{"start":{"line":98,"column":39},"end":{"line":98,"column":62}},"line":98},"5":{"name":"(anonymous_5)","decl":{"start":{"line":99,"column":37},"end":{"line":99,"column":38}},"loc":{"start":{"line":99,"column":44},"end":{"line":99,"column":62}},"line":99},"6":{"name":"handleDragOver","decl":{"start":{"line":105,"column":11},"end":{"line":105,"column":26}},"loc":{"start":{"line":105,"column":48},"end":{"line":107,"column":null}},"line":105},"7":{"name":"handleDragEnd","decl":{"start":{"line":109,"column":11},"end":{"line":109,"column":25}},"loc":{"start":{"line":109,"column":46},"end":{"line":173,"column":null}},"line":109},"8":{"name":"(anonymous_8)","decl":{"start":{"line":122,"column":43},"end":{"line":122,"column":44}},"loc":{"start":{"line":122,"column":50},"end":{"line":122,"column":68}},"line":122},"9":{"name":"(anonymous_9)","decl":{"start":{"line":123,"column":41},"end":{"line":123,"column":42}},"loc":{"start":{"line":123,"column":48},"end":{"line":123,"column":64}},"line":123},"10":{"name":"(anonymous_10)","decl":{"start":{"line":133,"column":40},"end":{"line":133,"column":41}},"loc":{"start":{"line":133,"column":47},"end":{"line":133,"column":69}},"line":133},"11":{"name":"(anonymous_11)","decl":{"start":{"line":136,"column":53},"end":{"line":136,"column":54}},"loc":{"start":{"line":136,"column":60},"end":{"line":136,"column":78}},"line":136},"12":{"name":"(anonymous_12)","decl":{"start":{"line":146,"column":40},"end":{"line":146,"column":41}},"loc":{"start":{"line":146,"column":47},"end":{"line":146,"column":67}},"line":146},"13":{"name":"(anonymous_13)","decl":{"start":{"line":148,"column":45},"end":{"line":148,"column":46}},"loc":{"start":{"line":148,"column":52},"end":{"line":148,"column":68}},"line":148},"14":{"name":"(anonymous_14)","decl":{"start":{"line":153,"column":40},"end":{"line":153,"column":41}},"loc":{"start":{"line":153,"column":47},"end":{"line":153,"column":67}},"line":153},"15":{"name":"(anonymous_15)","decl":{"start":{"line":158,"column":39},"end":{"line":158,"column":40}},"loc":{"start":{"line":158,"column":46},"end":{"line":158,"column":62}},"line":158},"16":{"name":"(anonymous_16)","decl":{"start":{"line":175,"column":34},"end":{"line":175,"column":35}},"loc":{"start":{"line":175,"column":41},"end":{"line":175,"column":45}},"line":175},"17":{"name":"(anonymous_17)","decl":{"start":{"line":187,"column":24},"end":{"line":187,"column":25}},"loc":{"start":{"line":188,"column":12},"end":{"line":188,"column":null}},"line":188},"18":{"name":"(anonymous_18)","decl":{"start":{"line":195,"column":17},"end":{"line":195,"column":23}},"loc":{"start":{"line":195,"column":23},"end":{"line":195,"column":null}},"line":195}},"branchMap":{"0":{"loc":{"start":{"line":93,"column":4},"end":{"line":102,"column":null}},"type":"if","locations":[{"start":{"line":93,"column":4},"end":{"line":102,"column":null}},{"start":{"line":97,"column":4},"end":{"line":102,"column":null}}],"line":93},"1":{"loc":{"start":{"line":95,"column":23},"end":{"line":95,"column":34}},"type":"binary-expr","locations":[{"start":{"line":95,"column":23},"end":{"line":95,"column":30}},{"start":{"line":95,"column":30},"end":{"line":95,"column":34}}],"line":95},"2":{"loc":{"start":{"line":97,"column":4},"end":{"line":102,"column":null}},"type":"if","locations":[{"start":{"line":97,"column":4},"end":{"line":102,"column":null}},{"start":{},"end":{}}],"line":97},"3":{"loc":{"start":{"line":100,"column":21},"end":{"line":100,"column":72}},"type":"cond-expr","locations":[{"start":{"line":100,"column":29},"end":{"line":100,"column":68}},{"start":{"line":100,"column":68},"end":{"line":100,"column":72}}],"line":100},"4":{"loc":{"start":{"line":106,"column":14},"end":{"line":106,"column":46}},"type":"binary-expr","locations":[{"start":{"line":106,"column":14},"end":{"line":106,"column":42}},{"start":{"line":106,"column":42},"end":{"line":106,"column":46}}],"line":106},"5":{"loc":{"start":{"line":115,"column":4},"end":{"line":115,"column":null}},"type":"if","locations":[{"start":{"line":115,"column":4},"end":{"line":115,"column":null}},{"start":{},"end":{}}],"line":115},"6":{"loc":{"start":{"line":115,"column":8},"end":{"line":115,"column":40}},"type":"binary-expr","locations":[{"start":{"line":115,"column":8},"end":{"line":115,"column":17}},{"start":{"line":115,"column":17},"end":{"line":115,"column":40}}],"line":115},"7":{"loc":{"start":{"line":121,"column":4},"end":{"line":128,"column":null}},"type":"if","locations":[{"start":{"line":121,"column":4},"end":{"line":128,"column":null}},{"start":{},"end":{}}],"line":121},"8":{"loc":{"start":{"line":124,"column":6},"end":{"line":126,"column":null}},"type":"if","locations":[{"start":{"line":124,"column":6},"end":{"line":126,"column":null}},{"start":{},"end":{}}],"line":124},"9":{"loc":{"start":{"line":124,"column":10},"end":{"line":124,"column":46}},"type":"binary-expr","locations":[{"start":{"line":124,"column":10},"end":{"line":124,"column":30}},{"start":{"line":124,"column":30},"end":{"line":124,"column":46}}],"line":124},"10":{"loc":{"start":{"line":131,"column":4},"end":{"line":172,"column":null}},"type":"if","locations":[{"start":{"line":131,"column":4},"end":{"line":172,"column":null}},{"start":{},"end":{}}],"line":131},"11":{"loc":{"start":{"line":134,"column":6},"end":{"line":134,"column":null}},"type":"if","locations":[{"start":{"line":134,"column":6},"end":{"line":134,"column":null}},{"start":{},"end":{}}],"line":134},"12":{"loc":{"start":{"line":137,"column":6},"end":{"line":137,"column":null}},"type":"if","locations":[{"start":{"line":137,"column":6},"end":{"line":137,"column":null}},{"start":{},"end":{}}],"line":137},"13":{"loc":{"start":{"line":143,"column":6},"end":{"line":165,"column":null}},"type":"if","locations":[{"start":{"line":143,"column":6},"end":{"line":165,"column":null}},{"start":{"line":150,"column":6},"end":{"line":165,"column":null}}],"line":143},"14":{"loc":{"start":{"line":147,"column":8},"end":{"line":147,"column":null}},"type":"if","locations":[{"start":{"line":147,"column":8},"end":{"line":147,"column":null}},{"start":{},"end":{}}],"line":147},"15":{"loc":{"start":{"line":149,"column":8},"end":{"line":149,"column":null}},"type":"if","locations":[{"start":{"line":149,"column":8},"end":{"line":149,"column":null}},{"start":{},"end":{}}],"line":149},"16":{"loc":{"start":{"line":150,"column":6},"end":{"line":165,"column":null}},"type":"if","locations":[{"start":{"line":150,"column":6},"end":{"line":165,"column":null}},{"start":{"line":156,"column":13},"end":{"line":165,"column":null}}],"line":150},"17":{"loc":{"start":{"line":154,"column":8},"end":{"line":154,"column":null}},"type":"if","locations":[{"start":{"line":154,"column":8},"end":{"line":154,"column":null}},{"start":{},"end":{}}],"line":154},"18":{"loc":{"start":{"line":159,"column":8},"end":{"line":164,"column":null}},"type":"if","locations":[{"start":{"line":159,"column":8},"end":{"line":164,"column":null}},{"start":{"line":162,"column":15},"end":{"line":164,"column":null}}],"line":159},"19":{"loc":{"start":{"line":167,"column":6},"end":{"line":171,"column":null}},"type":"if","locations":[{"start":{"line":167,"column":6},"end":{"line":171,"column":null}},{"start":{"line":169,"column":13},"end":{"line":171,"column":null}}],"line":167},"20":{"loc":{"start":{"line":205,"column":9},"end":{"line":208,"column":null}},"type":"binary-expr","locations":[{"start":{"line":205,"column":9},"end":{"line":205,"column":null}},{"start":{"line":206,"column":10},"end":{"line":208,"column":null}}],"line":205},"21":{"loc":{"start":{"line":210,"column":9},"end":{"line":213,"column":null}},"type":"binary-expr","locations":[{"start":{"line":210,"column":9},"end":{"line":210,"column":null}},{"start":{"line":211,"column":10},"end":{"line":213,"column":null}}],"line":210}},"s":{"0":4,"1":4,"2":4,"3":6,"4":6,"5":6,"6":6,"7":6,"8":6,"9":0,"10":0,"11":0,"12":0,"13":0,"14":0,"15":0,"16":0,"17":0,"18":0,"19":0,"20":0,"21":0,"22":0,"23":0,"24":0,"25":0,"26":0,"27":0,"28":0,"29":0,"30":0,"31":0,"32":0,"33":0,"34":0,"35":0,"36":0,"37":0,"38":0,"39":0,"40":0,"41":0,"42":0,"43":0,"44":0,"45":0,"46":0,"47":0,"48":0,"49":0,"50":0,"51":0,"52":0,"53":0,"54":0,"55":0,"56":0,"57":0,"58":0,"59":0,"60":0,"61":0,"62":0,"63":0,"64":0,"65":0,"66":0,"67":0,"68":0,"69":0,"70":0,"71":0,"72":0,"73":0,"74":0,"75":0,"76":6,"77":4,"78":6,"79":4,"80":1},"f":{"0":4,"1":6,"2":0,"3":0,"4":0,"5":0,"6":0,"7":0,"8":0,"9":0,"10":0,"11":0,"12":0,"13":0,"14":0,"15":0,"16":4,"17":4,"18":1},"b":{"0":[0,0],"1":[0,0],"2":[0,0],"3":[0,0],"4":[0,0],"5":[0,0],"6":[0,0],"7":[0,0],"8":[0,0],"9":[0,0],"10":[0,0],"11":[0,0],"12":[0,0],"13":[0,0],"14":[0,0],"15":[0,0],"16":[0,0],"17":[0,0],"18":[0,0],"19":[0,0],"20":[6,0],"21":[6,0]},"meta":{"lastBranch":22,"lastFunction":19,"lastStatement":81,"seen":{"f:33:9:33:32":0,"s:41:2:44:Infinity":0,"s:46:16:49:Infinity":1,"s:51:2:58:Infinity":2,"f:64:16:64:31":1,"s:71:2:71:Infinity":3,"s:73:23:73:Infinity":4,"s:75:40:75:Infinity":5,"s:76:36:76:Infinity":6,"s:78:26:78:Infinity":7,"s:80:8:87:Infinity":8,"f:89:11:89:27":2,"s:90:23:90:Infinity":9,"s:91:17:91:Infinity":10,"b:93:4:102:Infinity:97:4:102:Infinity":0,"s:93:4:102:Infinity":11,"s:94:18:94:Infinity":12,"f:94:32:94:33":3,"s:94:39:94:57":13,"s:95:6:95:Infinity":14,"b:95:23:95:30:95:30:95:34":1,"s:96:6:96:Infinity":15,"b:97:4:102:Infinity:undefined:undefined:undefined:undefined":2,"s:97:4:102:Infinity":16,"s:98:18:98:Infinity":17,"f:98:32:98:33":4,"s:98:39:98:62":18,"s:99:20:99:Infinity":19,"f:99:37:99:38":5,"s:99:44:99:62":20,"s:100:6:100:Infinity":21,"b:100:29:100:68:100:68:100:72":3,"s:101:6:101:Infinity":22,"f:105:11:105:26":6,"s:106:4:106:Infinity":23,"b:106:14:106:42:106:42:106:46":4,"f:109:11:109:25":7,"s:110:29:110:Infinity":24,"s:111:4:111:Infinity":25,"s:112:4:112:Infinity":26,"s:113:4:113:Infinity":27,"b:115:4:115:Infinity:undefined:undefined:undefined:undefined":5,"s:115:4:115:Infinity":28,"b:115:8:115:17:115:17:115:40":6,"s:115:40:115:Infinity":29,"s:117:23:117:Infinity":30,"s:118:21:118:Infinity":31,"b:121:4:128:Infinity:undefined:undefined:undefined:undefined":7,"s:121:4:128:Infinity":32,"s:122:24:122:Infinity":33,"f:122:43:122:44":8,"s:122:50:122:68":34,"s:123:22:123:Infinity":35,"f:123:41:123:42":9,"s:123:48:123:64":36,"b:124:6:126:Infinity:undefined:undefined:undefined:undefined":8,"s:124:6:126:Infinity":37,"b:124:10:124:30:124:30:124:46":9,"s:125:8:125:Infinity":38,"s:127:6:127:Infinity":39,"b:131:4:172:Infinity:undefined:undefined:undefined:undefined":10,"s:131:4:172:Infinity":40,"s:132:28:132:Infinity":41,"s:133:26:133:Infinity":42,"f:133:40:133:41":10,"s:133:47:133:69":43,"b:134:6:134:Infinity:undefined:undefined:undefined:undefined":11,"s:134:6:134:Infinity":44,"s:134:24:134:Infinity":45,"s:136:24:136:Infinity":46,"f:136:53:136:54":11,"s:136:60:136:78":47,"b:137:6:137:Infinity:undefined:undefined:undefined:undefined":12,"s:137:6:137:Infinity":48,"s:137:28:137:Infinity":49,"b:143:6:165:Infinity:150:6:165:Infinity":13,"s:143:6:165:Infinity":50,"s:145:8:145:Infinity":51,"s:146:26:146:Infinity":52,"f:146:40:146:41":12,"s:146:47:146:67":53,"b:147:8:147:Infinity:undefined:undefined:undefined:undefined":14,"s:147:8:147:Infinity":54,"s:147:24:147:Infinity":55,"s:148:8:148:Infinity":56,"f:148:45:148:46":13,"s:148:52:148:68":57,"b:149:8:149:Infinity:undefined:undefined:undefined:undefined":15,"s:149:8:149:Infinity":58,"s:149:28:149:Infinity":59,"b:150:6:165:Infinity:156:13:165:Infinity":16,"s:150:6:165:Infinity":60,"s:152:8:152:Infinity":61,"s:153:26:153:Infinity":62,"f:153:40:153:41":14,"s:153:47:153:67":63,"b:154:8:154:Infinity:undefined:undefined:undefined:undefined":17,"s:154:8:154:Infinity":64,"s:154:24:154:Infinity":65,"s:155:8:155:Infinity":66,"s:158:25:158:Infinity":67,"f:158:39:158:40":15,"s:158:46:158:62":68,"b:159:8:164:Infinity:162:15:164:Infinity":18,"s:159:8:164:Infinity":69,"s:160:10:160:Infinity":70,"s:161:10:161:Infinity":71,"s:163:10:163:Infinity":72,"b:167:6:171:Infinity:169:13:171:Infinity":19,"s:167:6:171:Infinity":73,"s:168:8:168:Infinity":74,"s:170:8:170:Infinity":75,"s:175:21:175:Infinity":76,"f:175:34:175:35":16,"s:175:41:175:45":77,"s:177:2:216:Infinity":78,"f:187:24:187:25":17,"s:188:12:188:Infinity":79,"f:195:17:195:23":18,"s:195:23:195:Infinity":80,"b:205:9:205:Infinity:206:10:208:Infinity":20,"b:210:9:210:Infinity:211:10:213:Infinity":21}}}
,"/Users/david/dev/señal/señal-front/src/components/form-editor/FieldRow.tsx": {"path":"/Users/david/dev/señal/señal-front/src/components/form-editor/FieldRow.tsx","statementMap":{"0":{"start":{"line":17,"column":22},"end":{"line":17,"column":null}},"1":{"start":{"line":18,"column":8},"end":{"line":18,"column":null}},"2":{"start":{"line":20,"column":2},"end":{"line":29,"column":null}},"3":{"start":{"line":21,"column":4},"end":{"line":21,"column":null}},"4":{"start":{"line":21,"column":15},"end":{"line":21,"column":null}},"5":{"start":{"line":23,"column":6},"end":{"line":25,"column":null}},"6":{"start":{"line":24,"column":8},"end":{"line":24,"column":null}},"7":{"start":{"line":27,"column":4},"end":{"line":27,"column":null}},"8":{"start":{"line":28,"column":4},"end":{"line":28,"column":null}},"9":{"start":{"line":28,"column":17},"end":{"line":28,"column":null}},"10":{"start":{"line":32,"column":4},"end":{"line":32,"column":null}},"11":{"start":{"line":33,"column":4},"end":{"line":33,"column":null}},"12":{"start":{"line":36,"column":2},"end":{"line":72,"column":null}},"13":{"start":{"line":39,"column":26},"end":{"line":39,"column":47}},"14":{"start":{"line":39,"column":47},"end":{"line":39,"column":66}},"15":{"start":{"line":39,"column":62},"end":{"line":39,"column":64}},"16":{"start":{"line":49,"column":27},"end":{"line":49,"column":null}},"17":{"start":{"line":56,"column":27},"end":{"line":56,"column":null}},"18":{"start":{"line":64,"column":27},"end":{"line":64,"column":null}},"19":{"start":{"line":86,"column":45},"end":{"line":86,"column":null}},"20":{"start":{"line":87,"column":24},"end":{"line":87,"column":null}},"21":{"start":{"line":90,"column":2},"end":{"line":92,"column":null}},"22":{"start":{"line":91,"column":4},"end":{"line":91,"column":null}},"23":{"start":{"line":95,"column":20},"end":{"line":95,"column":null}},"24":{"start":{"line":96,"column":4},"end":{"line":99,"column":null}},"25":{"start":{"line":97,"column":6},"end":{"line":97,"column":null}},"26":{"start":{"line":98,"column":6},"end":{"line":98,"column":null}},"27":{"start":{"line":100,"column":10},"end":{"line":100,"column":null}},"28":{"start":{"line":101,"column":4},"end":{"line":101,"column":null}},"29":{"start":{"line":105,"column":4},"end":{"line":107,"column":null}},"30":{"start":{"line":106,"column":6},"end":{"line":106,"column":null}},"31":{"start":{"line":111,"column":4},"end":{"line":111,"column":null}},"32":{"start":{"line":115,"column":4},"end":{"line":115,"column":null}},"33":{"start":{"line":119,"column":4},"end":{"line":127,"column":null}},"34":{"start":{"line":130,"column":2},"end":{"line":184,"column":null}},"35":{"start":{"line":162,"column":25},"end":{"line":162,"column":null}},"36":{"start":{"line":182,"column":24},"end":{"line":182,"column":null}}},"fnMap":{"0":{"name":"OptionsMenu","decl":{"start":{"line":16,"column":9},"end":{"line":16,"column":21}},"loc":{"start":{"line":16,"column":78},"end":{"line":74,"column":null}},"line":16},"1":{"name":"(anonymous_1)","decl":{"start":{"line":20,"column":12},"end":{"line":20,"column":18}},"loc":{"start":{"line":20,"column":18},"end":{"line":29,"column":5}},"line":20},"2":{"name":"handleClickOutside","decl":{"start":{"line":22,"column":13},"end":{"line":22,"column":32}},"loc":{"start":{"line":22,"column":47},"end":{"line":26,"column":null}},"line":22},"3":{"name":"(anonymous_3)","decl":{"start":{"line":28,"column":11},"end":{"line":28,"column":17}},"loc":{"start":{"line":28,"column":17},"end":{"line":28,"column":null}},"line":28},"4":{"name":"handle","decl":{"start":{"line":31,"column":11},"end":{"line":31,"column":18}},"loc":{"start":{"line":31,"column":34},"end":{"line":34,"column":null}},"line":31},"5":{"name":"(anonymous_5)","decl":{"start":{"line":39,"column":17},"end":{"line":39,"column":18}},"loc":{"start":{"line":39,"column":24},"end":{"line":39,"column":null}},"line":39},"6":{"name":"(anonymous_6)","decl":{"start":{"line":39,"column":55},"end":{"line":39,"column":56}},"loc":{"start":{"line":39,"column":62},"end":{"line":39,"column":64}},"line":39},"7":{"name":"(anonymous_7)","decl":{"start":{"line":49,"column":21},"end":{"line":49,"column":27}},"loc":{"start":{"line":49,"column":27},"end":{"line":49,"column":null}},"line":49},"8":{"name":"(anonymous_8)","decl":{"start":{"line":56,"column":21},"end":{"line":56,"column":27}},"loc":{"start":{"line":56,"column":27},"end":{"line":56,"column":null}},"line":56},"9":{"name":"(anonymous_9)","decl":{"start":{"line":64,"column":21},"end":{"line":64,"column":27}},"loc":{"start":{"line":64,"column":27},"end":{"line":64,"column":null}},"line":64},"10":{"name":"FieldRow","decl":{"start":{"line":85,"column":16},"end":{"line":85,"column":25}},"loc":{"start":{"line":85,"column":91},"end":{"line":186,"column":null}},"line":85},"11":{"name":"(anonymous_11)","decl":{"start":{"line":90,"column":12},"end":{"line":90,"column":18}},"loc":{"start":{"line":90,"column":18},"end":{"line":92,"column":5}},"line":90},"12":{"name":"commitLabel","decl":{"start":{"line":94,"column":11},"end":{"line":94,"column":25}},"loc":{"start":{"line":94,"column":25},"end":{"line":102,"column":null}},"line":94},"13":{"name":"handleLabelKeyDown","decl":{"start":{"line":104,"column":11},"end":{"line":104,"column":30}},"loc":{"start":{"line":104,"column":72},"end":{"line":108,"column":null}},"line":104},"14":{"name":"handleToggleRequired","decl":{"start":{"line":110,"column":11},"end":{"line":110,"column":34}},"loc":{"start":{"line":110,"column":34},"end":{"line":112,"column":null}},"line":110},"15":{"name":"handleTypeChange","decl":{"start":{"line":114,"column":11},"end":{"line":114,"column":28}},"loc":{"start":{"line":114,"column":55},"end":{"line":116,"column":null}},"line":114},"16":{"name":"handleDuplicate","decl":{"start":{"line":118,"column":11},"end":{"line":118,"column":29}},"loc":{"start":{"line":118,"column":29},"end":{"line":128,"column":null}},"line":118},"17":{"name":"(anonymous_17)","decl":{"start":{"line":162,"column":18},"end":{"line":162,"column":19}},"loc":{"start":{"line":162,"column":25},"end":{"line":162,"column":null}},"line":162},"18":{"name":"(anonymous_18)","decl":{"start":{"line":180,"column":20},"end":{"line":180,"column":26}},"loc":{"start":{"line":180,"column":26},"end":{"line":180,"column":null}},"line":180},"19":{"name":"(anonymous_19)","decl":{"start":{"line":182,"column":18},"end":{"line":182,"column":24}},"loc":{"start":{"line":182,"column":24},"end":{"line":182,"column":null}},"line":182}},"branchMap":{"0":{"loc":{"start":{"line":21,"column":4},"end":{"line":21,"column":null}},"type":"if","locations":[{"start":{"line":21,"column":4},"end":{"line":21,"column":null}},{"start":{},"end":{}}],"line":21},"1":{"loc":{"start":{"line":23,"column":6},"end":{"line":25,"column":null}},"type":"if","locations":[{"start":{"line":23,"column":6},"end":{"line":25,"column":null}},{"start":{},"end":{}}],"line":23},"2":{"loc":{"start":{"line":23,"column":10},"end":{"line":23,"column":66}},"type":"binary-expr","locations":[{"start":{"line":23,"column":10},"end":{"line":23,"column":25}},{"start":{"line":23,"column":25},"end":{"line":23,"column":66}}],"line":23},"3":{"loc":{"start":{"line":46,"column":7},"end":{"line":70,"column":null}},"type":"binary-expr","locations":[{"start":{"line":46,"column":7},"end":{"line":46,"column":null}},{"start":{"line":47,"column":8},"end":{"line":70,"column":null}}],"line":46},"4":{"loc":{"start":{"line":96,"column":4},"end":{"line":99,"column":null}},"type":"if","locations":[{"start":{"line":96,"column":4},"end":{"line":99,"column":null}},{"start":{},"end":{}}],"line":96},"5":{"loc":{"start":{"line":105,"column":4},"end":{"line":107,"column":null}},"type":"if","locations":[{"start":{"line":105,"column":4},"end":{"line":107,"column":null}},{"start":{},"end":{}}],"line":105},"6":{"loc":{"start":{"line":133,"column":8},"end":{"line":135,"column":null}},"type":"cond-expr","locations":[{"start":{"line":134,"column":12},"end":{"line":134,"column":null}},{"start":{"line":135,"column":12},"end":{"line":135,"column":null}}],"line":133},"7":{"loc":{"start":{"line":151,"column":15},"end":{"line":151,"column":null}},"type":"cond-expr","locations":[{"start":{"line":151,"column":32},"end":{"line":151,"column":74}},{"start":{"line":151,"column":74},"end":{"line":151,"column":null}}],"line":151},"8":{"loc":{"start":{"line":153,"column":10},"end":{"line":153,"column":null}},"type":"cond-expr","locations":[{"start":{"line":153,"column":27},"end":{"line":153,"column":50}},{"start":{"line":153,"column":50},"end":{"line":153,"column":null}}],"line":153},"9":{"loc":{"start":{"line":155,"column":20},"end":{"line":155,"column":null}},"type":"cond-expr","locations":[{"start":{"line":155,"column":37},"end":{"line":155,"column":57}},{"start":{"line":155,"column":57},"end":{"line":155,"column":null}}],"line":155}},"s":{"0":24,"1":24,"2":24,"3":13,"4":11,"5":2,"6":0,"7":2,"8":2,"9":2,"10":2,"11":2,"12":24,"13":2,"14":2,"15":2,"16":0,"17":1,"18":1,"19":26,"20":26,"21":26,"22":9,"23":1,"24":1,"25":0,"26":0,"27":1,"28":1,"29":9,"30":0,"31":1,"32":0,"33":1,"34":26,"35":9,"36":1},"f":{"0":24,"1":13,"2":2,"3":2,"4":2,"5":2,"6":2,"7":0,"8":1,"9":1,"10":26,"11":9,"12":1,"13":9,"14":1,"15":0,"16":1,"17":9,"18":0,"19":1},"b":{"0":[11,2],"1":[0,2],"2":[2,2],"3":[24,2],"4":[0,1],"5":[0,9],"6":[0,26],"7":[2,24],"8":[2,24],"9":[2,24]},"meta":{"lastBranch":10,"lastFunction":20,"lastStatement":37,"seen":{"f:16:9:16:21":0,"s:17:22:17:Infinity":0,"s:18:8:18:Infinity":1,"s:20:2:29:Infinity":2,"f:20:12:20:18":1,"b:21:4:21:Infinity:undefined:undefined:undefined:undefined":0,"s:21:4:21:Infinity":3,"s:21:15:21:Infinity":4,"f:22:13:22:32":2,"b:23:6:25:Infinity:undefined:undefined:undefined:undefined":1,"s:23:6:25:Infinity":5,"b:23:10:23:25:23:25:23:66":2,"s:24:8:24:Infinity":6,"s:27:4:27:Infinity":7,"s:28:4:28:Infinity":8,"f:28:11:28:17":3,"s:28:17:28:Infinity":9,"f:31:11:31:18":4,"s:32:4:32:Infinity":10,"s:33:4:33:Infinity":11,"s:36:2:72:Infinity":12,"f:39:17:39:18":5,"s:39:26:39:47":13,"s:39:47:39:66":14,"f:39:55:39:56":6,"s:39:62:39:64":15,"b:46:7:46:Infinity:47:8:70:Infinity":3,"f:49:21:49:27":7,"s:49:27:49:Infinity":16,"f:56:21:56:27":8,"s:56:27:56:Infinity":17,"f:64:21:64:27":9,"s:64:27:64:Infinity":18,"f:85:16:85:25":10,"s:86:45:86:Infinity":19,"s:87:24:87:Infinity":20,"s:90:2:92:Infinity":21,"f:90:12:90:18":11,"s:91:4:91:Infinity":22,"f:94:11:94:25":12,"s:95:20:95:Infinity":23,"b:96:4:99:Infinity:undefined:undefined:undefined:undefined":4,"s:96:4:99:Infinity":24,"s:97:6:97:Infinity":25,"s:98:6:98:Infinity":26,"s:100:10:100:Infinity":27,"s:101:4:101:Infinity":28,"f:104:11:104:30":13,"b:105:4:107:Infinity:undefined:undefined:undefined:undefined":5,"s:105:4:107:Infinity":29,"s:106:6:106:Infinity":30,"f:110:11:110:34":14,"s:111:4:111:Infinity":31,"f:114:11:114:28":15,"s:115:4:115:Infinity":32,"f:118:11:118:29":16,"s:119:4:127:Infinity":33,"s:130:2:184:Infinity":34,"b:134:12:134:Infinity:135:12:135:Infinity":6,"b:151:32:151:74:151:74:151:Infinity":7,"b:153:27:153:50:153:50:153:Infinity":8,"b:155:37:155:57:155:57:155:Infinity":9,"f:162:18:162:19":17,"s:162:25:162:Infinity":35,"f:180:20:180:26":18,"f:182:18:182:24":19,"s:182:24:182:Infinity":36}}}
,"/Users/david/dev/señal/señal-front/src/components/form-editor/FieldTypePopover.tsx": {"path":"/Users/david/dev/señal/señal-front/src/components/form-editor/FieldTypePopover.tsx","statementMap":{"0":{"start":{"line":19,"column":16},"end":{"line":19,"column":null}},"1":{"start":{"line":20,"column":2},"end":{"line":20,"column":null}},"2":{"start":{"line":20,"column":13},"end":{"line":20,"column":null}},"3":{"start":{"line":21,"column":2},"end":{"line":21,"column":null}},"4":{"start":{"line":37,"column":22},"end":{"line":37,"column":null}},"5":{"start":{"line":38,"column":8},"end":{"line":38,"column":null}},"6":{"start":{"line":41,"column":2},"end":{"line":50,"column":null}},"7":{"start":{"line":42,"column":4},"end":{"line":42,"column":null}},"8":{"start":{"line":42,"column":15},"end":{"line":42,"column":null}},"9":{"start":{"line":44,"column":6},"end":{"line":46,"column":null}},"10":{"start":{"line":45,"column":8},"end":{"line":45,"column":null}},"11":{"start":{"line":48,"column":4},"end":{"line":48,"column":null}},"12":{"start":{"line":49,"column":4},"end":{"line":49,"column":null}},"13":{"start":{"line":49,"column":17},"end":{"line":49,"column":null}},"14":{"start":{"line":53,"column":2},"end":{"line":60,"column":null}},"15":{"start":{"line":54,"column":4},"end":{"line":54,"column":null}},"16":{"start":{"line":54,"column":15},"end":{"line":54,"column":null}},"17":{"start":{"line":56,"column":6},"end":{"line":56,"column":null}},"18":{"start":{"line":56,"column":30},"end":{"line":56,"column":null}},"19":{"start":{"line":58,"column":4},"end":{"line":58,"column":null}},"20":{"start":{"line":59,"column":4},"end":{"line":59,"column":null}},"21":{"start":{"line":59,"column":17},"end":{"line":59,"column":null}},"22":{"start":{"line":63,"column":4},"end":{"line":63,"column":null}},"23":{"start":{"line":64,"column":4},"end":{"line":64,"column":null}},"24":{"start":{"line":67,"column":2},"end":{"line":104,"column":null}},"25":{"start":{"line":69,"column":26},"end":{"line":69,"column":52}},"26":{"start":{"line":69,"column":44},"end":{"line":69,"column":49}},"27":{"start":{"line":80,"column":29},"end":{"line":80,"column":null}},"28":{"start":{"line":81,"column":12},"end":{"line":99,"column":null}},"29":{"start":{"line":86,"column":31},"end":{"line":86,"column":null}}},"fnMap":{"0":{"name":"DynamicIcon","decl":{"start":{"line":18,"column":9},"end":{"line":18,"column":21}},"loc":{"start":{"line":18,"column":71},"end":{"line":22,"column":null}},"line":18},"1":{"name":"FieldTypePopover","decl":{"start":{"line":32,"column":16},"end":{"line":32,"column":33}},"loc":{"start":{"line":36,"column":26},"end":{"line":106,"column":null}},"line":36},"2":{"name":"(anonymous_2)","decl":{"start":{"line":41,"column":12},"end":{"line":41,"column":18}},"loc":{"start":{"line":41,"column":18},"end":{"line":50,"column":5}},"line":41},"3":{"name":"handleClickOutside","decl":{"start":{"line":43,"column":13},"end":{"line":43,"column":32}},"loc":{"start":{"line":43,"column":47},"end":{"line":47,"column":null}},"line":43},"4":{"name":"(anonymous_4)","decl":{"start":{"line":49,"column":11},"end":{"line":49,"column":17}},"loc":{"start":{"line":49,"column":17},"end":{"line":49,"column":null}},"line":49},"5":{"name":"(anonymous_5)","decl":{"start":{"line":53,"column":12},"end":{"line":53,"column":18}},"loc":{"start":{"line":53,"column":18},"end":{"line":60,"column":5}},"line":53},"6":{"name":"handleKeyDown","decl":{"start":{"line":55,"column":13},"end":{"line":55,"column":27}},"loc":{"start":{"line":55,"column":45},"end":{"line":57,"column":null}},"line":55},"7":{"name":"(anonymous_7)","decl":{"start":{"line":59,"column":11},"end":{"line":59,"column":17}},"loc":{"start":{"line":59,"column":17},"end":{"line":59,"column":null}},"line":59},"8":{"name":"handleSelect","decl":{"start":{"line":62,"column":11},"end":{"line":62,"column":24}},"loc":{"start":{"line":62,"column":41},"end":{"line":65,"column":null}},"line":62},"9":{"name":"(anonymous_9)","decl":{"start":{"line":69,"column":20},"end":{"line":69,"column":26}},"loc":{"start":{"line":69,"column":26},"end":{"line":69,"column":52}},"line":69},"10":{"name":"(anonymous_10)","decl":{"start":{"line":69,"column":34},"end":{"line":69,"column":35}},"loc":{"start":{"line":69,"column":44},"end":{"line":69,"column":49}},"line":69},"11":{"name":"(anonymous_11)","decl":{"start":{"line":79,"column":31},"end":{"line":79,"column":32}},"loc":{"start":{"line":79,"column":41},"end":{"line":101,"column":11}},"line":79},"12":{"name":"(anonymous_12)","decl":{"start":{"line":86,"column":25},"end":{"line":86,"column":31}},"loc":{"start":{"line":86,"column":31},"end":{"line":86,"column":null}},"line":86}},"branchMap":{"0":{"loc":{"start":{"line":18,"column":29},"end":{"line":18,"column":40}},"type":"default-arg","locations":[{"start":{"line":18,"column":36},"end":{"line":18,"column":40}}],"line":18},"1":{"loc":{"start":{"line":20,"column":2},"end":{"line":20,"column":null}},"type":"if","locations":[{"start":{"line":20,"column":2},"end":{"line":20,"column":null}},{"start":{},"end":{}}],"line":20},"2":{"loc":{"start":{"line":42,"column":4},"end":{"line":42,"column":null}},"type":"if","locations":[{"start":{"line":42,"column":4},"end":{"line":42,"column":null}},{"start":{},"end":{}}],"line":42},"3":{"loc":{"start":{"line":44,"column":6},"end":{"line":46,"column":null}},"type":"if","locations":[{"start":{"line":44,"column":6},"end":{"line":46,"column":null}},{"start":{},"end":{}}],"line":44},"4":{"loc":{"start":{"line":44,"column":10},"end":{"line":44,"column":84}},"type":"binary-expr","locations":[{"start":{"line":44,"column":10},"end":{"line":44,"column":34}},{"start":{"line":44,"column":34},"end":{"line":44,"column":84}}],"line":44},"5":{"loc":{"start":{"line":54,"column":4},"end":{"line":54,"column":null}},"type":"if","locations":[{"start":{"line":54,"column":4},"end":{"line":54,"column":null}},{"start":{},"end":{}}],"line":54},"6":{"loc":{"start":{"line":56,"column":6},"end":{"line":56,"column":null}},"type":"if","locations":[{"start":{"line":56,"column":6},"end":{"line":56,"column":null}},{"start":{},"end":{}}],"line":56},"7":{"loc":{"start":{"line":73,"column":7},"end":{"line":102,"column":null}},"type":"binary-expr","locations":[{"start":{"line":73,"column":7},"end":{"line":73,"column":null}},{"start":{"line":74,"column":8},"end":{"line":102,"column":null}}],"line":73},"8":{"loc":{"start":{"line":88,"column":18},"end":{"line":90,"column":null}},"type":"cond-expr","locations":[{"start":{"line":89,"column":22},"end":{"line":89,"column":null}},{"start":{"line":90,"column":22},"end":{"line":90,"column":null}}],"line":88},"9":{"loc":{"start":{"line":96,"column":29},"end":{"line":96,"column":null}},"type":"cond-expr","locations":[{"start":{"line":96,"column":40},"end":{"line":96,"column":65}},{"start":{"line":96,"column":65},"end":{"line":96,"column":null}}],"line":96}},"s":{"0":22,"1":22,"2":0,"3":22,"4":22,"5":22,"6":22,"7":9,"8":9,"9":0,"10":0,"11":0,"12":0,"13":0,"14":22,"15":9,"16":9,"17":0,"18":0,"19":0,"20":0,"21":0,"22":0,"23":0,"24":22,"25":0,"26":0,"27":0,"28":0,"29":0},"f":{"0":22,"1":22,"2":9,"3":0,"4":0,"5":9,"6":0,"7":0,"8":0,"9":0,"10":0,"11":0,"12":0},"b":{"0":[22],"1":[0,22],"2":[9,0],"3":[0,0],"4":[0,0],"5":[9,0],"6":[0,0],"7":[22,0],"8":[0,0],"9":[0,0]},"meta":{"lastBranch":10,"lastFunction":13,"lastStatement":30,"seen":{"f:18:9:18:21":0,"b:18:36:18:40":0,"s:19:16:19:Infinity":0,"b:20:2:20:Infinity:undefined:undefined:undefined:undefined":1,"s:20:2:20:Infinity":1,"s:20:13:20:Infinity":2,"s:21:2:21:Infinity":3,"f:32:16:32:33":1,"s:37:22:37:Infinity":4,"s:38:8:38:Infinity":5,"s:41:2:50:Infinity":6,"f:41:12:41:18":2,"b:42:4:42:Infinity:undefined:undefined:undefined:undefined":2,"s:42:4:42:Infinity":7,"s:42:15:42:Infinity":8,"f:43:13:43:32":3,"b:44:6:46:Infinity:undefined:undefined:undefined:undefined":3,"s:44:6:46:Infinity":9,"b:44:10:44:34:44:34:44:84":4,"s:45:8:45:Infinity":10,"s:48:4:48:Infinity":11,"s:49:4:49:Infinity":12,"f:49:11:49:17":4,"s:49:17:49:Infinity":13,"s:53:2:60:Infinity":14,"f:53:12:53:18":5,"b:54:4:54:Infinity:undefined:undefined:undefined:undefined":5,"s:54:4:54:Infinity":15,"s:54:15:54:Infinity":16,"f:55:13:55:27":6,"b:56:6:56:Infinity:undefined:undefined:undefined:undefined":6,"s:56:6:56:Infinity":17,"s:56:30:56:Infinity":18,"s:58:4:58:Infinity":19,"s:59:4:59:Infinity":20,"f:59:11:59:17":7,"s:59:17:59:Infinity":21,"f:62:11:62:24":8,"s:63:4:63:Infinity":22,"s:64:4:64:Infinity":23,"s:67:2:104:Infinity":24,"f:69:20:69:26":9,"s:69:26:69:52":25,"f:69:34:69:35":10,"s:69:44:69:49":26,"b:73:7:73:Infinity:74:8:102:Infinity":7,"f:79:31:79:32":11,"s:80:29:80:Infinity":27,"s:81:12:99:Infinity":28,"f:86:25:86:31":12,"s:86:31:86:Infinity":29,"b:89:22:89:Infinity:90:22:90:Infinity":8,"b:96:40:96:65:96:65:96:Infinity":9}}}
,"/Users/david/dev/señal/señal-front/src/components/form-editor/SectionBlock.tsx": {"path":"/Users/david/dev/señal/señal-front/src/components/form-editor/SectionBlock.tsx","statementMap":{"0":{"start":{"line":35,"column":22},"end":{"line":35,"column":null}},"1":{"start":{"line":36,"column":8},"end":{"line":36,"column":null}},"2":{"start":{"line":38,"column":2},"end":{"line":47,"column":null}},"3":{"start":{"line":39,"column":4},"end":{"line":39,"column":null}},"4":{"start":{"line":39,"column":15},"end":{"line":39,"column":null}},"5":{"start":{"line":41,"column":6},"end":{"line":43,"column":null}},"6":{"start":{"line":42,"column":8},"end":{"line":42,"column":null}},"7":{"start":{"line":45,"column":4},"end":{"line":45,"column":null}},"8":{"start":{"line":46,"column":4},"end":{"line":46,"column":null}},"9":{"start":{"line":46,"column":17},"end":{"line":46,"column":null}},"10":{"start":{"line":50,"column":4},"end":{"line":50,"column":null}},"11":{"start":{"line":51,"column":4},"end":{"line":51,"column":null}},"12":{"start":{"line":54,"column":2},"end":{"line":83,"column":null}},"13":{"start":{"line":57,"column":26},"end":{"line":57,"column":47}},"14":{"start":{"line":57,"column":47},"end":{"line":57,"column":66}},"15":{"start":{"line":57,"column":62},"end":{"line":57,"column":64}},"16":{"start":{"line":67,"column":27},"end":{"line":67,"column":null}},"17":{"start":{"line":75,"column":27},"end":{"line":75,"column":null}},"18":{"start":{"line":103,"column":2},"end":{"line":106,"column":null}},"19":{"start":{"line":108,"column":16},"end":{"line":111,"column":null}},"20":{"start":{"line":113,"column":2},"end":{"line":116,"column":null}},"21":{"start":{"line":129,"column":49},"end":{"line":129,"column":null}},"22":{"start":{"line":130,"column":32},"end":{"line":130,"column":null}},"23":{"start":{"line":131,"column":36},"end":{"line":131,"column":null}},"24":{"start":{"line":133,"column":2},"end":{"line":135,"column":null}},"25":{"start":{"line":134,"column":4},"end":{"line":134,"column":null}},"26":{"start":{"line":138,"column":20},"end":{"line":138,"column":null}},"27":{"start":{"line":139,"column":4},"end":{"line":142,"column":null}},"28":{"start":{"line":140,"column":6},"end":{"line":140,"column":null}},"29":{"start":{"line":141,"column":6},"end":{"line":141,"column":null}},"30":{"start":{"line":143,"column":4},"end":{"line":143,"column":null}},"31":{"start":{"line":147,"column":4},"end":{"line":147,"column":null}},"32":{"start":{"line":147,"column":27},"end":{"line":147,"column":null}},"33":{"start":{"line":151,"column":4},"end":{"line":151,"column":null}},"34":{"start":{"line":154,"column":19},"end":{"line":154,"column":null}},"35":{"start":{"line":154,"column":45},"end":{"line":154,"column":49}},"36":{"start":{"line":156,"column":2},"end":{"line":267,"column":null}},"37":{"start":{"line":177,"column":27},"end":{"line":177,"column":null}},"38":{"start":{"line":191,"column":25},"end":{"line":191,"column":null}},"39":{"start":{"line":191,"column":45},"end":{"line":191,"column":47}},"40":{"start":{"line":202,"column":26},"end":{"line":202,"column":null}},"41":{"start":{"line":224,"column":20},"end":{"line":237,"column":null}},"42":{"start":{"line":230,"column":24},"end":{"line":235,"column":null}},"43":{"start":{"line":256,"column":31},"end":{"line":256,"column":null}}},"fnMap":{"0":{"name":"SectionOptionsMenu","decl":{"start":{"line":30,"column":9},"end":{"line":30,"column":28}},"loc":{"start":{"line":34,"column":28},"end":{"line":85,"column":null}},"line":34},"1":{"name":"(anonymous_1)","decl":{"start":{"line":38,"column":12},"end":{"line":38,"column":18}},"loc":{"start":{"line":38,"column":18},"end":{"line":47,"column":5}},"line":38},"2":{"name":"handleClickOutside","decl":{"start":{"line":40,"column":13},"end":{"line":40,"column":32}},"loc":{"start":{"line":40,"column":47},"end":{"line":44,"column":null}},"line":40},"3":{"name":"(anonymous_3)","decl":{"start":{"line":46,"column":11},"end":{"line":46,"column":17}},"loc":{"start":{"line":46,"column":17},"end":{"line":46,"column":null}},"line":46},"4":{"name":"handle","decl":{"start":{"line":49,"column":11},"end":{"line":49,"column":18}},"loc":{"start":{"line":49,"column":34},"end":{"line":52,"column":null}},"line":49},"5":{"name":"(anonymous_5)","decl":{"start":{"line":57,"column":17},"end":{"line":57,"column":18}},"loc":{"start":{"line":57,"column":24},"end":{"line":57,"column":null}},"line":57},"6":{"name":"(anonymous_6)","decl":{"start":{"line":57,"column":55},"end":{"line":57,"column":56}},"loc":{"start":{"line":57,"column":62},"end":{"line":57,"column":64}},"line":57},"7":{"name":"(anonymous_7)","decl":{"start":{"line":67,"column":21},"end":{"line":67,"column":27}},"loc":{"start":{"line":67,"column":27},"end":{"line":67,"column":null}},"line":67},"8":{"name":"(anonymous_8)","decl":{"start":{"line":75,"column":21},"end":{"line":75,"column":27}},"loc":{"start":{"line":75,"column":27},"end":{"line":75,"column":null}},"line":75},"9":{"name":"SortableFieldWrapper","decl":{"start":{"line":95,"column":9},"end":{"line":95,"column":30}},"loc":{"start":{"line":95,"column":91},"end":{"line":118,"column":null}},"line":95},"10":{"name":"SectionBlock","decl":{"start":{"line":128,"column":16},"end":{"line":128,"column":29}},"loc":{"start":{"line":128,"column":90},"end":{"line":269,"column":null}},"line":128},"11":{"name":"(anonymous_11)","decl":{"start":{"line":133,"column":12},"end":{"line":133,"column":18}},"loc":{"start":{"line":133,"column":18},"end":{"line":135,"column":5}},"line":133},"12":{"name":"commitName","decl":{"start":{"line":137,"column":11},"end":{"line":137,"column":24}},"loc":{"start":{"line":137,"column":24},"end":{"line":144,"column":null}},"line":137},"13":{"name":"handleNameKeyDown","decl":{"start":{"line":146,"column":11},"end":{"line":146,"column":29}},"loc":{"start":{"line":146,"column":71},"end":{"line":148,"column":null}},"line":146},"14":{"name":"handleToggleObservations","decl":{"start":{"line":150,"column":11},"end":{"line":150,"column":38}},"loc":{"start":{"line":150,"column":38},"end":{"line":152,"column":null}},"line":150},"15":{"name":"(anonymous_15)","decl":{"start":{"line":154,"column":38},"end":{"line":154,"column":39}},"loc":{"start":{"line":154,"column":45},"end":{"line":154,"column":49}},"line":154},"16":{"name":"(anonymous_16)","decl":{"start":{"line":177,"column":20},"end":{"line":177,"column":21}},"loc":{"start":{"line":177,"column":27},"end":{"line":177,"column":null}},"line":177},"17":{"name":"(anonymous_17)","decl":{"start":{"line":191,"column":19},"end":{"line":191,"column":25}},"loc":{"start":{"line":191,"column":25},"end":{"line":191,"column":null}},"line":191},"18":{"name":"(anonymous_18)","decl":{"start":{"line":191,"column":38},"end":{"line":191,"column":39}},"loc":{"start":{"line":191,"column":45},"end":{"line":191,"column":47}},"line":191},"19":{"name":"(anonymous_19)","decl":{"start":{"line":202,"column":20},"end":{"line":202,"column":26}},"loc":{"start":{"line":202,"column":26},"end":{"line":202,"column":null}},"line":202},"20":{"name":"(anonymous_20)","decl":{"start":{"line":223,"column":38},"end":{"line":223,"column":39}},"loc":{"start":{"line":224,"column":20},"end":{"line":237,"column":null}},"line":224},"21":{"name":"(anonymous_21)","decl":{"start":{"line":229,"column":23},"end":{"line":229,"column":24}},"loc":{"start":{"line":230,"column":24},"end":{"line":235,"column":null}},"line":230},"22":{"name":"(anonymous_22)","decl":{"start":{"line":256,"column":25},"end":{"line":256,"column":31}},"loc":{"start":{"line":256,"column":31},"end":{"line":256,"column":null}},"line":256}},"branchMap":{"0":{"loc":{"start":{"line":39,"column":4},"end":{"line":39,"column":null}},"type":"if","locations":[{"start":{"line":39,"column":4},"end":{"line":39,"column":null}},{"start":{},"end":{}}],"line":39},"1":{"loc":{"start":{"line":41,"column":6},"end":{"line":43,"column":null}},"type":"if","locations":[{"start":{"line":41,"column":6},"end":{"line":43,"column":null}},{"start":{},"end":{}}],"line":41},"2":{"loc":{"start":{"line":41,"column":10},"end":{"line":41,"column":66}},"type":"binary-expr","locations":[{"start":{"line":41,"column":10},"end":{"line":41,"column":25}},{"start":{"line":41,"column":25},"end":{"line":41,"column":66}}],"line":41},"3":{"loc":{"start":{"line":64,"column":7},"end":{"line":81,"column":null}},"type":"binary-expr","locations":[{"start":{"line":64,"column":7},"end":{"line":64,"column":null}},{"start":{"line":65,"column":8},"end":{"line":81,"column":null}}],"line":64},"4":{"loc":{"start":{"line":71,"column":13},"end":{"line":71,"column":null}},"type":"cond-expr","locations":[{"start":{"line":71,"column":31},"end":{"line":71,"column":56}},{"start":{"line":71,"column":56},"end":{"line":71,"column":null}}],"line":71},"5":{"loc":{"start":{"line":139,"column":4},"end":{"line":142,"column":null}},"type":"if","locations":[{"start":{"line":139,"column":4},"end":{"line":142,"column":null}},{"start":{},"end":{}}],"line":139},"6":{"loc":{"start":{"line":147,"column":4},"end":{"line":147,"column":null}},"type":"if","locations":[{"start":{"line":147,"column":4},"end":{"line":147,"column":null}},{"start":{},"end":{}}],"line":147},"7":{"loc":{"start":{"line":159,"column":8},"end":{"line":159,"column":null}},"type":"cond-expr","locations":[{"start":{"line":159,"column":21},"end":{"line":159,"column":36}},{"start":{"line":159,"column":36},"end":{"line":159,"column":null}}],"line":159},"8":{"loc":{"start":{"line":186,"column":36},"end":{"line":186,"column":69}},"type":"cond-expr","locations":[{"start":{"line":186,"column":62},"end":{"line":186,"column":66}},{"start":{"line":186,"column":66},"end":{"line":186,"column":69}}],"line":186},"9":{"loc":{"start":{"line":193,"column":22},"end":{"line":193,"column":null}},"type":"cond-expr","locations":[{"start":{"line":193,"column":34},"end":{"line":193,"column":55}},{"start":{"line":193,"column":55},"end":{"line":193,"column":null}}],"line":193},"10":{"loc":{"start":{"line":195,"column":11},"end":{"line":195,"column":null}},"type":"cond-expr","locations":[{"start":{"line":195,"column":23},"end":{"line":195,"column":51}},{"start":{"line":195,"column":51},"end":{"line":195,"column":null}}],"line":195},"11":{"loc":{"start":{"line":208,"column":9},"end":{"line":264,"column":null}},"type":"binary-expr","locations":[{"start":{"line":208,"column":9},"end":{"line":208,"column":null}},{"start":{"line":209,"column":10},"end":{"line":264,"column":null}}],"line":208},"12":{"loc":{"start":{"line":243,"column":15},"end":{"line":251,"column":null}},"type":"binary-expr","locations":[{"start":{"line":243,"column":15},"end":{"line":243,"column":null}},{"start":{"line":244,"column":16},"end":{"line":251,"column":null}}],"line":243}},"s":{"0":4,"1":4,"2":4,"3":4,"4":4,"5":0,"6":0,"7":0,"8":0,"9":0,"10":0,"11":0,"12":4,"13":0,"14":0,"15":0,"16":0,"17":0,"18":0,"19":0,"20":0,"21":4,"22":4,"23":4,"24":4,"25":4,"26":0,"27":0,"28":0,"29":0,"30":0,"31":0,"32":0,"33":0,"34":4,"35":0,"36":4,"37":0,"38":0,"39":0,"40":0,"41":0,"42":0,"43":0},"f":{"0":4,"1":4,"2":0,"3":0,"4":0,"5":0,"6":0,"7":0,"8":0,"9":0,"10":4,"11":4,"12":0,"13":0,"14":0,"15":0,"16":0,"17":0,"18":0,"19":0,"20":0,"21":0,"22":0},"b":{"0":[4,0],"1":[0,0],"2":[0,0],"3":[4,0],"4":[0,0],"5":[0,0],"6":[0,0],"7":[0,4],"8":[0,4],"9":[0,4],"10":[0,4],"11":[4,4],"12":[4,0]},"meta":{"lastBranch":13,"lastFunction":23,"lastStatement":44,"seen":{"f:30:9:30:28":0,"s:35:22:35:Infinity":0,"s:36:8:36:Infinity":1,"s:38:2:47:Infinity":2,"f:38:12:38:18":1,"b:39:4:39:Infinity:undefined:undefined:undefined:undefined":0,"s:39:4:39:Infinity":3,"s:39:15:39:Infinity":4,"f:40:13:40:32":2,"b:41:6:43:Infinity:undefined:undefined:undefined:undefined":1,"s:41:6:43:Infinity":5,"b:41:10:41:25:41:25:41:66":2,"s:42:8:42:Infinity":6,"s:45:4:45:Infinity":7,"s:46:4:46:Infinity":8,"f:46:11:46:17":3,"s:46:17:46:Infinity":9,"f:49:11:49:18":4,"s:50:4:50:Infinity":10,"s:51:4:51:Infinity":11,"s:54:2:83:Infinity":12,"f:57:17:57:18":5,"s:57:26:57:47":13,"s:57:47:57:66":14,"f:57:55:57:56":6,"s:57:62:57:64":15,"b:64:7:64:Infinity:65:8:81:Infinity":3,"f:67:21:67:27":7,"s:67:27:67:Infinity":16,"b:71:31:71:56:71:56:71:Infinity":4,"f:75:21:75:27":8,"s:75:27:75:Infinity":17,"f:95:9:95:30":9,"s:103:2:106:Infinity":18,"s:108:16:111:Infinity":19,"s:113:2:116:Infinity":20,"f:128:16:128:29":10,"s:129:49:129:Infinity":21,"s:130:32:130:Infinity":22,"s:131:36:131:Infinity":23,"s:133:2:135:Infinity":24,"f:133:12:133:18":11,"s:134:4:134:Infinity":25,"f:137:11:137:24":12,"s:138:20:138:Infinity":26,"b:139:4:142:Infinity:undefined:undefined:undefined:undefined":5,"s:139:4:142:Infinity":27,"s:140:6:140:Infinity":28,"s:141:6:141:Infinity":29,"s:143:4:143:Infinity":30,"f:146:11:146:29":13,"b:147:4:147:Infinity:undefined:undefined:undefined:undefined":6,"s:147:4:147:Infinity":31,"s:147:27:147:Infinity":32,"f:150:11:150:38":14,"s:151:4:151:Infinity":33,"s:154:19:154:Infinity":34,"f:154:38:154:39":15,"s:154:45:154:49":35,"s:156:2:267:Infinity":36,"b:159:21:159:36:159:36:159:Infinity":7,"f:177:20:177:21":16,"s:177:27:177:Infinity":37,"b:186:62:186:66:186:66:186:69":8,"f:191:19:191:25":17,"s:191:25:191:Infinity":38,"f:191:38:191:39":18,"s:191:45:191:47":39,"b:193:34:193:55:193:55:193:Infinity":9,"b:195:23:195:51:195:51:195:Infinity":10,"f:202:20:202:26":19,"s:202:26:202:Infinity":40,"b:208:9:208:Infinity:209:10:264:Infinity":11,"f:223:38:223:39":20,"s:224:20:237:Infinity":41,"f:229:23:229:24":21,"s:230:24:235:Infinity":42,"b:243:15:243:Infinity:244:16:251:Infinity":12,"f:256:25:256:31":22,"s:256:31:256:Infinity":43}}}
,"/Users/david/dev/señal/señal-front/src/components/forms/DynamicForm.tsx": {"path":"/Users/david/dev/señal/señal-front/src/components/forms/DynamicForm.tsx","statementMap":{"0":{"start":{"line":20,"column":23},"end":{"line":22,"column":null}},"1":{"start":{"line":21,"column":19},"end":{"line":21,"column":43}},"2":{"start":{"line":22,"column":20},"end":{"line":22,"column":37}},"3":{"start":{"line":24,"column":2},"end":{"line":48,"column":null}},"4":{"start":{"line":27,"column":8},"end":{"line":46,"column":null}},"5":{"start":{"line":62,"column":19},"end":{"line":62,"column":null}},"6":{"start":{"line":64,"column":2},"end":{"line":162,"column":null}},"7":{"start":{"line":67,"column":6},"end":{"line":73,"column":null}},"8":{"start":{"line":71,"column":27},"end":{"line":71,"column":null}},"9":{"start":{"line":77,"column":6},"end":{"line":83,"column":null}},"10":{"start":{"line":81,"column":27},"end":{"line":81,"column":null}},"11":{"start":{"line":87,"column":6},"end":{"line":93,"column":null}},"12":{"start":{"line":91,"column":27},"end":{"line":91,"column":null}},"13":{"start":{"line":97,"column":6},"end":{"line":103,"column":null}},"14":{"start":{"line":101,"column":27},"end":{"line":101,"column":null}},"15":{"start":{"line":107,"column":6},"end":{"line":113,"column":null}},"16":{"start":{"line":111,"column":27},"end":{"line":111,"column":null}},"17":{"start":{"line":117,"column":6},"end":{"line":123,"column":null}},"18":{"start":{"line":121,"column":27},"end":{"line":121,"column":null}},"19":{"start":{"line":127,"column":6},"end":{"line":133,"column":null}},"20":{"start":{"line":131,"column":27},"end":{"line":131,"column":null}},"21":{"start":{"line":137,"column":6},"end":{"line":143,"column":null}},"22":{"start":{"line":141,"column":27},"end":{"line":141,"column":null}},"23":{"start":{"line":147,"column":6},"end":{"line":153,"column":null}},"24":{"start":{"line":151,"column":27},"end":{"line":151,"column":null}},"25":{"start":{"line":157,"column":6},"end":{"line":160,"column":null}}},"fnMap":{"0":{"name":"DynamicForm","decl":{"start":{"line":19,"column":16},"end":{"line":19,"column":28}},"loc":{"start":{"line":19,"column":86},"end":{"line":50,"column":null}},"line":19},"1":{"name":"(anonymous_1)","decl":{"start":{"line":21,"column":12},"end":{"line":21,"column":13}},"loc":{"start":{"line":21,"column":19},"end":{"line":21,"column":43}},"line":21},"2":{"name":"(anonymous_2)","decl":{"start":{"line":22,"column":10},"end":{"line":22,"column":11}},"loc":{"start":{"line":22,"column":20},"end":{"line":22,"column":37}},"line":22},"3":{"name":"(anonymous_3)","decl":{"start":{"line":26,"column":24},"end":{"line":26,"column":25}},"loc":{"start":{"line":27,"column":8},"end":{"line":46,"column":null}},"line":27},"4":{"name":"FieldRenderer","decl":{"start":{"line":61,"column":9},"end":{"line":61,"column":23}},"loc":{"start":{"line":61,"column":82},"end":{"line":163,"column":null}},"line":61},"5":{"name":"(anonymous_5)","decl":{"start":{"line":71,"column":20},"end":{"line":71,"column":21}},"loc":{"start":{"line":71,"column":27},"end":{"line":71,"column":null}},"line":71},"6":{"name":"(anonymous_6)","decl":{"start":{"line":81,"column":20},"end":{"line":81,"column":21}},"loc":{"start":{"line":81,"column":27},"end":{"line":81,"column":null}},"line":81},"7":{"name":"(anonymous_7)","decl":{"start":{"line":91,"column":20},"end":{"line":91,"column":21}},"loc":{"start":{"line":91,"column":27},"end":{"line":91,"column":null}},"line":91},"8":{"name":"(anonymous_8)","decl":{"start":{"line":101,"column":20},"end":{"line":101,"column":21}},"loc":{"start":{"line":101,"column":27},"end":{"line":101,"column":null}},"line":101},"9":{"name":"(anonymous_9)","decl":{"start":{"line":111,"column":20},"end":{"line":111,"column":21}},"loc":{"start":{"line":111,"column":27},"end":{"line":111,"column":null}},"line":111},"10":{"name":"(anonymous_10)","decl":{"start":{"line":121,"column":20},"end":{"line":121,"column":21}},"loc":{"start":{"line":121,"column":27},"end":{"line":121,"column":null}},"line":121},"11":{"name":"(anonymous_11)","decl":{"start":{"line":131,"column":20},"end":{"line":131,"column":21}},"loc":{"start":{"line":131,"column":27},"end":{"line":131,"column":null}},"line":131},"12":{"name":"(anonymous_12)","decl":{"start":{"line":141,"column":20},"end":{"line":141,"column":21}},"loc":{"start":{"line":141,"column":27},"end":{"line":141,"column":null}},"line":141},"13":{"name":"(anonymous_13)","decl":{"start":{"line":151,"column":20},"end":{"line":151,"column":21}},"loc":{"start":{"line":151,"column":27},"end":{"line":151,"column":null}},"line":151}},"branchMap":{"0":{"loc":{"start":{"line":33,"column":13},"end":{"line":36,"column":null}},"type":"binary-expr","locations":[{"start":{"line":33,"column":13},"end":{"line":33,"column":null}},{"start":{"line":34,"column":14},"end":{"line":36,"column":null}}],"line":33},"1":{"loc":{"start":{"line":64,"column":2},"end":{"line":162,"column":null}},"type":"switch","locations":[{"start":{"line":65,"column":4},"end":{"line":65,"column":null}},{"start":{"line":66,"column":4},"end":{"line":73,"column":null}},{"start":{"line":76,"column":4},"end":{"line":83,"column":null}},{"start":{"line":86,"column":4},"end":{"line":93,"column":null}},{"start":{"line":96,"column":4},"end":{"line":103,"column":null}},{"start":{"line":106,"column":4},"end":{"line":113,"column":null}},{"start":{"line":116,"column":4},"end":{"line":123,"column":null}},{"start":{"line":126,"column":4},"end":{"line":133,"column":null}},{"start":{"line":136,"column":4},"end":{"line":143,"column":null}},{"start":{"line":146,"column":4},"end":{"line":153,"column":null}},{"start":{"line":156,"column":4},"end":{"line":160,"column":null}}],"line":64},"2":{"loc":{"start":{"line":70,"column":18},"end":{"line":70,"column":null}},"type":"binary-expr","locations":[{"start":{"line":70,"column":18},"end":{"line":70,"column":41}},{"start":{"line":70,"column":41},"end":{"line":70,"column":null}}],"line":70},"3":{"loc":{"start":{"line":80,"column":18},"end":{"line":80,"column":null}},"type":"binary-expr","locations":[{"start":{"line":80,"column":18},"end":{"line":80,"column":46}},{"start":{"line":80,"column":46},"end":{"line":80,"column":null}}],"line":80},"4":{"loc":{"start":{"line":90,"column":18},"end":{"line":90,"column":null}},"type":"binary-expr","locations":[{"start":{"line":90,"column":18},"end":{"line":90,"column":41}},{"start":{"line":90,"column":41},"end":{"line":90,"column":null}}],"line":90},"5":{"loc":{"start":{"line":100,"column":18},"end":{"line":100,"column":null}},"type":"binary-expr","locations":[{"start":{"line":100,"column":18},"end":{"line":100,"column":41}},{"start":{"line":100,"column":41},"end":{"line":100,"column":null}}],"line":100},"6":{"loc":{"start":{"line":110,"column":18},"end":{"line":110,"column":null}},"type":"binary-expr","locations":[{"start":{"line":110,"column":18},"end":{"line":110,"column":43}},{"start":{"line":110,"column":43},"end":{"line":110,"column":null}}],"line":110},"7":{"loc":{"start":{"line":120,"column":17},"end":{"line":120,"column":null}},"type":"cond-expr","locations":[{"start":{"line":120,"column":42},"end":{"line":120,"column":50}},{"start":{"line":120,"column":50},"end":{"line":120,"column":null}}],"line":120},"8":{"loc":{"start":{"line":130,"column":18},"end":{"line":130,"column":null}},"type":"binary-expr","locations":[{"start":{"line":130,"column":18},"end":{"line":130,"column":41}},{"start":{"line":130,"column":41},"end":{"line":130,"column":null}}],"line":130},"9":{"loc":{"start":{"line":140,"column":18},"end":{"line":140,"column":null}},"type":"binary-expr","locations":[{"start":{"line":140,"column":18},"end":{"line":140,"column":46}},{"start":{"line":140,"column":46},"end":{"line":140,"column":null}}],"line":140},"10":{"loc":{"start":{"line":150,"column":18},"end":{"line":150,"column":null}},"type":"binary-expr","locations":[{"start":{"line":150,"column":18},"end":{"line":150,"column":46}},{"start":{"line":150,"column":46},"end":{"line":150,"column":null}}],"line":150}},"s":{"0":23,"1":38,"2":14,"3":23,"4":37,"5":37,"6":37,"7":21,"8":1,"9":1,"10":0,"11":0,"12":0,"13":11,"14":1,"15":0,"16":0,"17":3,"18":0,"19":0,"20":0,"21":0,"22":0,"23":0,"24":0,"25":1},"f":{"0":23,"1":38,"2":14,"3":37,"4":37,"5":1,"6":0,"7":0,"8":1,"9":0,"10":0,"11":0,"12":0,"13":0},"b":{"0":[37,19],"1":[21,21,1,0,11,0,3,0,0,0,1],"2":[21,12],"3":[1,1],"4":[0,0],"5":[11,3],"6":[0,0],"7":[3,0],"8":[0,0],"9":[0,0],"10":[0,0]},"meta":{"lastBranch":11,"lastFunction":14,"lastStatement":26,"seen":{"f:19:16:19:28":0,"s:20:23:22:Infinity":0,"f:21:12:21:13":1,"s:21:19:21:43":1,"f:22:10:22:11":2,"s:22:20:22:37":2,"s:24:2:48:Infinity":3,"f:26:24:26:25":3,"s:27:8:46:Infinity":4,"b:33:13:33:Infinity:34:14:36:Infinity":0,"f:61:9:61:23":4,"s:62:19:62:Infinity":5,"b:65:4:65:Infinity:66:4:73:Infinity:76:4:83:Infinity:86:4:93:Infinity:96:4:103:Infinity:106:4:113:Infinity:116:4:123:Infinity:126:4:133:Infinity:136:4:143:Infinity:146:4:153:Infinity:156:4:160:Infinity":1,"s:64:2:162:Infinity":6,"s:67:6:73:Infinity":7,"b:70:18:70:41:70:41:70:Infinity":2,"f:71:20:71:21":5,"s:71:27:71:Infinity":8,"s:77:6:83:Infinity":9,"b:80:18:80:46:80:46:80:Infinity":3,"f:81:20:81:21":6,"s:81:27:81:Infinity":10,"s:87:6:93:Infinity":11,"b:90:18:90:41:90:41:90:Infinity":4,"f:91:20:91:21":7,"s:91:27:91:Infinity":12,"s:97:6:103:Infinity":13,"b:100:18:100:41:100:41:100:Infinity":5,"f:101:20:101:21":8,"s:101:27:101:Infinity":14,"s:107:6:113:Infinity":15,"b:110:18:110:43:110:43:110:Infinity":6,"f:111:20:111:21":9,"s:111:27:111:Infinity":16,"s:117:6:123:Infinity":17,"b:120:42:120:50:120:50:120:Infinity":7,"f:121:20:121:21":10,"s:121:27:121:Infinity":18,"s:127:6:133:Infinity":19,"b:130:18:130:41:130:41:130:Infinity":8,"f:131:20:131:21":11,"s:131:27:131:Infinity":20,"s:137:6:143:Infinity":21,"b:140:18:140:46:140:46:140:Infinity":9,"f:141:20:141:21":12,"s:141:27:141:Infinity":22,"s:147:6:153:Infinity":23,"b:150:18:150:46:150:46:150:Infinity":10,"f:151:20:151:21":13,"s:151:27:151:Infinity":24,"s:157:6:160:Infinity":25}}}
,"/Users/david/dev/señal/señal-front/src/components/forms/fields/BooleanField.tsx": {"path":"/Users/david/dev/señal/señal-front/src/components/forms/fields/BooleanField.tsx","statementMap":{"0":{"start":{"line":11,"column":2},"end":{"line":45,"column":null}},"1":{"start":{"line":21,"column":23},"end":{"line":21,"column":null}},"2":{"start":{"line":34,"column":23},"end":{"line":34,"column":null}}},"fnMap":{"0":{"name":"BooleanField","decl":{"start":{"line":10,"column":16},"end":{"line":10,"column":29}},"loc":{"start":{"line":10,"column":86},"end":{"line":47,"column":null}},"line":10},"1":{"name":"(anonymous_1)","decl":{"start":{"line":21,"column":17},"end":{"line":21,"column":23}},"loc":{"start":{"line":21,"column":23},"end":{"line":21,"column":null}},"line":21},"2":{"name":"(anonymous_2)","decl":{"start":{"line":34,"column":17},"end":{"line":34,"column":23}},"loc":{"start":{"line":34,"column":23},"end":{"line":34,"column":null}},"line":34}},"branchMap":{"0":{"loc":{"start":{"line":25,"column":10},"end":{"line":27,"column":null}},"type":"cond-expr","locations":[{"start":{"line":26,"column":14},"end":{"line":26,"column":null}},{"start":{"line":27,"column":14},"end":{"line":27,"column":null}}],"line":25},"1":{"loc":{"start":{"line":38,"column":10},"end":{"line":40,"column":null}},"type":"cond-expr","locations":[{"start":{"line":39,"column":14},"end":{"line":39,"column":null}},{"start":{"line":40,"column":14},"end":{"line":40,"column":null}}],"line":38}},"s":{"0":13,"1":2,"2":2},"f":{"0":13,"1":2,"2":2},"b":{"0":[2,11],"1":[1,12]},"meta":{"lastBranch":2,"lastFunction":3,"lastStatement":3,"seen":{"f:10:16:10:29":0,"s:11:2:45:Infinity":0,"f:21:17:21:23":1,"s:21:23:21:Infinity":1,"b:26:14:26:Infinity:27:14:27:Infinity":0,"f:34:17:34:23":2,"s:34:23:34:Infinity":2,"b:39:14:39:Infinity:40:14:40:Infinity":1}}}
,"/Users/david/dev/señal/señal-front/src/components/forms/fields/DateField.tsx": {"path":"/Users/david/dev/señal/señal-front/src/components/forms/fields/DateField.tsx","statementMap":{"0":{"start":{"line":11,"column":2},"end":{"line":20,"column":null}},"1":{"start":{"line":17,"column":23},"end":{"line":17,"column":null}}},"fnMap":{"0":{"name":"DateField","decl":{"start":{"line":10,"column":16},"end":{"line":10,"column":26}},"loc":{"start":{"line":10,"column":80},"end":{"line":22,"column":null}},"line":10},"1":{"name":"(anonymous_1)","decl":{"start":{"line":17,"column":16},"end":{"line":17,"column":17}},"loc":{"start":{"line":17,"column":23},"end":{"line":17,"column":null}},"line":17}},"branchMap":{},"s":{"0":5,"1":1},"f":{"0":5,"1":1},"b":{},"meta":{"lastBranch":0,"lastFunction":2,"lastStatement":2,"seen":{"f:10:16:10:26":0,"s:11:2:20:Infinity":0,"f:17:16:17:17":1,"s:17:23:17:Infinity":1}}}
[...]
156,"column":4},"end":{"line":164,"column":null}},"41":{"start":{"line":157,"column":23},"end":{"line":157,"column":null}},"42":{"start":{"line":157,"column":54},"end":{"line":157,"column":90}},"43":{"start":{"line":158,"column":22},"end":{"line":158,"column":null}},"44":{"start":{"line":158,"column":45},"end":{"line":158,"column":69}},"45":{"start":{"line":159,"column":20},"end":{"line":159,"column":null}},"46":{"start":{"line":159,"column":43},"end":{"line":159,"column":65}},"47":{"start":{"line":160,"column":6},"end":{"line":160,"column":null}},"48":{"start":{"line":160,"column":30},"end":{"line":160,"column":null}},"49":{"start":{"line":161,"column":22},"end":{"line":161,"column":null}},"50":{"start":{"line":162,"column":6},"end":{"line":162,"column":null}},"51":{"start":{"line":163,"column":6},"end":{"line":163,"column":null}},"52":{"start":{"line":167,"column":4},"end":{"line":179,"column":null}},"53":{"start":{"line":167,"column":16},"end":{"line":179,"column":6}},"54":{"start":{"line":171,"column":10},"end":{"line":171,"column":null}},"55":{"start":{"line":171,"column":36},"end":{"line":171,"column":null}},"56":{"start":{"line":172,"column":25},"end":{"line":172,"column":null}},"57":{"start":{"line":173,"column":26},"end":{"line":173,"column":null}},"58":{"start":{"line":174,"column":10},"end":{"line":174,"column":null}},"59":{"start":{"line":175,"column":10},"end":{"line":175,"column":null}},"60":{"start":{"line":182,"column":4},"end":{"line":184,"column":null}},"61":{"start":{"line":182,"column":16},"end":{"line":184,"column":6}},"62":{"start":{"line":186,"column":19},"end":{"line":186,"column":null}},"63":{"start":{"line":186,"column":31},"end":{"line":186,"column":72}},"64":{"start":{"line":190,"column":34},"end":{"line":190,"column":null}},"65":{"start":{"line":190,"column":40},"end":{"line":190,"column":null}}},"fnMap":{"0":{"name":"(anonymous_0)","decl":{"start":{"line":4,"column":24},"end":{"line":4,"column":46}},"loc":{"start":{"line":4,"column":46},"end":{"line":9,"column":null}},"line":4},"1":{"name":"(anonymous_1)","decl":{"start":{"line":41,"column":58},"end":{"line":41,"column":59}},"loc":{"start":{"line":41,"column":73},"end":{"line":187,"column":2}},"line":41},"2":{"name":"(anonymous_2)","decl":{"start":{"line":44,"column":19},"end":{"line":44,"column":20}},"loc":{"start":{"line":45,"column":4},"end":{"line":45,"column":null}},"line":45},"3":{"name":"(anonymous_3)","decl":{"start":{"line":47,"column":9},"end":{"line":47,"column":15}},"loc":{"start":{"line":47,"column":15},"end":{"line":47,"column":null}},"line":47},"4":{"name":"(anonymous_4)","decl":{"start":{"line":49,"column":11},"end":{"line":49,"column":12}},"loc":{"start":{"line":50,"column":4},"end":{"line":50,"column":null}},"line":50},"5":{"name":"(anonymous_5)","decl":{"start":{"line":50,"column":8},"end":{"line":50,"column":9}},"loc":{"start":{"line":50,"column":16},"end":{"line":50,"column":63}},"line":50},"6":{"name":"(anonymous_6)","decl":{"start":{"line":52,"column":14},"end":{"line":52,"column":15}},"loc":{"start":{"line":53,"column":4},"end":{"line":53,"column":null}},"line":53},"7":{"name":"(anonymous_7)","decl":{"start":{"line":53,"column":8},"end":{"line":53,"column":9}},"loc":{"start":{"line":53,"column":16},"end":{"line":53,"column":66}},"line":53},"8":{"name":"(anonymous_8)","decl":{"start":{"line":55,"column":17},"end":{"line":55,"column":18}},"loc":{"start":{"line":56,"column":4},"end":{"line":56,"column":null}},"line":56},"9":{"name":"(anonymous_9)","decl":{"start":{"line":56,"column":8},"end":{"line":56,"column":9}},"loc":{"start":{"line":56,"column":16},"end":{"line":56,"column":69}},"line":56},"10":{"name":"(anonymous_10)","decl":{"start":{"line":58,"column":13},"end":{"line":58,"column":14}},"loc":{"start":{"line":59,"column":4},"end":{"line":59,"column":null}},"line":59},"11":{"name":"(anonymous_11)","decl":{"start":{"line":59,"column":8},"end":{"line":59,"column":9}},"loc":{"start":{"line":59,"column":16},"end":{"line":59,"column":65}},"line":59},"12":{"name":"(anonymous_12)","decl":{"start":{"line":61,"column":14},"end":{"line":61,"column":null}},"loc":{"start":{"line":62,"column":4},"end":{"line":68,"column":null}},"line":62},"13":{"name":"(anonymous_13)","decl":{"start":{"line":62,"column":8},"end":{"line":62,"column":9}},"loc":{"start":{"line":62,"column":16},"end":{"line":68,"column":6}},"line":62},"14":{"name":"(anonymous_14)","decl":{"start":{"line":70,"column":17},"end":{"line":70,"column":18}},"loc":{"start":{"line":71,"column":4},"end":{"line":79,"column":null}},"line":71},"15":{"name":"(anonymous_15)","decl":{"start":{"line":71,"column":8},"end":{"line":71,"column":9}},"loc":{"start":{"line":71,"column":16},"end":{"line":79,"column":6}},"line":71},"16":{"name":"(anonymous_16)","decl":{"start":{"line":74,"column":39},"end":{"line":74,"column":40}},"loc":{"start":{"line":75,"column":10},"end":{"line":75,"column":null}},"line":75},"17":{"name":"(anonymous_17)","decl":{"start":{"line":81,"column":17},"end":{"line":81,"column":18}},"loc":{"start":{"line":82,"column":4},"end":{"line":88,"column":null}},"line":82},"18":{"name":"(anonymous_18)","decl":{"start":{"line":82,"column":8},"end":{"line":82,"column":9}},"loc":{"start":{"line":82,"column":16},"end":{"line":88,"column":6}},"line":82},"19":{"name":"(anonymous_19)","decl":{"start":{"line":85,"column":42},"end":{"line":85,"column":43}},"loc":{"start":{"line":85,"column":51},"end":{"line":85,"column":71}},"line":85},"20":{"name":"(anonymous_20)","decl":{"start":{"line":90,"column":19},"end":{"line":90,"column":20}},"loc":{"start":{"line":91,"column":4},"end":{"line":96,"column":null}},"line":91},"21":{"name":"(anonymous_21)","decl":{"start":{"line":91,"column":8},"end":{"line":91,"column":9}},"loc":{"start":{"line":91,"column":15},"end":{"line":96,"column":5}},"line":91},"22":{"name":"(anonymous_22)","decl":{"start":{"line":98,"column":12},"end":{"line":98,"column":13}},"loc":{"start":{"line":99,"column":4},"end":{"line":122,"column":null}},"line":99},"23":{"name":"(anonymous_23)","decl":{"start":{"line":99,"column":8},"end":{"line":99,"column":9}},"loc":{"start":{"line":99,"column":15},"end":{"line":122,"column":5}},"line":99},"24":{"name":"(anonymous_24)","decl":{"start":{"line":114,"column":41},"end":{"line":114,"column":42}},"loc":{"start":{"line":115,"column":12},"end":{"line":117,"column":null}},"line":115},"25":{"name":"(anonymous_25)","decl":{"start":{"line":124,"column":15},"end":{"line":124,"column":16}},"loc":{"start":{"line":125,"column":4},"end":{"line":140,"column":null}},"line":125},"26":{"name":"(anonymous_26)","decl":{"start":{"line":125,"column":8},"end":{"line":125,"column":9}},"loc":{"start":{"line":125,"column":16},"end":{"line":140,"column":6}},"line":125},"27":{"name":"(anonymous_27)","decl":{"start":{"line":128,"column":39},"end":{"line":128,"column":40}},"loc":{"start":{"line":129,"column":10},"end":{"line":136,"column":null}},"line":129},"28":{"name":"(anonymous_28)","decl":{"start":{"line":132,"column":39},"end":{"line":132,"column":40}},"loc":{"start":{"line":133,"column":18},"end":{"line":133,"column":null}},"line":133},"29":{"name":"(anonymous_29)","decl":{"start":{"line":142,"column":15},"end":{"line":142,"column":16}},"loc":{"start":{"line":143,"column":4},"end":{"line":153,"column":null}},"line":143},"30":{"name":"(anonymous_30)","decl":{"start":{"line":143,"column":8},"end":{"line":143,"column":9}},"loc":{"start":{"line":143,"column":16},"end":{"line":153,"column":6}},"line":143},"31":{"name":"(anonymous_31)","decl":{"start":{"line":146,"column":39},"end":{"line":146,"column":40}},"loc":{"start":{"line":147,"column":10},"end":{"line":149,"column":null}},"line":147},"32":{"name":"(anonymous_32)","decl":{"start":{"line":148,"column":50},"end":{"line":148,"column":51}},"loc":{"start":{"line":148,"column":57},"end":{"line":148,"column":73}},"line":148},"33":{"name":"(anonymous_33)","decl":{"start":{"line":155,"column":13},"end":{"line":155,"column":14}},"loc":{"start":{"line":156,"column":4},"end":{"line":164,"column":null}},"line":156},"34":{"name":"(anonymous_34)","decl":{"start":{"line":156,"column":8},"end":{"line":156,"column":9}},"loc":{"start":{"line":156,"column":15},"end":{"line":164,"column":5}},"line":156},"35":{"name":"(anonymous_35)","decl":{"start":{"line":157,"column":44},"end":{"line":157,"column":45}},"loc":{"start":{"line":157,"column":54},"end":{"line":157,"column":90}},"line":157},"36":{"name":"(anonymous_36)","decl":{"start":{"line":158,"column":36},"end":{"line":158,"column":37}},"loc":{"start":{"line":158,"column":45},"end":{"line":158,"column":69}},"line":158},"37":{"name":"(anonymous_37)","decl":{"start":{"line":159,"column":34},"end":{"line":159,"column":35}},"loc":{"start":{"line":159,"column":43},"end":{"line":159,"column":65}},"line":159},"38":{"name":"(anonymous_38)","decl":{"start":{"line":166,"column":26},"end":{"line":166,"column":27}},"loc":{"start":{"line":167,"column":4},"end":{"line":179,"column":null}},"line":167},"39":{"name":"(anonymous_39)","decl":{"start":{"line":167,"column":8},"end":{"line":167,"column":9}},"loc":{"start":{"line":167,"column":16},"end":{"line":179,"column":6}},"line":167},"40":{"name":"(anonymous_40)","decl":{"start":{"line":170,"column":39},"end":{"line":170,"column":40}},"loc":{"start":{"line":170,"column":48},"end":{"line":176,"column":9}},"line":170},"41":{"name":"(anonymous_41)","decl":{"start":{"line":181,"column":23},"end":{"line":181,"column":24}},"loc":{"start":{"line":182,"column":4},"end":{"line":184,"column":null}},"line":182},"42":{"name":"(anonymous_42)","decl":{"start":{"line":182,"column":8},"end":{"line":182,"column":9}},"loc":{"start":{"line":182,"column":16},"end":{"line":184,"column":6}},"line":182},"43":{"name":"(anonymous_43)","decl":{"start":{"line":186,"column":13},"end":{"line":186,"column":19}},"loc":{"start":{"line":186,"column":19},"end":{"line":186,"column":null}},"line":186},"44":{"name":"(anonymous_44)","decl":{"start":{"line":186,"column":23},"end":{"line":186,"column":24}},"loc":{"start":{"line":186,"column":31},"end":{"line":186,"column":72}},"line":186},"45":{"name":"(anonymous_45)","decl":{"start":{"line":190,"column":34},"end":{"line":190,"column":40}},"loc":{"start":{"line":190,"column":40},"end":{"line":190,"column":null}},"line":190}},"branchMap":{"0":{"loc":{"start":{"line":75,"column":10},"end":{"line":75,"column":null}},"type":"cond-expr","locations":[{"start":{"line":75,"column":33},"end":{"line":75,"column":58}},{"start":{"line":75,"column":58},"end":{"line":75,"column":null}}],"line":75},"1":{"loc":{"start":{"line":98,"column":24},"end":{"line":98,"column":null}},"type":"default-arg","locations":[{"start":{"line":98,"column":32},"end":{"line":98,"column":null}}],"line":98},"2":{"loc":{"start":{"line":102,"column":15},"end":{"line":102,"column":null}},"type":"binary-expr","locations":[{"start":{"line":102,"column":15},"end":{"line":102,"column":30}},{"start":{"line":102,"column":30},"end":{"line":102,"column":null}}],"line":102},"3":{"loc":{"start":{"line":103,"column":13},"end":{"line":103,"column":null}},"type":"binary-expr","locations":[{"start":{"line":103,"column":13},"end":{"line":103,"column":26}},{"start":{"line":103,"column":26},"end":{"line":103,"column":null}}],"line":103},"4":{"loc":{"start":{"line":104,"column":14},"end":{"line":104,"column":null}},"type":"binary-expr","locations":[{"start":{"line":104,"column":14},"end":{"line":104,"column":28}},{"start":{"line":104,"column":28},"end":{"line":104,"column":null}}],"line":104},"5":{"loc":{"start":{"line":105,"column":18},"end":{"line":105,"column":null}},"type":"binary-expr","locations":[{"start":{"line":105,"column":18},"end":{"line":105,"column":36}},{"start":{"line":105,"column":36},"end":{"line":105,"column":null}}],"line":105},"6":{"loc":{"start":{"line":115,"column":12},"end":{"line":117,"column":null}},"type":"cond-expr","locations":[{"start":{"line":116,"column":16},"end":{"line":116,"column":null}},{"start":{"line":117,"column":16},"end":{"line":117,"column":null}}],"line":115},"7":{"loc":{"start":{"line":129,"column":10},"end":{"line":136,"column":null}},"type":"cond-expr","locations":[{"start":{"line":130,"column":14},"end":{"line":135,"column":null}},{"start":{"line":136,"column":14},"end":{"line":136,"column":null}}],"line":129},"8":{"loc":{"start":{"line":133,"column":18},"end":{"line":133,"column":null}},"type":"cond-expr","locations":[{"start":{"line":133,"column":37},"end":{"line":133,"column":60}},{"start":{"line":133,"column":60},"end":{"line":133,"column":null}}],"line":133},"9":{"loc":{"start":{"line":147,"column":10},"end":{"line":149,"column":null}},"type":"cond-expr","locations":[{"start":{"line":148,"column":14},"end":{"line":148,"column":null}},{"start":{"line":149,"column":14},"end":{"line":149,"column":null}}],"line":147},"10":{"loc":{"start":{"line":160,"column":6},"end":{"line":160,"column":null}},"type":"if","locations":[{"start":{"line":160,"column":6},"end":{"line":160,"column":null}},{"start":{},"end":{}}],"line":160},"11":{"loc":{"start":{"line":160,"column":10},"end":{"line":160,"column":30}},"type":"binary-expr","locations":[{"start":{"line":160,"column":10},"end":{"line":160,"column":22}},{"start":{"line":160,"column":22},"end":{"line":160,"column":30}}],"line":160},"12":{"loc":{"start":{"line":171,"column":10},"end":{"line":171,"column":null}},"type":"if","locations":[{"start":{"line":171,"column":10},"end":{"line":171,"column":null}},{"start":{},"end":{}}],"line":171}},"s":{"0":4,"1":93,"2":4,"3":4,"4":4,"5":0,"6":70,"7":1,"8":1,"9":0,"10":0,"11":0,"12":0,"13":0,"14":0,"15":19,"16":19,"17":3,"18":3,"19":3,"20":3,"21":3,"22":4,"23":2,"24":2,"25":2,"26":2,"27":2,"28":22,"29":22,"30":22,"31":28,"32":5,"33":5,"34":5,"35":8,"36":5,"37":5,"38":6,"39":8,"40":3,"41":3,"42":6,"43":3,"44":3,"45":3,"46":6,"47":3,"48":0,"49":3,"50":3,"51":3,"52":0,"53":0,"54":0,"55":0,"56":0,"57":0,"58":0,"59":0,"60":3,"61":3,"62":0,"63":0,"64":4,"65":0},"f":{"0":93,"1":4,"2":0,"3":70,"4":1,"5":1,"6":0,"7":0,"8":0,"9":0,"10":0,"11":0,"12":19,"13":19,"14":3,"15":3,"16":3,"17":3,"18":3,"19":4,"20":2,"21":2,"22":22,"23":22,"24":28,"25":5,"26":5,"27":5,"28":8,"29":5,"30":5,"31":6,"32":8,"33":3,"34":3,"35":6,"36":3,"37":6,"38":0,"39":0,"40":0,"41":3,"42":3,"43":0,"44":0,"45":0},"b":{"0":[3,0],"1":[22],"2":[22,7],"3":[22,21],"4":[22,20],"5":[22,20],"6":[22,6],"7":[5,0],"8":[5,3],"9":[5,1],"10":[0,3],"11":[3,3],"12":[0,0]},"meta":{"lastBranch":13,"lastFunction":46,"lastStatement":66,"seen":{"s:4:24:9:Infinity":0,"f:4:24:4:46":0,"s:4:46:9:Infinity":1,"s:11:35:18:Infinity":2,"s:41:13:187:Infinity":3,"f:41:58:41:59":1,"s:41:73:187:2":4,"f:44:19:44:20":2,"s:45:4:45:Infinity":5,"f:47:9:47:15":3,"s:47:15:47:Infinity":6,"f:49:11:49:12":4,"s:50:4:50:Infinity":7,"f:50:8:50:9":5,"s:50:16:50:63":8,"f:52:14:52:15":6,"s:53:4:53:Infinity":9,"f:53:8:53:9":7,"s:53:16:53:66":10,"f:55:17:55:18":8,"s:56:4:56:Infinity":11,"f:56:8:56:9":9,"s:56:16:56:69":12,"f:58:13:58:14":10,"s:59:4:59:Infinity":13,"f:59:8:59:9":11,"s:59:16:59:65":14,"f:61:14:61:Infinity":12,"s:62:4:68:Infinity":15,"f:62:8:62:9":13,"s:62:16:68:6":16,"f:70:17:70:18":14,"s:71:4:79:Infinity":17,"f:71:8:71:9":15,"s:71:16:79:6":18,"f:74:39:74:40":16,"s:75:10:75:Infinity":19,"b:75:33:75:58:75:58:75:Infinity":0,"f:81:17:81:18":17,"s:82:4:88:Infinity":20,"f:82:8:82:9":18,"s:82:16:88:6":21,"f:85:42:85:43":19,"s:85:51:85:71":22,"f:90:19:90:20":20,"s:91:4:96:Infinity":23,"f:91:8:91:9":21,"s:92:23:92:Infinity":24,"s:93:22:93:Infinity":25,"s:94:6:94:Infinity":26,"s:95:6:95:Infinity":27,"f:98:12:98:13":22,"s:99:4:122:Infinity":28,"b:98:32:98:Infinity":1,"f:99:8:99:9":23,"s:100:36:110:Infinity":29,"b:102:15:102:30:102:30:102:Infinity":2,"b:103:13:103:26:103:26:103:Infinity":3,"b:104:14:104:28:104:28:104:Infinity":4,"b:105:18:105:36:105:36:105:Infinity":5,"s:111:6:121:Infinity":30,"f:114:41:114:42":24,"s:115:12:117:Infinity":31,"b:116:16:116:Infinity:117:16:117:Infinity":6,"f:124:15:124:16":25,"s:125:4:140:Infinity":32,"f:125:8:125:9":26,"s:125:16:140:6":33,"f:128:39:128:40":27,"s:129:10:136:Infinity":34,"b:130:14:135:Infinity:136:14:136:Infinity":7,"f:132:39:132:40":28,"s:133:18:133:Infinity":35,"b:133:37:133:60:133:60:133:Infinity":8,"f:142:15:142:16":29,"s:143:4:153:Infinity":36,"f:143:8:143:9":30,"s:143:16:153:6":37,"f:146:39:146:40":31,"s:147:10:149:Infinity":38,"b:148:14:148:Infinity:149:14:149:Infinity":9,"f:148:50:148:51":32,"s:148:57:148:73":39,"f:155:13:155:14":33,"s:156:4:164:Infinity":40,"f:156:8:156:9":34,"s:157:23:157:Infinity":41,"f:157:44:157:45":35,"s:157:54:157:90":42,"s:158:22:158:Infinity":43,"f:158:36:158:37":36,"s:158:45:158:69":44,"s:159:20:159:Infinity":45,"f:159:34:159:35":37,"s:159:43:159:65":46,"b:160:6:160:Infinity:undefined:undefined:undefined:undefined":10,"s:160:6:160:Infinity":47,"b:160:10:160:22:160:22:160:30":11,"s:160:30:160:Infinity":48,"s:161:22:161:Infinity":49,"s:162:6:162:Infinity":50,"s:163:6:163:Infinity":51,"f:166:26:166:27":38,"s:167:4:179:Infinity":52,"f:167:8:167:9":39,"s:167:16:179:6":53,"f:170:39:170:40":40,"b:171:10:171:Infinity:undefined:undefined:undefined:undefined":12,"s:171:10:171:Infinity":54,"s:171:36:171:Infinity":55,"s:172:25:172:Infinity":56,"s:173:26:173:Infinity":57,"s:174:10:174:Infinity":58,"s:175:10:175:Infinity":59,"f:181:23:181:24":41,"s:182:4:184:Infinity":60,"f:182:8:182:9":42,"s:182:16:184:6":61,"f:186:13:186:19":43,"s:186:19:186:Infinity":62,"f:186:23:186:24":44,"s:186:31:186:72":63,"s:190:34:190:Infinity":64,"f:190:34:190:40":45,"s:190:40:190:Infinity":65}}}
,"/Users/david/dev/señal/señal-front/src/utils/fieldType.utils.ts": {"path":"/Users/david/dev/señal/señal-front/src/utils/fieldType.utils.ts","statementMap":{"0":{"start":{"line":3,"column":60},"end":{"line":15,"column":null}},"1":{"start":{"line":18,"column":64},"end":{"line":30,"column":null}},"2":{"start":{"line":32,"column":44},"end":{"line":44,"column":null}},"3":{"start":{"line":51,"column":2},"end":{"line":57,"column":null}}},"fnMap":{"0":{"name":"toSnakeCase","decl":{"start":{"line":50,"column":16},"end":{"line":50,"column":28}},"loc":{"start":{"line":50,"column":49},"end":{"line":58,"column":null}},"line":50}},"branchMap":{},"s":{"0":3,"1":3,"2":3,"3":6},"f":{"0":6},"b":{},"meta":{"lastBranch":0,"lastFunction":1,"lastStatement":4,"seen":{"s:3:60:15:Infinity":0,"s:18:64:30:Infinity":1,"s:32:44:44:Infinity":2,"f:50:16:50:28":0,"s:51:2:57:Infinity":3}}}
,"/Users/david/dev/señal/señal-front/src/utils/formParser.ts": {"path":"/Users/david/dev/señal/señal-front/src/utils/formParser.ts","statementMap":{"0":{"start":{"line":25,"column":19},"end":{"line":32,"column":null}},"1":{"start":{"line":33,"column":2},"end":{"line":33,"column":null}}},"fnMap":{"0":{"name":"submitFormData","decl":{"start":{"line":18,"column":22},"end":{"line":18,"column":37}},"loc":{"start":{"line":24,"column":38},"end":{"line":34,"column":null}},"line":24}},"branchMap":{"0":{"loc":{"start":{"line":27,"column":22},"end":{"line":27,"column":null}},"type":"binary-expr","locations":[{"start":{"line":27,"column":22},"end":{"line":27,"column":40}},{"start":{"line":27,"column":40},"end":{"line":27,"column":null}}],"line":27},"1":{"loc":{"start":{"line":29,"column":8},"end":{"line":31,"column":null}},"type":"cond-expr","locations":[{"start":{"line":30,"column":8},"end":{"line":30,"column":null}},{"start":{"line":31,"column":8},"end":{"line":31,"column":null}}],"line":29},"2":{"loc":{"start":{"line":29,"column":8},"end":{"line":29,"column":null}},"type":"binary-expr","locations":[{"start":{"line":29,"column":8},"end":{"line":29,"column":32}},{"start":{"line":29,"column":32},"end":{"line":29,"column":null}}],"line":29}},"s":{"0":6,"1":5},"f":{"0":6},"b":{"0":[6,4],"1":[2,4],"2":[6,2]},"meta":{"lastBranch":3,"lastFunction":1,"lastStatement":2,"seen":{"f:18:22:18:37":0,"s:25:19:32:Infinity":0,"b:27:22:27:40:27:40:27:Infinity":0,"b:30:8:30:Infinity:31:8:31:Infinity":1,"b:29:8:29:32:29:32:29:Infinity":2,"s:33:2:33:Infinity":1}}}
}
