{"/Users/david/dev/señal/señal-front/src/components/auth/OAuthButtons.tsx": {"path":"/Users/david/dev/señal/señal-front/src/components/auth/OAuthButtons.tsx","statementMap":{"0":{"start":{"line":24,"column":2},"end":{"line":49,"column":null}},"1":{"start":{"line":54,"column":2},"end":{"line":67,"column":null}},"2":{"start":{"line":82,"column":2},"end":{"line":90,"column":null}},"3":{"start":{"line":97,"column":2},"end":{"line":104,"column":null}},"4":{"start":{"line":98,"column":4},"end":{"line":102,"column":null}},"5":{"start":{"line":106,"column":27},"end":{"line":106,"column":null}},"6":{"start":{"line":107,"column":27},"end":{"line":107,"column":null}},"7":{"start":{"line":109,"column":2},"end":{"line":115,"column":null}},"8":{"start":{"line":110,"column":4},"end":{"line":113,"column":null}},"9":{"start":{"line":117,"column":2},"end":{"line":137,"column":null}},"10":{"start":{"line":124,"column":12},"end":{"line":124,"column":null}},"11":{"start":{"line":133,"column":12},"end":{"line":133,"column":null}}},"fnMap":{"0":{"name":"GoogleLogo","decl":{"start":{"line":23,"column":9},"end":{"line":23,"column":22}},"loc":{"start":{"line":23,"column":22},"end":{"line":51,"column":null}},"line":23},"1":{"name":"MicrosoftLogo","decl":{"start":{"line":53,"column":9},"end":{"line":53,"column":25}},"loc":{"start":{"line":53,"column":25},"end":{"line":69,"column":null}},"line":53},"2":{"name":"OAuthButton","decl":{"start":{"line":73,"column":9},"end":{"line":73,"column":21}},"loc":{"start":{"line":81,"column":3},"end":{"line":92,"column":null}},"line":81},"3":{"name":"OAuthButtons","decl":{"start":{"line":96,"column":24},"end":{"line":96,"column":37}},"loc":{"start":{"line":96,"column":90},"end":{"line":139,"column":null}},"line":96},"4":{"name":"(anonymous_4)","decl":{"start":{"line":123,"column":19},"end":{"line":123,"column":25}},"loc":{"start":{"line":123,"column":25},"end":{"line":125,"column":null}},"line":123},"5":{"name":"(anonymous_5)","decl":{"start":{"line":132,"column":19},"end":{"line":132,"column":25}},"loc":{"start":{"line":132,"column":25},"end":{"line":134,"column":null}},"line":132}},"branchMap":{"0":{"loc":{"start":{"line":97,"column":2},"end":{"line":104,"column":null}},"type":"if","locations":[{"start":{"line":97,"column":2},"end":{"line":104,"column":null}},{"start":{},"end":{}}],"line":97},"1":{"loc":{"start":{"line":106,"column":27},"end":{"line":106,"column":null}},"type":"binary-expr","locations":[{"start":{"line":106,"column":27},"end":{"line":106,"column":53}},{"start":{"line":106,"column":53},"end":{"line":106,"column":null}}],"line":106},"2":{"loc":{"start":{"line":107,"column":27},"end":{"line":107,"column":null}},"type":"binary-expr","locations":[{"start":{"line":107,"column":27},"end":{"line":107,"column":53}},{"start":{"line":107,"column":53},"end":{"line":107,"column":null}}],"line":107},"3":{"loc":{"start":{"line":109,"column":2},"end":{"line":115,"column":null}},"type":"if","locations":[{"start":{"line":109,"column":2},"end":{"line":115,"column":null}},{"start":{},"end":{}}],"line":109},"4":{"loc":{"start":{"line":109,"column":6},"end":{"line":109,"column":43}},"type":"binary-expr","locations":[{"start":{"line":109,"column":6},"end":{"line":109,"column":24}},{"start":{"line":109,"column":24},"end":{"line":109,"column":43}}],"line":109},"5":{"loc":{"start":{"line":119,"column":7},"end":{"line":126,"column":null}},"type":"binary-expr","locations":[{"start":{"line":119,"column":7},"end":{"line":119,"column":null}},{"start":{"line":120,"column":8},"end":{"line":126,"column":null}}],"line":119},"6":{"loc":{"start":{"line":128,"column":7},"end":{"line":135,"column":null}},"type":"binary-expr","locations":[{"start":{"line":128,"column":7},"end":{"line":128,"column":null}},{"start":{"line":129,"column":8},"end":{"line":135,"column":null}}],"line":128}},"s":{"0":0,"1":0,"2":0,"3":0,"4":0,"5":0,"6":0,"7":0,"8":0,"9":0,"10":0,"11":0},"f":{"0":0,"1":0,"2":0,"3":0,"4":0,"5":0},"b":{"0":[0,0],"1":[0,0],"2":[0,0],"3":[0,0],"4":[0,0],"5":[0,0],"6":[0,0]},"meta":{"lastBranch":7,"lastFunction":6,"lastStatement":12,"seen":{"f:23:9:23:22":0,"s:24:2:49:Infinity":0,"f:53:9:53:25":1,"s:54:2:67:Infinity":1,"f:73:9:73:21":2,"s:82:2:90:Infinity":2,"f:96:24:96:37":3,"b:97:2:104:Infinity:undefined:undefined:undefined:undefined":0,"s:97:2:104:Infinity":3,"s:98:4:102:Infinity":4,"s:106:27:106:Infinity":5,"b:106:27:106:53:106:53:106:Infinity":1,"s:107:27:107:Infinity":6,"b:107:27:107:53:107:53:107:Infinity":2,"b:109:2:115:Infinity:undefined:undefined:undefined:undefined":3,"s:109:2:115:Infinity":7,"b:109:6:109:24:109:24:109:43":4,"s:110:4:113:Infinity":8,"s:117:2:137:Infinity":9,"b:119:7:119:Infinity:120:8:126:Infinity":5,"f:123:19:123:25":4,"s:124:12:124:Infinity":10,"b:128:7:128:Infinity:129:8:135:Infinity":6,"f:132:19:132:25":5,"s:133:12:133:Infinity":11}}}
,"/Users/david/dev/señal/señal-front/src/components/form-editor/AIAssistPanel.tsx": {"path":"/Users/david/dev/señal/señal-front/src/components/form-editor/AIAssistPanel.tsx","statementMap":{"0":{"start":{"line":18,"column":33},"end":{"line":23,"column":null}},"1":{"start":{"line":28,"column":2},"end":{"line":36,"column":null}},"2":{"start":{"line":29,"column":4},"end":{"line":34,"column":null}},"3":{"start":{"line":38,"column":2},"end":{"line":47,"column":null}},"4":{"start":{"line":39,"column":4},"end":{"line":45,"column":null}},"5":{"start":{"line":49,"column":2},"end":{"line":54,"column":null}},"6":{"start":{"line":66,"column":59},"end":{"line":66,"column":null}},"7":{"start":{"line":67,"column":30},"end":{"line":67,"column":null}},"8":{"start":{"line":68,"column":24},"end":{"line":68,"column":null}},"9":{"start":{"line":69,"column":28},"end":{"line":69,"column":null}},"10":{"start":{"line":70,"column":8},"end":{"line":70,"column":null}},"11":{"start":{"line":73,"column":2},"end":{"line":77,"column":null}},"12":{"start":{"line":74,"column":4},"end":{"line":76,"column":null}},"13":{"start":{"line":75,"column":6},"end":{"line":75,"column":null}},"14":{"start":{"line":80,"column":20},"end":{"line":80,"column":null}},"15":{"start":{"line":81,"column":4},"end":{"line":81,"column":null}},"16":{"start":{"line":81,"column":29},"end":{"line":81,"column":null}},"17":{"start":{"line":83,"column":29},"end":{"line":87,"column":null}},"18":{"start":{"line":88,"column":4},"end":{"line":88,"column":null}},"19":{"start":{"line":88,"column":26},"end":{"line":88,"column":44}},"20":{"start":{"line":89,"column":4},"end":{"line":89,"column":null}},"21":{"start":{"line":90,"column":4},"end":{"line":90,"column":null}},"22":{"start":{"line":92,"column":4},"end":{"line":131,"column":null}},"23":{"start":{"line":93,"column":18},"end":{"line":96,"column":null}},"24":{"start":{"line":98,"column":21},"end":{"line":98,"column":null}},"25":{"start":{"line":101,"column":22},"end":{"line":101,"column":null}},"26":{"start":{"line":102,"column":6},"end":{"line":109,"column":null}},"27":{"start":{"line":103,"column":8},"end":{"line":103,"column":null}},"28":{"start":{"line":104,"column":6},"end":{"line":109,"column":null}},"29":{"start":{"line":105,"column":26},"end":{"line":105,"column":null}},"30":{"start":{"line":106,"column":8},"end":{"line":106,"column":null}},"31":{"start":{"line":107,"column":6},"end":{"line":109,"column":null}},"32":{"start":{"line":108,"column":8},"end":{"line":108,"column":null}},"33":{"start":{"line":111,"column":29},"end":{"line":119,"column":null}},"34":{"start":{"line":120,"column":6},"end":{"line":120,"column":null}},"35":{"start":{"line":120,"column":28},"end":{"line":120,"column":44}},"36":{"start":{"line":122,"column":30},"end":{"line":127,"column":null}},"37":{"start":{"line":128,"column":6},"end":{"line":128,"column":null}},"38":{"start":{"line":128,"column":28},"end":{"line":128,"column":45}},"39":{"start":{"line":130,"column":6},"end":{"line":130,"column":null}},"40":{"start":{"line":135,"column":4},"end":{"line":138,"column":null}},"41":{"start":{"line":136,"column":6},"end":{"line":136,"column":null}},"42":{"start":{"line":137,"column":6},"end":{"line":137,"column":null}},"43":{"start":{"line":141,"column":2},"end":{"line":228,"column":null}},"44":{"start":{"line":184,"column":14},"end":{"line":184,"column":null}},"45":{"start":{"line":201,"column":33},"end":{"line":201,"column":null}}},"fnMap":{"0":{"name":"Bubble","decl":{"start":{"line":27,"column":9},"end":{"line":27,"column":16}},"loc":{"start":{"line":27,"column":51},"end":{"line":56,"column":null}},"line":27},"1":{"name":"AIAssistPanel","decl":{"start":{"line":65,"column":16},"end":{"line":65,"column":30}},"loc":{"start":{"line":65,"column":71},"end":{"line":230,"column":null}},"line":65},"2":{"name":"(anonymous_2)","decl":{"start":{"line":73,"column":12},"end":{"line":73,"column":18}},"loc":{"start":{"line":73,"column":18},"end":{"line":77,"column":5}},"line":73},"3":{"name":"handleSend","decl":{"start":{"line":79,"column":17},"end":{"line":79,"column":30}},"loc":{"start":{"line":79,"column":30},"end":{"line":132,"column":null}},"line":79},"4":{"name":"(anonymous_4)","decl":{"start":{"line":88,"column":16},"end":{"line":88,"column":17}},"loc":{"start":{"line":88,"column":26},"end":{"line":88,"column":44}},"line":88},"5":{"name":"(anonymous_5)","decl":{"start":{"line":120,"column":18},"end":{"line":120,"column":19}},"loc":{"start":{"line":120,"column":28},"end":{"line":120,"column":44}},"line":120},"6":{"name":"(anonymous_6)","decl":{"start":{"line":128,"column":18},"end":{"line":128,"column":19}},"loc":{"start":{"line":128,"column":28},"end":{"line":128,"column":45}},"line":128},"7":{"name":"handleKeyDown","decl":{"start":{"line":134,"column":11},"end":{"line":134,"column":25}},"loc":{"start":{"line":134,"column":70},"end":{"line":139,"column":null}},"line":134},"8":{"name":"(anonymous_8)","decl":{"start":{"line":183,"column":26},"end":{"line":183,"column":27}},"loc":{"start":{"line":184,"column":14},"end":{"line":184,"column":null}},"line":184},"9":{"name":"(anonymous_9)","decl":{"start":{"line":201,"column":26},"end":{"line":201,"column":27}},"loc":{"start":{"line":201,"column":33},"end":{"line":201,"column":null}},"line":201}},"branchMap":{"0":{"loc":{"start":{"line":28,"column":2},"end":{"line":36,"column":null}},"type":"if","locations":[{"start":{"line":28,"column":2},"end":{"line":36,"column":null}},{"start":{},"end":{}}],"line":28},"1":{"loc":{"start":{"line":38,"column":2},"end":{"line":47,"column":null}},"type":"if","locations":[{"start":{"line":38,"column":2},"end":{"line":47,"column":null}},{"start":{},"end":{}}],"line":38},"2":{"loc":{"start":{"line":74,"column":4},"end":{"line":76,"column":null}},"type":"if","locations":[{"start":{"line":74,"column":4},"end":{"line":76,"column":null}},{"start":{},"end":{}}],"line":74},"3":{"loc":{"start":{"line":81,"column":4},"end":{"line":81,"column":null}},"type":"if","locations":[{"start":{"line":81,"column":4},"end":{"line":81,"column":null}},{"start":{},"end":{}}],"line":81},"4":{"loc":{"start":{"line":81,"column":8},"end":{"line":81,"column":29}},"type":"binary-expr","locations":[{"start":{"line":81,"column":8},"end":{"line":81,"column":20}},{"start":{"line":81,"column":20},"end":{"line":81,"column":29}}],"line":81},"5":{"loc":{"start":{"line":102,"column":6},"end":{"line":109,"column":null}},"type":"if","locations":[{"start":{"line":102,"column":6},"end":{"line":109,"column":null}},{"start":{"line":104,"column":6},"end":{"line":109,"column":null}}],"line":102},"6":{"loc":{"start":{"line":102,"column":10},"end":{"line":102,"column":82}},"type":"binary-expr","locations":[{"start":{"line":102,"column":10},"end":{"line":102,"column":49}},{"start":{"line":102,"column":49},"end":{"line":102,"column":82}}],"line":102},"7":{"loc":{"start":{"line":104,"column":6},"end":{"line":109,"column":null}},"type":"if","locations":[{"start":{"line":104,"column":6},"end":{"line":109,"column":null}},{"start":{"line":107,"column":6},"end":{"line":109,"column":null}}],"line":104},"8":{"loc":{"start":{"line":104,"column":17},"end":{"line":104,"column":89}},"type":"binary-expr","locations":[{"start":{"line":104,"column":17},"end":{"line":104,"column":50}},{"start":{"line":104,"column":50},"end":{"line":104,"column":89}}],"line":104},"9":{"loc":{"start":{"line":106,"column":36},"end":{"line":106,"column":51}},"type":"binary-expr","locations":[{"start":{"line":106,"column":36},"end":{"line":106,"column":49}},{"start":{"line":106,"column":49},"end":{"line":106,"column":51}}],"line":106},"10":{"loc":{"start":{"line":107,"column":6},"end":{"line":109,"column":null}},"type":"if","locations":[{"start":{"line":107,"column":6},"end":{"line":109,"column":null}},{"start":{},"end":{}}],"line":107},"11":{"loc":{"start":{"line":107,"column":17},"end":{"line":107,"column":89}},"type":"binary-expr","locations":[{"start":{"line":107,"column":17},"end":{"line":107,"column":52}},{"start":{"line":107,"column":52},"end":{"line":107,"column":89}}],"line":107},"12":{"loc":{"start":{"line":115,"column":10},"end":{"line":118,"column":null}},"type":"binary-expr","locations":[{"start":{"line":115,"column":10},"end":{"line":115,"column":null}},{"start":{"line":116,"column":11},"end":{"line":118,"column":null}}],"line":115},"13":{"loc":{"start":{"line":116,"column":11},"end":{"line":118,"column":null}},"type":"cond-expr","locations":[{"start":{"line":117,"column":14},"end":{"line":117,"column":null}},{"start":{"line":118,"column":14},"end":{"line":118,"column":null}}],"line":116},"14":{"loc":{"start":{"line":135,"column":4},"end":{"line":138,"column":null}},"type":"if","locations":[{"start":{"line":135,"column":4},"end":{"line":138,"column":null}},{"start":{},"end":{}}],"line":135},"15":{"loc":{"start":{"line":135,"column":8},"end":{"line":135,"column":42}},"type":"binary-expr","locations":[{"start":{"line":135,"column":8},"end":{"line":135,"column":29}},{"start":{"line":135,"column":29},"end":{"line":135,"column":42}}],"line":135},"16":{"loc":{"start":{"line":143,"column":7},"end":{"line":226,"column":null}},"type":"binary-expr","locations":[{"start":{"line":143,"column":7},"end":{"line":143,"column":null}},{"start":{"line":144,"column":8},"end":{"line":226,"column":null}}],"line":143},"17":{"loc":{"start":{"line":186,"column":13},"end":{"line":192,"column":null}},"type":"binary-expr","locations":[{"start":{"line":186,"column":13},"end":{"line":186,"column":null}},{"start":{"line":187,"column":14},"end":{"line":192,"column":null}}],"line":186},"18":{"loc":{"start":{"line":211,"column":26},"end":{"line":211,"column":null}},"type":"binary-expr","locations":[{"start":{"line":211,"column":26},"end":{"line":211,"column":43}},{"start":{"line":211,"column":43},"end":{"line":211,"column":null}}],"line":211}},"s":{"0":1,"1":213,"2":12,"3":201,"4":2,"5":199,"6":197,"7":197,"8":197,"9":197,"10":197,"11":197,"12":26,"13":25,"14":7,"15":7,"16":0,"17":7,"18":7,"19":7,"20":7,"21":7,"22":7,"23":7,"24":3,"25":3,"26":3,"27":1,"28":2,"29":0,"30":0,"31":2,"32":0,"33":3,"34":7,"35":3,"36":4,"37":4,"38":4,"39":7,"40":172,"41":1,"42":1,"43":197,"44":213,"45":171},"f":{"0":213,"1":197,"2":26,"3":7,"4":7,"5":3,"6":4,"7":172,"8":213,"9":171},"b":{"0":[12,201],"1":[2,199],"2":[25,1],"3":[0,7],"4":[7,7],"5":[1,2],"6":[3,1],"7":[0,2],"8":[2,0],"9":[0,0],"10":[0,2],"11":[2,0],"12":[3,0],"13":[0,0],"14":[1,171],"15":[172,1],"16":[197,196],"17":[196,7],"18":[196,171]},"meta":{"lastBranch":19,"lastFunction":10,"lastStatement":46,"seen":{"s:18:33:23:Infinity":0,"f:27:9:27:16":0,"b:28:2:36:Infinity:undefined:undefined:undefined:undefined":0,"s:28:2:36:Infinity":1,"s:29:4:34:Infinity":2,"b:38:2:47:Infinity:undefined:undefined:undefined:undefined":1,"s:38:2:47:Infinity":3,"s:39:4:45:Infinity":4,"s:49:2:54:Infinity":5,"f:65:16:65:30":1,"s:66:59:66:Infinity":6,"s:67:30:67:Infinity":7,"s:68:24:68:Infinity":8,"s:69:28:69:Infinity":9,"s:70:8:70:Infinity":10,"s:73:2:77:Infinity":11,"f:73:12:73:18":2,"b:74:4:76:Infinity:undefined:undefined:undefined:undefined":2,"s:74:4:76:Infinity":12,"s:75:6:75:Infinity":13,"f:79:17:79:30":3,"s:80:20:80:Infinity":14,"b:81:4:81:Infinity:undefined:undefined:undefined:undefined":3,"s:81:4:81:Infinity":15,"b:81:8:81:20:81:20:81:29":4,"s:81:29:81:Infinity":16,"s:83:29:87:Infinity":17,"s:88:4:88:Infinity":18,"f:88:16:88:17":4,"s:88:26:88:44":19,"s:89:4:89:Infinity":20,"s:90:4:90:Infinity":21,"s:92:4:131:Infinity":22,"s:93:18:96:Infinity":23,"s:98:21:98:Infinity":24,"s:101:22:101:Infinity":25,"b:102:6:109:Infinity:104:6:109:Infinity":5,"s:102:6:109:Infinity":26,"b:102:10:102:49:102:49:102:82":6,"s:103:8:103:Infinity":27,"b:104:6:109:Infinity:107:6:109:Infinity":7,"s:104:6:109:Infinity":28,"b:104:17:104:50:104:50:104:89":8,"s:105:26:105:Infinity":29,"s:106:8:106:Infinity":30,"b:106:36:106:49:106:49:106:51":9,"b:107:6:109:Infinity:undefined:undefined:undefined:undefined":10,"s:107:6:109:Infinity":31,"b:107:17:107:52:107:52:107:89":11,"s:108:8:108:Infinity":32,"s:111:29:119:Infinity":33,"b:115:10:115:Infinity:116:11:118:Infinity":12,"b:117:14:117:Infinity:118:14:118:Infinity":13,"s:120:6:120:Infinity":34,"f:120:18:120:19":5,"s:120:28:120:44":35,"s:122:30:127:Infinity":36,"s:128:6:128:Infinity":37,"f:128:18:128:19":6,"s:128:28:128:45":38,"s:130:6:130:Infinity":39,"f:134:11:134:25":7,"b:135:4:138:Infinity:undefined:undefined:undefined:undefined":14,"s:135:4:138:Infinity":40,"b:135:8:135:29:135:29:135:42":15,"s:136:6:136:Infinity":41,"s:137:6:137:Infinity":42,"s:141:2:228:Infinity":43,"b:143:7:143:Infinity:144:8:226:Infinity":16,"f:183:26:183:27":8,"s:184:14:184:Infinity":44,"b:186:13:186:Infinity:187:14:192:Infinity":17,"f:201:26:201:27":9,"s:201:33:201:Infinity":45,"b:211:26:211:43:211:43:211:Infinity":18}}}
,"/Users/david/dev/señal/señal-front/src/components/form-editor/EditorCanvas.tsx": {"path":"/Users/david/dev/señal/señal-front/src/components/form-editor/EditorCanvas.tsx","statementMap":{"0":{"start":{"line":41,"column":2},"end":{"line":44,"column":null}},"1":{"start":{"line":46,"column":16},"end":{"line":49,"column":null}},"2":{"start":{"line":51,"column":2},"end":{"line":58,"column":null}},"3":{"start":{"line":71,"column":2},"end":{"line":71,"column":null}},"4":{"start":{"line":73,"column":23},"end":{"line":73,"column":null}},"5":{"start":{"line":75,"column":40},"end":{"line":75,"column":null}},"6":{"start":{"line":76,"column":36},"end":{"line":76,"column":null}},"7":{"start":{"line":78,"column":26},"end":{"line":78,"column":null}},"8":{"start":{"line":80,"column":8},"end":{"line":87,"column":null}},"9":{"start":{"line":90,"column":23},"end":{"line":90,"column":null}},"10":{"start":{"line":91,"column":17},"end":{"line":91,"column":null}},"11":{"start":{"line":93,"column":4},"end":{"line":102,"column":null}},"12":{"start":{"line":94,"column":18},"end":{"line":94,"column":null}},"13":{"start":{"line":94,"column":39},"end":{"line":94,"column":57}},"14":{"start":{"line":95,"column":6},"end":{"line":95,"column":null}},"15":{"start":{"line":96,"column":6},"end":{"line":96,"column":null}},"16":{"start":{"line":97,"column":4},"end":{"line":102,"column":null}},"17":{"start":{"line":98,"column":18},"end":{"line":98,"column":null}},"18":{"start":{"line":98,"column":39},"end":{"line":98,"column":62}},"19":{"start":{"line":99,"column":20},"end":{"line":99,"column":null}},"20":{"start":{"line":99,"column":44},"end":{"line":99,"column":62}},"21":{"start":{"line":100,"column":6},"end":{"line":100,"column":null}},"22":{"start":{"line":101,"column":6},"end":{"line":101,"column":null}},"23":{"start":{"line":106,"column":4},"end":{"line":106,"column":null}},"24":{"start":{"line":110,"column":29},"end":{"line":110,"column":null}},"25":{"start":{"line":111,"column":4},"end":{"line":111,"column":null}},"26":{"start":{"line":112,"column":4},"end":{"line":112,"column":null}},"27":{"start":{"line":113,"column":4},"end":{"line":113,"column":null}},"28":{"start":{"line":115,"column":4},"end":{"line":115,"column":null}},"29":{"start":{"line":115,"column":40},"end":{"line":115,"column":null}},"30":{"start":{"line":117,"column":23},"end":{"line":117,"column":null}},"31":{"start":{"line":118,"column":21},"end":{"line":118,"column":null}},"32":{"start":{"line":121,"column":4},"end":{"line":128,"column":null}},"33":{"start":{"line":122,"column":24},"end":{"line":122,"column":null}},"34":{"start":{"line":122,"column":50},"end":{"line":122,"column":68}},"35":{"start":{"line":123,"column":22},"end":{"line":123,"column":null}},"36":{"start":{"line":123,"column":48},"end":{"line":123,"column":64}},"37":{"start":{"line":124,"column":6},"end":{"line":126,"column":null}},"38":{"start":{"line":125,"column":8},"end":{"line":125,"column":null}},"39":{"start":{"line":127,"column":6},"end":{"line":127,"column":null}},"40":{"start":{"line":131,"column":4},"end":{"line":172,"column":null}},"41":{"start":{"line":132,"column":28},"end":{"line":132,"column":null}},"42":{"start":{"line":133,"column":26},"end":{"line":133,"column":null}},"43":{"start":{"line":133,"column":47},"end":{"line":133,"column":69}},"44":{"start":{"line":134,"column":6},"end":{"line":134,"column":null}},"45":{"start":{"line":134,"column":24},"end":{"line":134,"column":null}},"46":{"start":{"line":136,"column":24},"end":{"line":136,"column":null}},"47":{"start":{"line":136,"column":60},"end":{"line":136,"column":78}},"48":{"start":{"line":137,"column":6},"end":{"line":137,"column":null}},"49":{"start":{"line":137,"column":28},"end":{"line":137,"column":null}},"50":{"start":{"line":143,"column":6},"end":{"line":165,"column":null}},"51":{"start":{"line":145,"column":8},"end":{"line":145,"column":null}},"52":{"start":{"line":146,"column":26},"end":{"line":146,"column":null}},"53":{"start":{"line":146,"column":47},"end":{"line":146,"column":67}},"54":{"start":{"line":147,"column":8},"end":{"line":147,"column":null}},"55":{"start":{"line":147,"column":24},"end":{"line":147,"column":null}},"56":{"start":{"line":148,"column":8},"end":{"line":148,"column":null}},"57":{"start":{"line":148,"column":52},"end":{"line":148,"column":68}},"58":{"start":{"line":149,"column":8},"end":{"line":149,"column":null}},"59":{"start":{"line":149,"column":28},"end":{"line":149,"column":null}},"60":{"start":{"line":150,"column":6},"end":{"line":165,"column":null}},"61":{"start":{"line":152,"column":8},"end":{"line":152,"column":null}},"62":{"start":{"line":153,"column":26},"end":{"line":153,"column":null}},"63":{"start":{"line":153,"column":47},"end":{"line":153,"column":67}},"64":{"start":{"line":154,"column":8},"end":{"line":154,"column":null}},"65":{"start":{"line":154,"column":24},"end":{"line":154,"column":null}},"66":{"start":{"line":155,"column":8},"end":{"line":155,"column":null}},"67":{"start":{"line":158,"column":25},"end":{"line":158,"column":null}},"68":{"start":{"line":158,"column":46},"end":{"line":158,"column":62}},"69":{"start":{"line":159,"column":8},"end":{"line":164,"column":null}},"70":{"start":{"line":160,"column":10},"end":{"line":160,"column":null}},"71":{"start":{"line":161,"column":10},"end":{"line":161,"column":null}},"72":{"start":{"line":163,"column":10},"end":{"line":163,"column":null}},"73":{"start":{"line":167,"column":6},"end":{"line":171,"column":null}},"74":{"start":{"line":168,"column":8},"end":{"line":168,"column":null}},"75":{"start":{"line":170,"column":8},"end":{"line":170,"column":null}},"76":{"start":{"line":175,"column":21},"end":{"line":175,"column":null}},"77":{"start":{"line":175,"column":41},"end":{"line":175,"column":45}},"78":{"start":{"line":177,"column":2},"end":{"line":216,"column":null}},"79":{"start":{"line":188,"column":12},"end":{"line":188,"column":null}},"80":{"start":{"line":195,"column":23},"end":{"line":195,"column":null}}},"fnMap":{"0":{"name":"SortableSectionWrapper","decl":{"start":{"line":33,"column":9},"end":{"line":33,"column":32}},"loc":{"start":{"line":33,"column":74},"end":{"line":60,"column":null}},"line":33},"1":{"name":"EditorCanvas","decl":{"start":{"line":64,"column":16},"end":{"line":64,"column":31}},"loc":{"start":{"line":64,"column":31},"end":{"line":218,"column":null}},"line":64},"2":{"name":"handleDragStart","decl":{"start":{"line":89,"column":11},"end":{"line":89,"column":27}},"loc":{"start":{"line":89,"column":50},"end":{"line":103,"column":null}},"line":89},"3":{"name":"(anonymous_3)","decl":{"start":{"line":94,"column":32},"end":{"line":94,"column":33}},"loc":{"start":{"line":94,"column":39},"end":{"line":94,"column":57}},"line":94},"4":{"name":"(anonymous_4)","decl":{"start":{"line":98,"column":32},"end":{"line":98,"column":33}},"loc":{"start":{"line":98,"column":39},"end":{"line":98,"column":62}},"line":98},"5":{"name":"(anonymous_5)","decl":{"start":{"line":99,"column":37},"end":{"line":99,"column":38}},"loc":{"start":{"line":99,"column":44},"end":{"line":99,"column":62}},"line":99},"6":{"name":"handleDragOver","decl":{"start":{"line":105,"column":11},"end":{"line":105,"column":26}},"loc":{"start":{"line":105,"column":48},"end":{"line":107,"column":null}},"line":105},"7":{"name":"handleDragEnd","decl":{"start":{"line":109,"column":11},"end":{"line":109,"column":25}},"loc":{"start":{"line":109,"column":46},"end":{"line":173,"column":null}},"line":109},"8":{"name":"(anonymous_8)","decl":{"start":{"line":122,"column":43},"end":{"line":122,"column":44}},"loc":{"start":{"line":122,"column":50},"end":{"line":122,"column":68}},"line":122},"9":{"name":"(anonymous_9)","decl":{"start":{"line":123,"column":41},"end":{"line":123,"column":42}},"loc":{"start":{"line":123,"column":48},"end":{"line":123,"column":64}},"line":123},"10":{"name":"(anonymous_10)","decl":{"start":{"line":133,"column":40},"end":{"line":133,"column":41}},"loc":{"start":{"line":133,"column":47},"end":{"line":133,"column":69}},"line":133},"11":{"name":"(anonymous_11)","decl":{"start":{"line":136,"column":53},"end":{"line":136,"column":54}},"loc":{"start":{"line":136,"column":60},"end":{"line":136,"column":78}},"line":136},"12":{"name":"(anonymous_12)","decl":{"start":{"line":146,"column":40},"end":{"line":146,"column":41}},"loc":{"start":{"line":146,"column":47},"end":{"line":146,"column":67}},"line":146},"13":{"name":"(anonymous_13)","decl":{"start":{"line":148,"column":45},"end":{"line":148,"column":46}},"loc":{"start":{"line":148,"column":52},"end":{"line":148,"column":68}},"line":148},"14":{"name":"(anonymous_14)","decl":{"start":{"line":153,"column":40},"end":{"line":153,"column":41}},"loc":{"start":{"line":153,"column":47},"end":{"line":153,"column":67}},"line":153},"15":{"name":"(anonymous_15)","decl":{"start":{"line":158,"column":39},"end":{"line":158,"column":40}},"loc":{"start":{"line":158,"column":46},"end":{"line":158,"column":62}},"line":158},"16":{"name":"(anonymous_16)","decl":{"start":{"line":175,"column":34},"end":{"line":175,"column":35}},"loc":{"start":{"line":175,"column":41},"end":{"line":175,"column":45}},"line":175},"17":{"name":"(anonymous_17)","decl":{"start":{"line":187,"column":24},"end":{"line":187,"column":25}},"loc":{"start":{"line":188,"column":12},"end":{"line":188,"column":null}},"line":188},"18":{"name":"(anonymous_18)","decl":{"start":{"line":195,"column":17},"end":{"line":195,"column":23}},"loc":{"start":{"line":195,"column":23},"end":{"line":195,"column":null}},"line":195}},"branchMap":{"0":{"loc":{"start":{"line":93,"column":4},"end":{"line":102,"column":null}},"type":"if","locations":[{"start":{"line":93,"column":4},"end":{"line":102,"column":null}},{"start":{"line":97,"column":4},"end":{"line":102,"column":null}}],"line":93},"1":{"loc":{"start":{"line":95,"column":23},"end":{"line":95,"column":34}},"type":"binary-expr","locations":[{"start":{"line":95,"column":23},"end":{"line":95,"column":30}},{"start":{"line":95,"column":30},"end":{"line":95,"column":34}}],"line":95},"2":{"loc":{"start":{"line":97,"column":4},"end":{"line":102,"column":null}},"type":"if","locations":[{"start":{"line":97,"column":4},"end":{"line":102,"column":null}},{"start":{},"end":{}}],"line":97},"3":{"loc":{"start":{"line":100,"column":21},"end":{"line":100,"column":72}},"type":"cond-expr","locations":[{"start":{"line":100,"column":29},"end":{"line":100,"column":68}},{"start":{"line":100,"column":68},"end":{"line":100,"column":72}}],"line":100},"4":{"loc":{"start":{"line":106,"column":14},"end":{"line":106,"column":46}},"type":"binary-expr","locations":[{"start":{"line":106,"column":14},"end":{"line":106,"column":42}},{"start":{"line":106,"column":42},"end":{"line":106,"column":46}}],"line":106},"5":{"loc":{"start":{"line":115,"column":4},"end":{"line":115,"column":null}},"type":"if","locations":[{"start":{"line":115,"column":4},"end":{"line":115,"column":null}},{"start":{},"end":{}}],"line":115},"6":{"loc":{"start":{"line":115,"column":8},"end":{"line":115,"column":40}},"type":"binary-expr","locations":[{"start":{"line":115,"column":8},"end":{"line":115,"column":17}},{"start":{"line":115,"column":17},"end":{"line":115,"column":40}}],"line":115},"7":{"loc":{"start":{"line":121,"column":4},"end":{"line":128,"column":null}},"type":"if","locations":[{"start":{"line":121,"column":4},"end":{"line":128,"column":null}},{"start":{},"end":{}}],"line":121},"8":{"loc":{"start":{"line":124,"column":6},"end":{"line":126,"column":null}},"type":"if","locations":[{"start":{"line":124,"column":6},"end":{"line":126,"column":null}},{"start":{},"end":{}}],"line":124},"9":{"loc":{"start":{"line":124,"column":10},"end":{"line":124,"column":46}},"type":"binary-expr","locations":[{"start":{"line":124,"column":10},"end":{"line":124,"column":30}},{"start":{"line":124,"column":30},"end":{"line":124,"column":46}}],"line":124},"10":{"loc":{"start":{"line":131,"column":4},"end":{"line":172,"column":null}},"type":"if","locations":[{"start":{"line":131,"column":4},"end":{"line":172,"column":null}},{"start":{},"end":{}}],"line":131},"11":{"loc":{"start":{"line":134,"column":6},"end":{"line":134,"column":null}},"type":"if","locations":[{"start":{"line":134,"column":6},"end":{"line":134,"column":null}},{"start":{},"end":{}}],"line":134},"12":{"loc":{"start":{"line":137,"column":6},"end":{"line":137,"column":null}},"type":"if","locations":[{"start":{"line":137,"column":6},"end":{"line":137,"column":null}},{"start":{},"end":{}}],"line":137},"13":{"loc":{"start":{"line":143,"column":6},"end":{"line":165,"column":null}},"type":"if","locations":[{"start":{"line":143,"column":6},"end":{"line":165,"column":null}},{"start":{"line":150,"column":6},"end":{"line":165,"column":null}}],"line":143},"14":{"loc":{"start":{"line":147,"column":8},"end":{"line":147,"column":null}},"type":"if","locations":[{"start":{"line":147,"column":8},"end":{"line":147,"column":null}},{"start":{},"end":{}}],"line":147},"15":{"loc":{"start":{"line":149,"column":8},"end":{"line":149,"column":null}},"type":"if","locations":[{"start":{"line":149,"column":8},"end":{"line":149,"column":null}},{"start":{},"end":{}}],"line":149},"16":{"loc":{"start":{"line":150,"column":6},"end":{"line":165,"column":null}},"type":"if","locations":[{"start":{"line":150,"column":6},"end":{"line":165,"column":null}},{"start":{"line":156,"column":13},"end":{"line":165,"column":null}}],"line":150},"17":{"loc":{"start":{"line":154,"column":8},"end":{"line":154,"column":null}},"type":"if","locations":[{"start":{"line":154,"column":8},"end":{"line":154,"column":null}},{"start":{},"end":{}}],"line":154},"18":{"loc":{"start":{"line":159,"column":8},"end":{"line":164,"column":null}},"type":"if","locations":[{"start":{"line":159,"column":8},"end":{"line":164,"column":null}},{"start":{"line":162,"column":15},"end":{"line":164,"column":null}}],"line":159},"19":{"loc":{"start":{"line":167,"column":6},"end":{"line":171,"column":null}},"type":"if","locations":[{"start":{"line":167,"column":6},"end":{"line":171,"column":null}},{"start":{"line":169,"column":13},"end":{"line":171,"column":null}}],"line":167},"20":{"loc":{"start":{"line":205,"column":9},"end":{"line":208,"column":null}},"type":"binary-expr","locations":[{"start":{"line":205,"column":9},"end":{"line":205,"column":null}},{"start":{"line":206,"column":10},"end":{"line":208,"column":null}}],"line":205},"21":{"loc":{"start":{"line":210,"column":9},"end":{"line":213,"column":null}},"type":"binary-expr","locations":[{"start":{"line":210,"column":9},"end":{"line":210,"column":null}},{"start":{"line":211,"column":10},"end":{"line":213,"column":null}}],"line":210}},"s":{"0":4,"1":4,"2":4,"3":6,"4":6,"5":6,"6":6,"7":6,"8":6,"9":0,"10":0,"11":0,"12":0,"13":0,"14":0,"15":0,"16":0,"17":0,"18":0,"19":0,"20":0,"21":0,"22":0,"23":0,"24":0,"25":0,"26":0,"27":0,"28":0,"29":0,"30":0,"31":0,"32":0,"33":0,"34":0,"35":0,"36":0,"37":0,"38":0,"39":0,"40":0,"41":0,"42":0,"43":0,"44":0,"45":0,"46":0,"47":0,"48":0,"49":0,"50":0,"51":0,"52":0,"53":0,"54":0,"55":0,"56":0,"57":0,"58":0,"59":0,"60":0,"61":0,"62":0,"63":0,"64":0,"65":0,"66":0,"67":0,"68":0,"69":0,"70":0,"71":0,"72":0,"73":0,"74":0,"75":0,"76":6,"77":4,"78":6,"79":4,"80":1},"f":{"0":4,"1":6,"2":0,"3":0,"4":0,"5":0,"6":0,"7":0,"8":0,"9":0,"10":0,"11":0,"12":0,"13":0,"14":0,"15":0,"16":4,"17":4,"18":1},"b":{"0":[0,0],"1":[0,0],"2":[0,0],"3":[0,0],"4":[0,0],"5":[0,0],"6":[0,0],"7":[0,0],"8":[0,0],"9":[0,0],"10":[0,0],"11":[0,0],"12":[0,0],"13":[0,0],"14":[0,0],"15":[0,0],"16":[0,0],"17":[0,0],"18":[0,0],"19":[0,0],"20":[6,0],"21":[6,0]},"meta":{"lastBranch":22,"lastFunction":19,"lastStatement":81,"seen":{"f:33:9:33:32":0,"s:41:2:44:Infinity":0,"s:46:16:49:Infinity":1,"s:51:2:58:Infinity":2,"f:64:16:64:31":1,"s:71:2:71:Infinity":3,"s:73:23:73:Infinity":4,"s:75:40:75:Infinity":5,"s:76:36:76:Infinity":6,"s:78:26:78:Infinity":7,"s:80:8:87:Infinity":8,"f:89:11:89:27":2,"s:90:23:90:Infinity":9,"s:91:17:91:Infinity":10,"b:93:4:102:Infinity:97:4:102:Infinity":0,"s:93:4:102:Infinity":11,"s:94:18:94:Infinity":12,"f:94:32:94:33":3,"s:94:39:94:57":13,"s:95:6:95:Infinity":14,"b:95:23:95:30:95:30:95:34":1,"s:96:6:96:Infinity":15,"b:97:4:102:Infinity:undefined:undefined:undefined:undefined":2,"s:97:4:102:Infinity":16,"s:98:18:98:Infinity":17,"f:98:32:98:33":4,"s:98:39:98:62":18,"s:99:20:99:Infinity":19,"f:99:37:99:38":5,"s:99:44:99:62":20,"s:100:6:100:Infinity":21,"b:100:29:100:68:100:68:100:72":3,"s:101:6:101:Infinity":22,"f:105:11:105:26":6,"s:106:4:106:Infinity":23,"b:106:14:106:42:106:42:106:46":4,"f:109:11:109:25":7,"s:110:29:110:Infinity":24,"s:111:4:111:Infinity":25,"s:112:4:112:Infinity":26,"s:113:4:113:Infinity":27,"b:115:4:115:Infinity:undefined:undefined:undefined:undefined":5,"s:115:4:115:Infinity":28,"b:115:8:115:17:115:17:115:40":6,"s:115:40:115:Infinity":29,"s:117:23:117:Infinity":30,"s:118:21:118:Infinity":31,"b:121:4:128:Infinity:undefined:undefined:undefined:undefined":7,"s:121:4:128:Infinity":32,"s:122:24:122:Infinity":33,"f:122:43:122:44":8,"s:122:50:122:68":34,"s:123:22:123:Infinity":35,"f:123:41:123:42":9,"s:123:48:123:64":36,"b:124:6:126:Infinity:undefined:undefined:undefined:undefined":8,"s:124:6:126:Infinity":37,"b:124:10:124:30:124:30:124:46":9,"s:125:8:125:Infinity":38,"s:127:6:127:Infinity":39,"b:131:4:172:Infinity:undefined:undefined:undefined:undefined":10,"s:131:4:172:Infinity":40,"s:132:28:132:Infinity":41,"s:133:26:133:Infinity":42,"f:133:40:133:41":10,"s:133:47:133:69":43,"b:134:6:134:Infinity:undefined:undefined:undefined:undefined":11,"s:134:6:134:Infinity":44,"s:134:24:134:Infinity":45,"s:136:24:136:Infinity":46,"f:136:53:136:54":11,"s:136:60:136:78":47,"b:137:6:137:Infinity:undefined:undefined:undefined:undefined":12,"s:137:6:137:Infinity":48,"s:137:28:137:Infinity":49,"b:143:6:165:Infinity:150:6:165:Infinity":13,"s:143:6:165:Infinity":50,"s:145:8:145:Infinity":51,"s:146:26:146:Infinity":52,"f:146:40:146:41":12,"s:146:47:146:67":53,"b:147:8:147:Infinity:undefined:undefined:undefined:undefined":14,"s:147:8:147:Infinity":54,"s:147:24:147:Infinity":55,"s:148:8:148:Infinity":56,"f:148:45:148:46":13,"s:148:52:148:68":57,"b:149:8:149:Infinity:undefined:undefined:undefined:undefined":15,"s:149:8:149:Infinity":58,"s:149:28:149:Infinity":59,"b:150:6:165:Infinity:156:13:165:Infinity":16,"s:150:6:165:Infinity":60,"s:152:8:152:Infinity":61,"s:153:26:153:Infinity":62,"f:153:40:153:41":14,"s:153:47:153:67":63,"b:154:8:154:Infinity:undefined:undefined:undefined:undefined":17,"s:154:8:154:Infinity":64,"s:154:24:154:Infinity":65,"s:155:8:155:Infinity":66,"s:158:25:158:Infinity":67,"f:158:39:158:40":15,"s:158:46:158:62":68,"b:159:8:164:Infinity:162:15:164:Infinity":18,"s:159:8:164:Infinity":69,"s:160:10:160:Infinity":70,"s:161:10:161:Infinity":71,"s:163:10:163:Infinity":72,"b:167:6:171:Infinity:169:13:171:Infinity":19,"s:167:6:171:Infinity":73,"s:168:8:168:Infinity":74,"s:170:8:170:Infinity":75,"s:175:21:175:Infinity":76,"f:175:34:175:35":16,"s:175:41:175:45":77,"s:177:2:216:Infinity":78,"f:187:24:187:25":17,"s:188:12:188:Infinity":79,"f:195:17:195:23":18,"s:195:23:195:Infinity":80,"b:205:9:205:Infinity:206:10:208:Infinity":20,"b:210:9:210:Infinity:211:10:213:Infinity":21}}}
,"/Users/david/dev/señal/señal-front/src/components/form-editor/FieldRow.tsx": {"path":"/Users/david/dev/señal/señal-front/src/components/form-editor/FieldRow.tsx","statementMap":{"0":{"start":{"line":17,"column":22},"end":{"line":17,"column":null}},"1":{"start":{"line":18,"column":8},"end":{"line":18,"column":null}},"2":{"start":{"line":20,"column":2},"end":{"line":29,"column":null}},"3":{"start":{"line":21,"column":4},"end":{"line":21,"column":null}},"4":{"start":{"line":21,"column":15},"end":{"line":21,"column":null}},"5":{"start":{"line":23,"column":6},"end":{"line":25,"column":null}},"6":{"start":{"line":24,"column":8},"end":{"line":24,"column":null}},"7":{"start":{"line":27,"column":4},"end":{"line":27,"column":null}},"8":{"start":{"line":28,"column":4},"end":{"line":28,"column":null}},"9":{"start":{"line":28,"column":17},"end":{"line":28,"column":null}},"10":{"start":{"line":32,"column":4},"end":{"line":32,"column":null}},"11":{"start":{"line":33,"column":4},"end":{"line":33,"column":null}},"12":{"start":{"line":36,"column":2},"end":{"line":72,"column":null}},"13":{"start":{"line":39,"column":26},"end":{"line":39,"column":47}},"14":{"start":{"line":39,"column":47},"end":{"line":39,"column":66}},"15":{"start":{"line":39,"column":62},"end":{"line":39,"column":64}},"16":{"start":{"line":49,"column":27},"end":{"line":49,"column":null}},"17":{"start":{"line":56,"column":27},"end":{"line":56,"column":null}},"18":{"start":{"line":64,"column":27},"end":{"line":64,"column":null}},"19":{"start":{"line":86,"column":45},"end":{"line":86,"column":null}},"20":{"start":{"line":87,"column":24},"end":{"line":87,"column":null}},"21":{"start":{"line":88,"column":30},"end":{"line":88,"column":null}},"22":{"start":{"line":91,"column":2},"end":{"line":93,"column":null}},"23":{"start":{"line":92,"column":4},"end":{"line":92,"column":null}},"24":{"start":{"line":95,"column":2},"end":{"line":97,"column":null}},"25":{"start":{"line":96,"column":4},"end":{"line":96,"column":null}},"26":{"start":{"line":100,"column":20},"end":{"line":100,"column":null}},"27":{"start":{"line":101,"column":4},"end":{"line":104,"column":null}},"28":{"start":{"line":102,"column":6},"end":{"line":102,"column":null}},"29":{"start":{"line":103,"column":6},"end":{"line":103,"column":null}},"30":{"start":{"line":105,"column":10},"end":{"line":105,"column":null}},"31":{"start":{"line":106,"column":4},"end":{"line":106,"column":null}},"32":{"start":{"line":110,"column":4},"end":{"line":110,"column":null}},"33":{"start":{"line":114,"column":4},"end":{"line":116,"column":null}},"34":{"start":{"line":115,"column":6},"end":{"line":115,"column":null}},"35":{"start":{"line":120,"column":4},"end":{"line":120,"column":null}},"36":{"start":{"line":124,"column":4},"end":{"line":124,"column":null}},"37":{"start":{"line":128,"column":4},"end":{"line":136,"column":null}},"38":{"start":{"line":139,"column":2},"end":{"line":210,"column":null}},"39":{"start":{"line":173,"column":27},"end":{"line":173,"column":null}},"40":{"start":{"line":193,"column":26},"end":{"line":193,"column":null}},"41":{"start":{"line":202,"column":27},"end":{"line":202,"column":null}},"42":{"start":{"line":204,"column":30},"end":{"line":204,"column":76}},"43":{"start":{"line":204,"column":53},"end":{"line":204,"column":76}}},"fnMap":{"0":{"name":"OptionsMenu","decl":{"start":{"line":16,"column":9},"end":{"line":16,"column":21}},"loc":{"start":{"line":16,"column":78},"end":{"line":74,"column":null}},"line":16},"1":{"name":"(anonymous_1)","decl":{"start":{"line":20,"column":12},"end":{"line":20,"column":18}},"loc":{"start":{"line":20,"column":18},"end":{"line":29,"column":5}},"line":20},"2":{"name":"handleClickOutside","decl":{"start":{"line":22,"column":13},"end":{"line":22,"column":32}},"loc":{"start":{"line":22,"column":47},"end":{"line":26,"column":null}},"line":22},"3":{"name":"(anonymous_3)","decl":{"start":{"line":28,"column":11},"end":{"line":28,"column":17}},"loc":{"start":{"line":28,"column":17},"end":{"line":28,"column":null}},"line":28},"4":{"name":"handle","decl":{"start":{"line":31,"column":11},"end":{"line":31,"column":18}},"loc":{"start":{"line":31,"column":34},"end":{"line":34,"column":null}},"line":31},"5":{"name":"(anonymous_5)","decl":{"start":{"line":39,"column":17},"end":{"line":39,"column":18}},"loc":{"start":{"line":39,"column":24},"end":{"line":39,"column":null}},"line":39},"6":{"name":"(anonymous_6)","decl":{"start":{"line":39,"column":55},"end":{"line":39,"column":56}},"loc":{"start":{"line":39,"column":62},"end":{"line":39,"column":64}},"line":39},"7":{"name":"(anonymous_7)","decl":{"start":{"line":49,"column":21},"end":{"line":49,"column":27}},"loc":{"start":{"line":49,"column":27},"end":{"line":49,"column":null}},"line":49},"8":{"name":"(anonymous_8)","decl":{"start":{"line":56,"column":21},"end":{"line":56,"column":27}},"loc":{"start":{"line":56,"column":27},"end":{"line":56,"column":null}},"line":56},"9":{"name":"(anonymous_9)","decl":{"start":{"line":64,"column":21},"end":{"line":64,"column":27}},"loc":{"start":{"line":64,"column":27},"end":{"line":64,"column":null}},"line":64},"10":{"name":"FieldRow","decl":{"start":{"line":85,"column":16},"end":{"line":85,"column":25}},"loc":{"start":{"line":85,"column":91},"end":{"line":212,"column":null}},"line":85},"11":{"name":"(anonymous_11)","decl":{"start":{"line":91,"column":12},"end":{"line":91,"column":18}},"loc":{"start":{"line":91,"column":18},"end":{"line":93,"column":5}},"line":91},"12":{"name":"(anonymous_12)","decl":{"start":{"line":95,"column":12},"end":{"line":95,"column":18}},"loc":{"start":{"line":95,"column":18},"end":{"line":97,"column":5}},"line":95},"13":{"name":"commitLabel","decl":{"start":{"line":99,"column":11},"end":{"line":99,"column":25}},"loc":{"start":{"line":99,"column":25},"end":{"line":107,"column":null}},"line":99},"14":{"name":"commitHelpText","decl":{"start":{"line":109,"column":11},"end":{"line":109,"column":28}},"loc":{"start":{"line":109,"column":28},"end":{"line":111,"column":null}},"line":109},"15":{"name":"handleLabelKeyDown","decl":{"start":{"line":113,"column":11},"end":{"line":113,"column":30}},"loc":{"start":{"line":113,"column":72},"end":{"line":117,"column":null}},"line":113},"16":{"name":"handleToggleRequired","decl":{"start":{"line":119,"column":11},"end":{"line":119,"column":34}},"loc":{"start":{"line":119,"column":34},"end":{"line":121,"column":null}},"line":119},"17":{"name":"handleTypeChange","decl":{"start":{"line":123,"column":11},"end":{"line":123,"column":28}},"loc":{"start":{"line":123,"column":55},"end":{"line":125,"column":null}},"line":123},"18":{"name":"handleDuplicate","decl":{"start":{"line":127,"column":11},"end":{"line":127,"column":29}},"loc":{"start":{"line":127,"column":29},"end":{"line":137,"column":null}},"line":127},"19":{"name":"(anonymous_19)","decl":{"start":{"line":173,"column":20},"end":{"line":173,"column":21}},"loc":{"start":{"line":173,"column":27},"end":{"line":173,"column":null}},"line":173},"20":{"name":"(anonymous_20)","decl":{"start":{"line":191,"column":22},"end":{"line":191,"column":28}},"loc":{"start":{"line":191,"column":28},"end":{"line":191,"column":null}},"line":191},"21":{"name":"(anonymous_21)","decl":{"start":{"line":193,"column":20},"end":{"line":193,"column":26}},"loc":{"start":{"line":193,"column":26},"end":{"line":193,"column":null}},"line":193},"22":{"name":"(anonymous_22)","decl":{"start":{"line":202,"column":20},"end":{"line":202,"column":21}},"loc":{"start":{"line":202,"column":27},"end":{"line":202,"column":null}},"line":202},"23":{"name":"(anonymous_23)","decl":{"start":{"line":204,"column":21},"end":{"line":204,"column":22}},"loc":{"start":{"line":204,"column":28},"end":{"line":204,"column":null}},"line":204}},"branchMap":{"0":{"loc":{"start":{"line":21,"column":4},"end":{"line":21,"column":null}},"type":"if","locations":[{"start":{"line":21,"column":4},"end":{"line":21,"column":null}},{"start":{},"end":{}}],"line":21},"1":{"loc":{"start":{"line":23,"column":6},"end":{"line":25,"column":null}},"type":"if","locations":[{"start":{"line":23,"column":6},"end":{"line":25,"column":null}},{"start":{},"end":{}}],"line":23},"2":{"loc":{"start":{"line":23,"column":10},"end":{"line":23,"column":66}},"type":"binary-expr","locations":[{"start":{"line":23,"column":10},"end":{"line":23,"column":25}},{"start":{"line":23,"column":25},"end":{"line":23,"column":66}}],"line":23},"3":{"loc":{"start":{"line":46,"column":7},"end":{"line":70,"column":null}},"type":"binary-expr","locations":[{"start":{"line":46,"column":7},"end":{"line":46,"column":null}},{"start":{"line":47,"column":8},"end":{"line":70,"column":null}}],"line":46},"4":{"loc":{"start":{"line":88,"column":43},"end":{"line":88,"column":63}},"type":"binary-expr","locations":[{"start":{"line":88,"column":43},"end":{"line":88,"column":61}},{"start":{"line":88,"column":61},"end":{"line":88,"column":63}}],"line":88},"5":{"loc":{"start":{"line":96,"column":16},"end":{"line":96,"column":36}},"type":"binary-expr","locations":[{"start":{"line":96,"column":16},"end":{"line":96,"column":34}},{"start":{"line":96,"column":34},"end":{"line":96,"column":36}}],"line":96},"6":{"loc":{"start":{"line":101,"column":4},"end":{"line":104,"column":null}},"type":"if","locations":[{"start":{"line":101,"column":4},"end":{"line":104,"column":null}},{"start":{},"end":{}}],"line":101},"7":{"loc":{"start":{"line":110,"column":49},"end":{"line":110,"column":78}},"type":"binary-expr","locations":[{"start":{"line":110,"column":49},"end":{"line":110,"column":68}},{"start":{"line":110,"column":68},"end":{"line":110,"column":78}}],"line":110},"8":{"loc":{"start":{"line":114,"column":4},"end":{"line":116,"column":null}},"type":"if","locations":[{"start":{"line":114,"column":4},"end":{"line":116,"column":null}},{"start":{},"end":{}}],"line":114},"9":{"loc":{"start":{"line":142,"column":8},"end":{"line":144,"column":null}},"type":"cond-expr","locations":[{"start":{"line":143,"column":12},"end":{"line":143,"column":null}},{"start":{"line":144,"column":12},"end":{"line":144,"column":null}}],"line":142},"10":{"loc":{"start":{"line":162,"column":17},"end":{"line":162,"column":null}},"type":"cond-expr","locations":[{"start":{"line":162,"column":34},"end":{"line":162,"column":76}},{"start":{"line":162,"column":76},"end":{"line":162,"column":null}}],"line":162},"11":{"loc":{"start":{"line":164,"column":12},"end":{"line":164,"column":null}},"type":"cond-expr","locations":[{"start":{"line":164,"column":29},"end":{"line":164,"column":52}},{"start":{"line":164,"column":52},"end":{"line":164,"column":null}}],"line":164},"12":{"loc":{"start":{"line":166,"column":22},"end":{"line":166,"column":null}},"type":"cond-expr","locations":[{"start":{"line":166,"column":39},"end":{"line":166,"column":59}},{"start":{"line":166,"column":59},"end":{"line":166,"column":null}}],"line":166},"13":{"loc":{"start":{"line":204,"column":30},"end":{"line":204,"column":76}},"type":"if","locations":[{"start":{"line":204,"column":30},"end":{"line":204,"column":76}},{"start":{},"end":{}}],"line":204}},"s":{"0":24,"1":24,"2":24,"3":13,"4":11,"5":2,"6":0,"7":2,"8":2,"9":2,"10":2,"11":2,"12":24,"13":2,"14":2,"15":2,"16":0,"17":1,"18":1,"19":26,"20":26,"21":26,"22":26,"23":9,"24":26,"25":9,"26":1,"27":1,"28":0,"29":0,"30":1,"31":1,"32":0,"33":9,"34":0,"35":1,"36":0,"37":1,"38":26,"39":9,"40":1,"41":0,"42":0,"43":0},"f":{"0":24,"1":13,"2":2,"3":2,"4":2,"5":2,"6":2,"7":0,"8":1,"9":1,"10":26,"11":9,"12":9,"13":1,"14":0,"15":9,"16":1,"17":0,"18":1,"19":9,"20":0,"21":1,"22":0,"23":0},"b":{"0":[11,2],"1":[0,2],"2":[2,2],"3":[24,2],"4":[26,26],"5":[9,9],"6":[0,1],"7":[0,0],"8":[0,9],"9":[0,26],"10":[2,24],"11":[2,24],"12":[2,24],"13":[0,0]},"meta":{"lastBranch":14,"lastFunction":24,"lastStatement":44,"seen":{"f:16:9:16:21":0,"s:17:22:17:Infinity":0,"s:18:8:18:Infinity":1,"s:20:2:29:Infinity":2,"f:20:12:20:18":1,"b:21:4:21:Infinity:undefined:undefined:undefined:undefined":0,"s:21:4:21:Infinity":3,"s:21:15:21:Infinity":4,"f:22:13:22:32":2,"b:23:6:25:Infinity:undefined:undefined:undefined:undefined":1,"s:23:6:25:Infinity":5,"b:23:10:23:25:23:25:23:66":2,"s:24:8:24:Infinity":6,"s:27:4:27:Infinity":7,"s:28:4:28:Infinity":8,"f:28:11:28:17":3,"s:28:17:28:Infinity":9,"f:31:11:31:18":4,"s:32:4:32:Infinity":10,"s:33:4:33:Infinity":11,"s:36:2:72:Infinity":12,"f:39:17:39:18":5,"s:39:26:39:47":13,"s:39:47:39:66":14,"f:39:55:39:56":6,"s:39:62:39:64":15,"b:46:7:46:Infinity:47:8:70:Infinity":3,"f:49:21:49:27":7,"s:49:27:49:Infinity":16,"f:56:21:56:27":8,"s:56:27:56:Infinity":17,"f:64:21:64:27":9,"s:64:27:64:Infinity":18,"f:85:16:85:25":10,"s:86:45:86:Infinity":19,"s:87:24:87:Infinity":20,"s:88:30:88:Infinity":21,"b:88:43:88:61:88:61:88:63":4,"s:91:2:93:Infinity":22,"f:91:12:91:18":11,"s:92:4:92:Infinity":23,"s:95:2:97:Infinity":24,"f:95:12:95:18":12,"s:96:4:96:Infinity":25,"b:96:16:96:34:96:34:96:36":5,"f:99:11:99:25":13,"s:100:20:100:Infinity":26,"b:101:4:104:Infinity:undefined:undefined:undefined:undefined":6,"s:101:4:104:Infinity":27,"s:102:6:102:Infinity":28,"s:103:6:103:Infinity":29,"s:105:10:105:Infinity":30,"s:106:4:106:Infinity":31,"f:109:11:109:28":14,"s:110:4:110:Infinity":32,"b:110:49:110:68:110:68:110:78":7,"f:113:11:113:30":15,"b:114:4:116:Infinity:undefined:undefined:undefined:undefined":8,"s:114:4:116:Infinity":33,"s:115:6:115:Infinity":34,"f:119:11:119:34":16,"s:120:4:120:Infinity":35,"f:123:11:123:28":17,"s:124:4:124:Infinity":36,"f:127:11:127:29":18,"s:128:4:136:Infinity":37,"s:139:2:210:Infinity":38,"b:143:12:143:Infinity:144:12:144:Infinity":9,"b:162:34:162:76:162:76:162:Infinity":10,"b:164:29:164:52:164:52:164:Infinity":11,"b:166:39:166:59:166:59:166:Infinity":12,"f:173:20:173:21":19,"s:173:27:173:Infinity":39,"f:191:22:191:28":20,"f:193:20:193:26":21,"s:193:26:193:Infinity":40,"f:202:20:202:21":22,"s:202:27:202:Infinity":41,"f:204:21:204:22":23,"b:204:30:204:76:undefined:undefined:undefined:undefined":13,"s:204:30:204:76":42,"s:204:53:204:76":43}}}
,"/Users/david/dev/señal/señal-front/src/components/form-editor/FieldTypePopover.tsx": {"path":"/Users/david/dev/señal/señal-front/src/components/form-editor/FieldTypePopover.tsx","statementMap":{"0":{"start":{"line":19,"column":16},"end":{"line":19,"column":null}},"1":{"start":{"line":20,"column":2},"end":{"line":20,"column":null}},"2":{"start":{"line":20,"column":13},"end":{"line":20,"column":null}},"3":{"start":{"line":21,"column":2},"end":{"line":21,"column":null}},"4":{"start":{"line":37,"column":22},"end":{"line":37,"column":null}},"5":{"start":{"line":38,"column":8},"end":{"line":38,"column":null}},"6":{"start":{"line":41,"column":2},"end":{"line":50,"column":null}},"7":{"start":{"line":42,"column":4},"end":{"line":42,"column":null}},"8":{"start":{"line":42,"column":15},"end":{"line":42,"column":null}},"9":{"start":{"line":44,"column":6},"end":{"line":46,"column":null}},"10":{"start":{"line":45,"column":8},"end":{"line":45,"column":null}},"11":{"start":{"line":48,"column":4},"end":{"line":48,"column":null}},"12":{"start":{"line":49,"column":4},"end":{"line":49,"column":null}},"13":{"start":{"line":49,"column":17},"end":{"line":49,"column":null}},"14":{"start":{"line":53,"column":2},"end":{"line":60,"column":null}},"15":{"start":{"line":54,"column":4},"end":{"line":54,"column":null}},"16":{"start":{"line":54,"column":15},"end":{"line":54,"column":null}},"17":{"start":{"line":56,"column":6},"end":{"line":56,"column":null}},"18":{"start":{"line":56,"column":30},"end":{"line":56,"column":null}},"19":{"start":{"line":58,"column":4},"end":{"line":58,"column":null}},"20":{"start":{"line":59,"column":4},"end":{"line":59,"column":null}},"21":{"start":{"line":59,"column":17},"end":{"line":59,"column":null}},"22":{"start":{"line":63,"column":4},"end":{"line":63,"column":null}},"23":{"start":{"line":64,"column":4},"end":{"line":64,"column":null}},"24":{"start":{"line":67,"column":2},"end":{"line":104,"column":null}},"25":{"start":{"line":69,"column":26},"end":{"line":69,"column":52}},"26":{"start":{"line":69,"column":44},"end":{"line":69,"column":49}},"27":{"start":{"line":80,"column":29},"end":{"line":80,"column":null}},"28":{"start":{"line":81,"column":12},"end":{"line":99,"column":null}},"29":{"start":{"line":86,"column":31},"end":{"line":86,"column":null}}},"fnMap":{"0":{"name":"DynamicIcon","decl":{"start":{"line":18,"column":9},"end":{"line":18,"column":21}},"loc":{"start":{"line":18,"column":71},"end":{"line":22,"column":null}},"line":18},"1":{"name":"FieldTypePopover","decl":{"start":{"line":32,"column":16},"end":{"line":32,"column":33}},"loc":{"start":{"line":36,"column":26},"end":{"line":106,"column":null}},"line":36},"2":{"name":"(anonymous_2)","decl":{"start":{"line":41,"column":12},"end":{"line":41,"column":18}},"loc":{"start":{"line":41,"column":18},"end":{"line":50,"column":5}},"line":41},"3":{"name":"handleClickOutside","decl":{"start":{"line":43,"column":13},"end":{"line":43,"column":32}},"loc":{"start":{"line":43,"column":47},"end":{"line":47,"column":null}},"line":43},"4":{"name":"(anonymous_4)","decl":{"start":{"line":49,"column":11},"end":{"line":49,"column":17}},"loc":{"start":{"line":49,"column":17},"end":{"line":49,"column":null}},"line":49},"5":{"name":"(anonymous_5)","decl":{"start":{"line":53,"column":12},"end":{"line":53,"column":18}},"loc":{"start":{"line":53,"column":18},"end":{"line":60,"column":5}},"line":53},"6":{"name":"handleKeyDown","decl":{"start":{"line":55,"column":13},"end":{"line":55,"column":27}},"loc":{"start":{"line":55,"column":45},"end":{"line":57,"column":null}},"line":55},"7":{"name":"(anonymous_7)","decl":{"start":{"line":59,"column":11},"end":{"line":59,"column":17}},"loc":{"start":{"line":59,"column":17},"end":{"line":59,"column":null}},"line":59},"8":{"name":"handleSelect","decl":{"start":{"line":62,"column":11},"end":{"line":62,"column":24}},"loc":{"start":{"line":62,"column":41},"end":{"line":65,"column":null}},"line":62},"9":{"name":"(anonymous_9)","decl":{"start":{"line":69,"column":20},"end":{"line":69,"column":26}},"loc":{"start":{"line":69,"column":26},"end":{"line":69,"column":52}},"line":69},"10":{"name":"(anonymous_10)","decl":{"start":{"line":69,"column":34},"end":{"line":69,"column":35}},"loc":{"start":{"line":69,"column":44},"end":{"line":69,"column":49}},"line":69},"11":{"name":"(anonymous_11)","decl":{"start":{"line":79,"column":31},"end":{"line":79,"column":32}},"loc":{"start":{"line":79,"column":41},"end":{"line":101,"column":11}},"line":79},"12":{"name":"(anonymous_12)","decl":{"start":{"line":86,"column":25},"end":{"line":86,"column":31}},"loc":{"start":{"line":86,"column":31},"end":{"line":86,"column":null}},"line":86}},"branchMap":{"0":{"loc":{"start":{"line":18,"column":29},"end":{"line":18,"column":40}},"type":"default-arg","locations":[{"start":{"line":18,"column":36},"end":{"line":18,"column":40}}],"line":18},"1":{"loc":{"start":{"line":20,"column":2},"end":{"line":20,"column":null}},"type":"if","locations":[{"start":{"line":20,"column":2},"end":{"line":20,"column":null}},{"start":{},"end":{}}],"line":20},"2":{"loc":{"start":{"line":42,"column":4},"end":{"line":42,"column":null}},"type":"if","locations":[{"start":{"line":42,"column":4},"end":{"line":42,"column":null}},{"start":{},"end":{}}],"line":42},"3":{"loc":{"start":{"line":44,"column":6},"end":{"line":46,"column":null}},"type":"if","locations":[{"start":{"line":44,"column":6},"end":{"line":46,"column":null}},{"start":{},"end":{}}],"line":44},"4":{"loc":{"start":{"line":44,"column":10},"end":{"line":44,"column":84}},"type":"binary-expr","locations":[{"start":{"line":44,"column":10},"end":{"line":44,"column":34}},{"start":{"line":44,"column":34},"end":{"line":44,"column":84}}],"line":44},"5":{"loc":{"start":{"line":54,"column":4},"end":{"line":54,"column":null}},"type":"if","locations":[{"start":{"line":54,"column":4},"end":{"line":54,"column":null}},{"start":{},"end":{}}],"line":54},"6":{"loc":{"start":{"line":56,"column":6},"end":{"line":56,"column":null}},"type":"if","locations":[{"start":{"line":56,"column":6},"end":{"line":56,"column":null}},{"start":{},"end":{}}],"line":56},"7":{"loc":{"start":{"line":73,"column":7},"end":{"line":102,"column":null}},"type":"binary-expr","locations":[{"start":{"line":73,"column":7},"end":{"line":73,"column":null}},{"start":{"line":74,"column":8},"end":{"line":102,"column":null}}],"line":73},"8":{"loc":{"start":{"line":88,"column":18},"end":{"line":90,"column":null}},"type":"cond-expr","locations":[{"start":{"line":89,"column":22},"end":{"line":89,"column":null}},{"start":{"line":90,"column":22},"end":{"line":90,"column":null}}],"line":88},"9":{"loc":{"start":{"line":96,"column":29},"end":{"line":96,"column":null}},"type":"cond-expr","locations":[{"start":{"line":96,"column":40},"end":{"line":96,"column":65}},{"start":{"line":96,"column":65},"end":{"line":96,"column":null}}],"line":96}},"s":{"0":22,"1":22,"2":0,"3":22,"4":22,"5":22,"6":22,"7":9,"8":9,"9":0,"10":0,"11":0,"12":0,"13":0,"14":22,"15":9,"16":9,"17":0,"18":0,"19":0,"20":0,"21":0,"22":0,"23":0,"24":22,"25":0,"26":0,"27":0,"28":0,"29":0},"f":{"0":22,"1":22,"2":9,"3":0,"4":0,"5":9,"6":0,"7":0,"8":0,"9":0,"10":0,"11":0,"12":0},"b":{"0":[22],"1":[0,22],"2":[9,0],"3":[0,0],"4":[0,0],"5":[9,0],"6":[0,0],"7":[22,0],"8":[0,0],"9":[0,0]},"meta":{"lastBranch":10,"lastFunction":13,"lastStatement":30,"seen":{"f:18:9:18:21":0,"b:18:36:18:40":0,"s:19:16:19:Infinity":0,"b:20:2:20:Infinity:undefined:undefined:undefined:undefined":1,"s:20:2:20:Infinity":1,"s:20:13:20:Infinity":2,"s:21:2:21:Infinity":3,"f:32:16:32:33":1,"s:37:22:37:Infinity":4,"s:38:8:38:Infinity":5,"s:41:2:50:Infinity":6,"f:41:12:41:18":2,"b:42:4:42:Infinity:undefined:undefined:undefined:undefined":2,"s:42:4:42:Infinity":7,"s:42:15:42:Infinity":8,"f:43:13:43:32":3,"b:44:6:46:Infinity:undefined:undefined:undefined:undefined":3,"s:44:6:46:Infinity":9,"b:44:10:44:34:44:34:44:84":4,"s:45:8:45:Infinity":10,"s:48:4:48:Infinity":11,"s:49:4:49:Infinity":12,"f:49:11:49:17":4,"s:49:17:49:Infinity":13,"s:53:2:60:Infinity":14,"f:53:12:53:18":5,"b:54:4:54:Infinity:undefined:undefined:undefined:undefined":5,"s:54:4:54:Infinity":15,"s:54:15:54:Infinity":16,"f:55:13:55:27":6,"b:56:6:56:Infinity:undefined:undefined:undefined:undefined":6,"s:56:6:56:Infinity":17,"s:56:30:56:Infinity":18,"s:58:4:58:Infinity":19,"s:59:4:59:Infinity":20,"f:59:11:59:17":7,"s:59:17:59:Infinity":21,"f:62:11:62:24":8,"s:63:4:63:Infinity":22,"s:64:4:64:Infinity":23,"s:67:2:104:Infinity":24,"f:69:20:69:26":9,"s:69:26:69:52":25,"f:69:34:69:35":10,"s:69:44:69:49":26,"b:73:7:73:Infinity:74:8:102:Infinity":7,"f:79:31:79:32":11,"s:80:29:80:Infinity":27,"s:81:12:99:Infinity":28,"f:86:25:86:31":12,"s:86:31:86:Infinity":29,"b:89:22:89:Infinity:90:22:90:Infinity":8,"b:96:40:96:65:96:65:96:Infinity":9}}}
,"/Users/david/dev/señal/señal-front/src/components/form-editor/SectionBlock.tsx": {"path":"/Users/david/dev/señal/señal-front/src/components/form-editor/SectionBlock.tsx","statementMap":{"0":{"start":{"line":35,"column":22},"end":{"line":35,"column":null}},"1":{"start":{"line":36,"column":8},"end":{"line":36,"column":null}},"2":{"start":{"line":38,"column":2},"end":{"line":47,"column":null}},"3":{"start":{"line":39,"column":4},"end":{"line":39,"column":null}},"4":{"start":{"line":39,"column":15},"end":{"line":39,"column":null}},"5":{"start":{"line":41,"column":6},"end":{"line":43,"column":null}},"6":{"start":{"line":42,"column":8},"end":{"line":42,"column":null}},"7":{"start":{"line":45,"column":4},"end":{"line":45,"column":null}},"8":{"start":{"line":46,"column":4},"end":{"line":46,"column":null}},"9":{"start":{"line":46,"column":17},"end":{"line":46,"column":null}},"10":{"start":{"line":50,"column":4},"end":{"line":50,"column":null}},"11":{"start":{"line":51,"column":4},"end":{"line":51,"column":null}},"12":{"start":{"line":54,"column":2},"end":{"line":83,"column":null}},"13":{"start":{"line":57,"column":26},"end":{"line":57,"column":47}},"14":{"start":{"line":57,"column":47},"end":{"line":57,"column":66}},"15":{"start":{"line":57,"column":62},"end":{"line":57,"column":64}},"16":{"start":{"line":67,"column":27},"end":{"line":67,"column":null}},"17":{"start":{"line":75,"column":27},"end":{"line":75,"column":null}},"18":{"start":{"line":103,"column":2},"end":{"line":106,"column":null}},"19":{"start":{"line":108,"column":16},"end":{"line":111,"column":null}},"20":{"start":{"line":113,"column":2},"end":{"line":116,"column":null}},"21":{"start":{"line":129,"column":49},"end":{"line":129,"column":null}},"22":{"start":{"line":130,"column":32},"end":{"line":130,"column":null}},"23":{"start":{"line":131,"column":36},"end":{"line":131,"column":null}},"24":{"start":{"line":133,"column":2},"end":{"line":135,"column":null}},"25":{"start":{"line":134,"column":4},"end":{"line":134,"column":null}},"26":{"start":{"line":138,"column":20},"end":{"line":138,"column":null}},"27":{"start":{"line":139,"column":4},"end":{"line":142,"column":null}},"28":{"start":{"line":140,"column":6},"end":{"line":140,"column":null}},"29":{"start":{"line":141,"column":6},"end":{"line":141,"column":null}},"30":{"start":{"line":143,"column":4},"end":{"line":143,"column":null}},"31":{"start":{"line":147,"column":4},"end":{"line":147,"column":null}},"32":{"start":{"line":147,"column":27},"end":{"line":147,"column":null}},"33":{"start":{"line":151,"column":4},"end":{"line":151,"column":null}},"34":{"start":{"line":154,"column":19},"end":{"line":154,"column":null}},"35":{"start":{"line":154,"column":45},"end":{"line":154,"column":49}},"36":{"start":{"line":156,"column":2},"end":{"line":267,"column":null}},"37":{"start":{"line":177,"column":27},"end":{"line":177,"column":null}},"38":{"start":{"line":191,"column":25},"end":{"line":191,"column":null}},"39":{"start":{"line":191,"column":45},"end":{"line":191,"column":47}},"40":{"start":{"line":202,"column":26},"end":{"line":202,"column":null}},"41":{"start":{"line":224,"column":20},"end":{"line":237,"column":null}},"42":{"start":{"line":230,"column":24},"end":{"line":235,"column":null}},"43":{"start":{"line":256,"column":31},"end":{"line":256,"column":null}}},"fnMap":{"0":{"name":"SectionOptionsMenu","decl":{"start":{"line":30,"column":9},"end":{"line":30,"column":28}},"loc":{"start":{"line":34,"column":28},"end":{"line":85,"column":null}},"line":34},"1":{"name":"(anonymous_1)","decl":{"start":{"line":38,"column":12},"end":{"line":38,"column":18}},"loc":{"start":{"line":38,"column":18},"end":{"line":47,"column":5}},"line":38},"2":{"name":"handleClickOutside","decl":{"start":{"line":40,"column":13},"end":{"line":40,"column":32}},"loc":{"start":{"line":40,"column":47},"end":{"line":44,"column":null}},"line":40},"3":{"name":"(anonymous_3)","decl":{"start":{"line":46,"column":11},"end":{"line":46,"column":17}},"loc":{"start":{"line":46,"column":17},"end":{"line":46,"column":null}},"line":46},"4":{"name":"handle","decl":{"start":{"line":49,"column":11},"end":{"line":49,"column":18}},"loc":{"start":{"line":49,"column":34},"end":{"line":52,"column":null}},"line":49},"5":{"name":"(anonymous_5)","decl":{"start":{"line":57,"column":17},"end":{"line":57,"column":18}},"loc":{"start":{"line":57,"column":24},"end":{"line":57,"column":null}},"line":57},"6":{"name":"(anonymous_6)","decl":{"start":{"line":57,"column":55},"end":{"line":57,"column":56}},"loc":{"start":{"line":57,"column":62},"end":{"line":57,"column":64}},"line":57},"7":{"name":"(anonymous_7)","decl":{"start":{"line":67,"column":21},"end":{"line":67,"column":27}},"loc":{"start":{"line":67,"column":27},"end":{"line":67,"column":null}},"line":67},"8":{"name":"(anonymous_8)","decl":{"start":{"line":75,"column":21},"end":{"line":75,"column":27}},"loc":{"start":{"line":75,"column":27},"end":{"line":75,"column":null}},"line":75},"9":{"name":"SortableFieldWrapper","decl":{"start":{"line":95,"column":9},"end":{"line":95,"column":30}},"loc":{"start":{"line":95,"column":91},"end":{"line":118,"column":null}},"line":95},"10":{"name":"SectionBlock","decl":{"start":{"line":128,"column":16},"end":{"line":128,"column":29}},"loc":{"start":{"line":128,"column":90},"end":{"line":269,"column":null}},"line":128},"11":{"name":"(anonymous_11)","decl":{"start":{"line":133,"column":12},"end":{"line":133,"column":18}},"loc":{"start":{"line":133,"column":18},"end":{"line":135,"column":5}},"line":133},"12":{"name":"commitName","decl":{"start":{"line":137,"column":11},"end":{"line":137,"column":24}},"loc":{"start":{"line":137,"column":24},"end":{"line":144,"column":null}},"line":137},"13":{"name":"handleNameKeyDown","decl":{"start":{"line":146,"column":11},"end":{"line":146,"column":29}},"loc":{"start":{"line":146,"column":71},"end":{"line":148,"column":null}},"line":146},"14":{"name":"handleToggleObservations","decl":{"start":{"line":150,"column":11},"end":{"line":150,"column":38}},"loc":{"start":{"line":150,"column":38},"end":{"line":152,"column":null}},"line":150},"15":{"name":"(anonymous_15)","decl":{"start":{"line":154,"column":38},"end":{"line":154,"column":39}},"loc":{"start":{"line":154,"column":45},"end":{"line":154,"column":49}},"line":154},"16":{"name":"(anonymous_16)","decl":{"start":{"line":177,"column":20},"end":{"line":177,"column":21}},"loc":{"start":{"line":177,"column":27},"end":{"line":177,"column":null}},"line":177},"17":{"name":"(anonymous_17)","decl":{"start":{"line":191,"column":19},"end":{"line":191,"column":25}},"loc":{"start":{"line":191,"column":25},"end":{"line":191,"column":null}},"line":191},"18":{"name":"(anonymous_18)","decl":{"start":{"line":191,"column":38},"end":{"line":191,"column":39}},"loc":{"start":{"line":191,"column":45},"end":{"line":191,"column":47}},"line":191},"19":{"name":"(anonymous_19)","decl":{"start":{"line":202,"column":20},"end":{"line":202,"column":26}},"loc":{"start":{"line":202,"column":26},"end":{"line":202,"column":null}},"line":202},"20":{"name":"(anonymous_20)","decl":{"start":{"line":223,"column":38},"end":{"line":223,"column":39}},"loc":{"start":{"line":224,"column":20},"end":{"line":237,"column":null}},"line":224},"21":{"name":"(anonymous_21)","decl":{"start":{"line":229,"column":23},"end":{"line":229,"column":24}},"loc":{"start":{"line":230,"column":24},"end":{"line":235,"column":null}},"line":230},"22":{"name":"(anonymous_22)","decl":{"start":{"line":256,"column":25},"end":{"line":256,"column":31}},"loc":{"start":{"line":256,"column":31},"end":{"line":256,"column":null}},"line":256}},"branchMap":{"0":{"loc":{"start":{"line":39,"column":4},"end":{"line":39,"column":null}},"type":"if","locations":[{"start":{"line":39,"column":4},"end":{"line":39,"column":null}},{"start":{},"end":{}}],"line":39},"1":{"loc":{"start":{"line":41,"column":6},"end":{"line":43,"column":null}},"type":"if","locations":[{"start":{"line":41,"column":6},"end":{"line":43,"column":null}},{"start":{},"end":{}}],"line":41},"2":{"loc":{"start":{"line":41,"column":10},"end":{"line":41,"column":66}},"type":"binary-expr","locations":[{"start":{"line":41,"column":10},"end":{"line":41,"column":25}},{"start":{"line":41,"column":25},"end":{"line":41,"column":66}}],"line":41},"3":{"loc":{"start":{"line":64,"column":7},"end":{"line":81,"column":null}},"type":"binary-expr","locations":[{"start":{"line":64,"column":7},"end":{"line":64,"column":null}},{"start":{"line":65,"column":8},"end":{"line":81,"column":null}}],"line":64},"4":{"loc":{"start":{"line":71,"column":13},"end":{"line":71,"column":null}},"type":"cond-expr","locations":[{"start":{"line":71,"column":31},"end":{"line":71,"column":56}},{"start":{"line":71,"column":56},"end":{"line":71,"column":null}}],"line":71},"5":{"loc":{"start":{"line":139,"column":4},"end":{"line":142,"column":null}},"type":"if","locations":[{"start":{"line":139,"column":4},"end":{"line":142,"column":null}},{"start":{},"end":{}}],"line":139},"6":{"loc":{"start":{"line":147,"column":4},"end":{"line":147,"column":null}},"type":"if","locations":[{"start":{"line":147,"column":4},"end":{"line":147,"column":null}},{"start":{},"end":{}}],"line":147},"7":{"loc":{"start":{"line":159,"column":8},"end":{"line":159,"column":null}},"type":"cond-expr","locations":[{"start":{"line":159,"column":21},"end":{"line":159,"column":36}},{"start":{"line":159,"column":36},"end":{"line":159,"column":null}}],"line":159},"8":{"loc":{"start":{"line":186,"column":36},"end":{"line":186,"column":69}},"type":"cond-expr","locations":[{"start":{"line":186,"column":62},"end":{"line":186,"column":66}},{"start":{"line":186,"column":66},"end":{"line":186,"column":69}}],"line":186},"9":{"loc":{"start":{"line":193,"column":22},"end":{"line":193,"column":null}},"type":"cond-expr","locations":[{"start":{"line":193,"column":34},"end":{"line":193,"column":55}},{"start":{"line":193,"column":55},"end":{"line":193,"column":null}}],"line":193},"10":{"loc":{"start":{"line":195,"column":11},"end":{"line":195,"column":null}},"type":"cond-expr","locations":[{"start":{"line":195,"column":23},"end":{"line":195,"column":51}},{"start":{"line":195,"column":51},"end":{"line":195,"column":null}}],"line":195},"11":{"loc":{"start":{"line":208,"column":9},"end":{"line":264,"column":null}},"type":"binary-expr","locations":[{"start":{"line":208,"column":9},"end":{"line":208,"column":null}},{"start":{"line":209,"column":10},"end":{"line":264,"column":null}}],"line":208},"12":{"loc":{"start":{"line":243,"column":15},"end":{"line":251,"column":null}},"type":"binary-expr","locations":[{"start":{"line":243,"column":15},"end":{"line":243,"column":null}},{"start":{"line":244,"column":16},"end":{"line":251,"column":null}}],"line":243}},"s":{"0":4,"1":4,"2":4,"3":4,"4":4,"5":0,"6":0,"7":0,"8":0,"9":0,"10":0,"11":0,"12":4,"13":0,"14":0,"15":0,"16":0,"17":0,"18":0,"19":0,"20":0,"21":4,"22":4,"23":4,"24":4,"25":4,"26":0,"27":0,"28":0,"29":0,"30":0,"31":0,"32":0,"33":0,"34":4,"35":0,"36":4,"37":0,"38":0,"39":0,"40":0,"41":0,"42":0,"43":0},"f":{"0":4,"1":4,"2":0,"3":0,"4":0,"5":0,"6":0,"7":0,"8":0,"9":0,"10":4,"11":4,"12":0,"13":0,"14":0,"15":0,"16":0,"17":0,"18":0,"19":0,"20":0,"21":0,"22":0},"b":{"0":[4,0],"1":[0,0],"2":[0,0],"3":[4,0],"4":[0,0],"5":[0,0],"6":[0,0],"7":[0,4],"8":[0,4],"9":[0,4],"10":[0,4],"11":[4,4],"12":[4,0]},"meta":{"lastBranch":13,"lastFunction":23,"lastStatement":44,"seen":{"f:30:9:30:28":0,"s:35:22:35:Infinity":0,"s:36:8:36:Infinity":1,"s:38:2:47:Infinity":2,"f:38:12:38:18":1,"b:39:4:39:Infinity:undefined:undefined:undefined:undefined":0,"s:39:4:39:Infinity":3,"s:39:15:39:Infinity":4,"f:40:13:40:32":2,"b:41:6:43:Infinity:undefined:undefined:undefined:undefined":1,"s:41:6:43:Infinity":5,"b:41:10:41:25:41:25:41:66":2,"s:42:8:42:Infinity":6,"s:45:4:45:Infinity":7,"s:46:4:46:Infinity":8,"f:46:11:46:17":3,"s:46:17:46:Infinity":9,"f:49:11:49:18":4,"s:50:4:50:Infinity":10,"s:51:4:51:Infinity":11,"s:54:2:83:Infinity":12,"f:57:17:57:18":5,"s:57:26:57:47":13,"s:57:47:57:66":14,"f:57:55:57:56":6,"s:57:62:57:64":15,"b:64:7:64:Infinity:65:8:81:Infinity":3,"f:67:21:67:27":7,"s:67:27:67:Infinity":16,"b:71:31:71:56:71:56:71:Infinity":4,"f:75:21:75:27":8,"s:75:27:75:Infinity":17,"f:95:9:95:30":9,"s:103:2:106:Infinity":18,"s:108:16:111:Infinity":19,"s:113:2:116:Infinity":20,"f:128:16:128:29":10,"s:129:49:129:Infinity":21,"s:130:32:130:Infinity":22,"s:131:36:131:Infinity":23,"s:133:2:135:Infinity":24,"f:133:12:133:18":11,"s:134:4:134:Infinity":25,"f:137:11:137:24":12,"s:138:20:138:Infinity":26,"b:139:4:142:Infinity:undefined:undefined:undefined:undefined":5,"s:139:4:142:Infinity":27,"s:140:6:140:Infinity":28,"s:141:6:141:Infinity":29,"s:143:4:143:Infinity":30,"f:146:11:146:29":13,"b:147:4:147:Infinity:undefined:undefined:undefined:undefined":6,"s:147:4:147:Infinity":31,"s:147:27:147:Infinity":32,"f:150:11:150:38":14,"s:151:4:151:Infinity":33,"s:154:19:154:Infinity":34,"f:154:38:154:39":15,"s:154:45:154:49":35,"s:156:2:267:Infinity":36,"b:159:21:159:36:159:36:159:Infinity":7,"f:177:20:177:21":16,"s:177:27:177:Infinity":37,"b:186:62:186:66:186:66:186:69":8,"f:191:19:191:25":17,"s:191:25:191:Infinity":38,"f:191:38:191:39":18,"s:191:45:191:47":39,"b:193:34:193:55:193:55:193:Infinity":9,"b:195:23:195:51:195:51:195:Infinity":10,"f:202:20:202:26":19,"s:202:26:202:Infinity":40,"b:208:9:208:Infinity:209:10:264:Infinity":11,"f:223:38:223:39":20,"s:224:20:237:Infinity":41,"f:229:23:229:24":21,"s:230:24:235:Infinity":42,"b:243:15:243:Infinity:244:16:251:Infinity":12,"f:256:25:256:31":22,"s:256:31:256:Infinity":43}}}
,"/Users/david/dev/señal/señal-front/src/components/forms/DynamicForm.tsx": {"path":"/Users/david/dev/señal/señal-front/src/components/forms/DynamicForm.tsx","statementMap":{"0":{"start":{"line":20,"column":23},"end":{"line":22,"column":null}},"1":{"start":{"line":21,"column":19},"end":{"line":21,"column":43}},"2":{"start":{"line":22,"column":20},"end":{"line":22,"column":37}},"3":{"start":{"line":24,"column":2},"end":{"line":53,"column":null}},"4":{"start":{"line":27,"column":8},"end":{"line":51,"column":null}},"5":{"start":{"line":67,"column":19},"end":{"line":67,"column":null}},"6":{"start":{"line":69,"column":2},"end":{"line":167,"column":null}},"7":{"start":{"line":72,"column":6},"end":{"line":78,"column":null}},"8":{"start":{"line":76,"column":27},"end":{"line":76,"column":null}},"9":{"start":{"line":82,"column":6},"end":{"line":88,"column":null}},"10":{"start":{"line":86,"column":27},"end":{"line":86,"column":null}},"11":{"start":{"line":92,"column":6},"end":{"line":98,"column":null}},"12":{"start":{"line":96,"column":27},"end":{"line":96,"column":null}},"13":{"start":{"line":102,"column":6},"end":{"line":108,"column":null}},"14":{"start":{"line":106,"column":27},"end":{"line":106,"column":null}},"15":{"start":{"line":112,"column":6},"end":{"line":118,"column":null}},"16":{"start":{"line":116,"column":27},"end":{"line":116,"column":null}},"17":{"start":{"line":122,"column":6},"end":{"line":128,"column":null}},"18":{"start":{"line":126,"column":27},"end":{"line":126,"column":null}},"19":{"start":{"line":132,"column":6},"end":{"line":138,"column":null}},"20":{"start":{"line":136,"column":27},"end":{"line":136,"column":null}},"21":{"start":{"line":142,"column":6},"end":{"line":148,"column":null}},"22":{"start":{"line":146,"column":27},"end":{"line":146,"column":null}},"23":{"start":{"line":152,"column":6},"end":{"line":158,"column":null}},"24":{"start":{"line":156,"column":27},"end":{"line":156,"column":null}},"25":{"start":{"line":162,"column":6},"end":{"line":165,"column":null}}},"fnMap":{"0":{"name":"DynamicForm","decl":{"start":{"line":19,"column":16},"end":{"line":19,"column":28}},"loc":{"start":{"line":19,"column":86},"end":{"line":55,"column":null}},"line":19},"1":{"name":"(anonymous_1)","decl":{"start":{"line":21,"column":12},"end":{"line":21,"column":13}},"loc":{"start":{"line":21,"column":19},"end":{"line":21,"column":43}},"line":21},"2":{"name":"(anonymous_2)","decl":{"start":{"line":22,"column":10},"end":{"line":22,"column":11}},"loc":{"start":{"line":22,"column":20},"end":{"line":22,"column":37}},"line":22},"3":{"name":"(anonymous_3)","decl":{"start":{"line":26,"column":24},"end":{"line":26,"column":25}},"loc":{"start":{"line":27,"column":8},"end":{"line":51,"column":null}},"line":27},"4":{"name":"FieldRenderer","decl":{"start":{"line":66,"column":9},"end":{"line":66,"column":23}},"loc":{"start":{"line":66,"column":82},"end":{"line":168,"column":null}},"line":66},"5":{"name":"(anonymous_5)","decl":{"start":{"line":76,"column":20},"end":{"line":76,"column":21}},"loc":{"start":{"line":76,"column":27},"end":{"line":76,"column":null}},"line":76},"6":{"name":"(anonymous_6)","decl":{"start":{"line":86,"column":20},"end":{"line":86,"column":21}},"loc":{"start":{"line":86,"column":27},"end":{"line":86,"column":null}},"line":86},"7":{"name":"(anonymous_7)","decl":{"start":{"line":96,"column":20},"end":{"line":96,"column":21}},"loc":{"start":{"line":96,"column":27},"end":{"line":96,"column":null}},"line":96},"8":{"name":"(anonymous_8)","decl":{"start":{"line":106,"column":20},"end":{"line":106,"column":21}},"loc":{"start":{"line":106,"column":27},"end":{"line":106,"column":null}},"line":106},"9":{"name":"(anonymous_9)","decl":{"start":{"line":116,"column":20},"end":{"line":116,"column":21}},"loc":{"start":{"line":116,"column":27},"end":{"line":116,"column":null}},"line":116},"10":{"name":"(anonymous_10)","decl":{"start":{"line":126,"column":20},"end":{"line":126,"column":21}},"loc":{"start":{"line":126,"column":27},"end":{"line":126,"column":null}},"line":126},"11":{"name":"(anonymous_11)","decl":{"start":{"line":136,"column":20},"end":{"line":136,"column":21}},"loc":{"start":{"line":136,"column":27},"end":{"line":136,"column":null}},"line":136},"12":{"name":"(anonymous_12)","decl":{"start":{"line":146,"column":20},"end":{"line":146,"column":21}},"loc":{"start":{"line":146,"column":27},"end":{"line":146,"column":null}},"line":146},"13":{"name":"(anonymous_13)","decl":{"start":{"line":156,"column":20},"end":{"line":156,"column":21}},"loc":{"start":{"line":156,"column":27},"end":{"line":156,"column":null}},"line":156}},"branchMap":{"0":{"loc":{"start":{"line":33,"column":13},"end":{"line":36,"column":null}},"type":"binary-expr","locations":[{"start":{"line":33,"column":13},"end":{"line":33,"column":null}},{"start":{"line":34,"column":14},"end":{"line":36,"column":null}}],"line":33},"1":{"loc":{"start":{"line":39,"column":11},"end":{"line":42,"column":null}},"type":"binary-expr","locations":[{"start":{"line":39,"column":11},"end":{"line":39,"column":null}},{"start":{"line":40,"column":12},"end":{"line":42,"column":null}}],"line":39},"2":{"loc":{"start":{"line":69,"column":2},"end":{"line":167,"column":null}},"type":"switch","locations":[{"start":{"line":70,"column":4},"end":{"line":70,"column":null}},{"start":{"line":71,"column":4},"end":{"line":78,"column":null}},{"start":{"line":81,"column":4},"end":{"line":88,"column":null}},{"start":{"line":91,"column":4},"end":{"line":98,"column":null}},{"start":{"line":101,"column":4},"end":{"line":108,"column":null}},{"start":{"line":111,"column":4},"end":{"line":118,"column":null}},{"start":{"line":121,"column":4},"end":{"line":128,"column":null}},{"start":{"line":131,"column":4},"end":{"line":138,"column":null}},{"start":{"line":141,"column":4},"end":{"line":148,"column":null}},{"start":{"line":151,"column":4},"end":{"line":158,"column":null}},{"start":{"line":161,"column":4},"end":{"line":165,"column":null}}],"line":69},"3":{"loc":{"start":{"line":75,"column":18},"end":{"line":75,"column":null}},"type":"binary-expr","locations":[{"start":{"line":75,"column":18},"end":{"line":75,"column":41}},{"start":{"line":75,"column":41},"end":{"line":75,"column":null}}],"line":75},"4":{"loc":{"start":{"line":85,"column":18},"end":{"line":85,"column":null}},"type":"binary-expr","locations":[{"start":{"line":85,"column":18},"end":{"line":85,"column":46}},{"start":{"line":85,"column":46},"end":{"line":85,"column":null}}],"line":85},"5":{"loc":{"start":{"line":95,"column":18},"end":{"line":95,"column":null}},"type":"binary-expr","locations":[{"start":{"line":95,"column":18},"end":{"line":95,"column":41}},{"start":{"line":95,"column":41},"end":{"line":95,"column":null}}],"line":95},"6":{"loc":{"start":{"line":105,"column":18},"end":{"line":105,"column":null}},"t
[...]
3,"column":22},"end":{"line":163,"column":null}},"50":{"start":{"line":164,"column":6},"end":{"line":164,"column":null}},"51":{"start":{"line":165,"column":6},"end":{"line":165,"column":null}},"52":{"start":{"line":169,"column":4},"end":{"line":181,"column":null}},"53":{"start":{"line":169,"column":16},"end":{"line":181,"column":6}},"54":{"start":{"line":173,"column":10},"end":{"line":173,"column":null}},"55":{"start":{"line":173,"column":36},"end":{"line":173,"column":null}},"56":{"start":{"line":174,"column":25},"end":{"line":174,"column":null}},"57":{"start":{"line":175,"column":26},"end":{"line":175,"column":null}},"58":{"start":{"line":176,"column":10},"end":{"line":176,"column":null}},"59":{"start":{"line":177,"column":10},"end":{"line":177,"column":null}},"60":{"start":{"line":184,"column":4},"end":{"line":186,"column":null}},"61":{"start":{"line":184,"column":16},"end":{"line":186,"column":6}},"62":{"start":{"line":188,"column":19},"end":{"line":188,"column":null}},"63":{"start":{"line":188,"column":31},"end":{"line":188,"column":72}},"64":{"start":{"line":191,"column":4},"end":{"line":191,"column":null}},"65":{"start":{"line":191,"column":16},"end":{"line":191,"column":74}},"66":{"start":{"line":195,"column":34},"end":{"line":195,"column":null}},"67":{"start":{"line":195,"column":40},"end":{"line":195,"column":null}}},"fnMap":{"0":{"name":"(anonymous_0)","decl":{"start":{"line":4,"column":24},"end":{"line":4,"column":46}},"loc":{"start":{"line":4,"column":46},"end":{"line":9,"column":null}},"line":4},"1":{"name":"(anonymous_1)","decl":{"start":{"line":43,"column":58},"end":{"line":43,"column":59}},"loc":{"start":{"line":43,"column":73},"end":{"line":192,"column":2}},"line":43},"2":{"name":"(anonymous_2)","decl":{"start":{"line":46,"column":19},"end":{"line":46,"column":20}},"loc":{"start":{"line":47,"column":4},"end":{"line":47,"column":null}},"line":47},"3":{"name":"(anonymous_3)","decl":{"start":{"line":49,"column":9},"end":{"line":49,"column":15}},"loc":{"start":{"line":49,"column":15},"end":{"line":49,"column":null}},"line":49},"4":{"name":"(anonymous_4)","decl":{"start":{"line":51,"column":11},"end":{"line":51,"column":12}},"loc":{"start":{"line":52,"column":4},"end":{"line":52,"column":null}},"line":52},"5":{"name":"(anonymous_5)","decl":{"start":{"line":52,"column":8},"end":{"line":52,"column":9}},"loc":{"start":{"line":52,"column":16},"end":{"line":52,"column":63}},"line":52},"6":{"name":"(anonymous_6)","decl":{"start":{"line":54,"column":14},"end":{"line":54,"column":15}},"loc":{"start":{"line":55,"column":4},"end":{"line":55,"column":null}},"line":55},"7":{"name":"(anonymous_7)","decl":{"start":{"line":55,"column":8},"end":{"line":55,"column":9}},"loc":{"start":{"line":55,"column":16},"end":{"line":55,"column":66}},"line":55},"8":{"name":"(anonymous_8)","decl":{"start":{"line":57,"column":17},"end":{"line":57,"column":18}},"loc":{"start":{"line":58,"column":4},"end":{"line":58,"column":null}},"line":58},"9":{"name":"(anonymous_9)","decl":{"start":{"line":58,"column":8},"end":{"line":58,"column":9}},"loc":{"start":{"line":58,"column":16},"end":{"line":58,"column":69}},"line":58},"10":{"name":"(anonymous_10)","decl":{"start":{"line":60,"column":13},"end":{"line":60,"column":14}},"loc":{"start":{"line":61,"column":4},"end":{"line":61,"column":null}},"line":61},"11":{"name":"(anonymous_11)","decl":{"start":{"line":61,"column":8},"end":{"line":61,"column":9}},"loc":{"start":{"line":61,"column":16},"end":{"line":61,"column":65}},"line":61},"12":{"name":"(anonymous_12)","decl":{"start":{"line":63,"column":14},"end":{"line":63,"column":null}},"loc":{"start":{"line":64,"column":4},"end":{"line":70,"column":null}},"line":64},"13":{"name":"(anonymous_13)","decl":{"start":{"line":64,"column":8},"end":{"line":64,"column":9}},"loc":{"start":{"line":64,"column":16},"end":{"line":70,"column":6}},"line":64},"14":{"name":"(anonymous_14)","decl":{"start":{"line":72,"column":17},"end":{"line":72,"column":18}},"loc":{"start":{"line":73,"column":4},"end":{"line":81,"column":null}},"line":73},"15":{"name":"(anonymous_15)","decl":{"start":{"line":73,"column":8},"end":{"line":73,"column":9}},"loc":{"start":{"line":73,"column":16},"end":{"line":81,"column":6}},"line":73},"16":{"name":"(anonymous_16)","decl":{"start":{"line":76,"column":39},"end":{"line":76,"column":40}},"loc":{"start":{"line":77,"column":10},"end":{"line":77,"column":null}},"line":77},"17":{"name":"(anonymous_17)","decl":{"start":{"line":83,"column":17},"end":{"line":83,"column":18}},"loc":{"start":{"line":84,"column":4},"end":{"line":90,"column":null}},"line":84},"18":{"name":"(anonymous_18)","decl":{"start":{"line":84,"column":8},"end":{"line":84,"column":9}},"loc":{"start":{"line":84,"column":16},"end":{"line":90,"column":6}},"line":84},"19":{"name":"(anonymous_19)","decl":{"start":{"line":87,"column":42},"end":{"line":87,"column":43}},"loc":{"start":{"line":87,"column":51},"end":{"line":87,"column":71}},"line":87},"20":{"name":"(anonymous_20)","decl":{"start":{"line":92,"column":19},"end":{"line":92,"column":20}},"loc":{"start":{"line":93,"column":4},"end":{"line":98,"column":null}},"line":93},"21":{"name":"(anonymous_21)","decl":{"start":{"line":93,"column":8},"end":{"line":93,"column":9}},"loc":{"start":{"line":93,"column":15},"end":{"line":98,"column":5}},"line":93},"22":{"name":"(anonymous_22)","decl":{"start":{"line":100,"column":12},"end":{"line":100,"column":13}},"loc":{"start":{"line":101,"column":4},"end":{"line":124,"column":null}},"line":101},"23":{"name":"(anonymous_23)","decl":{"start":{"line":101,"column":8},"end":{"line":101,"column":9}},"loc":{"start":{"line":101,"column":15},"end":{"line":124,"column":5}},"line":101},"24":{"name":"(anonymous_24)","decl":{"start":{"line":116,"column":41},"end":{"line":116,"column":42}},"loc":{"start":{"line":117,"column":12},"end":{"line":119,"column":null}},"line":117},"25":{"name":"(anonymous_25)","decl":{"start":{"line":126,"column":15},"end":{"line":126,"column":16}},"loc":{"start":{"line":127,"column":4},"end":{"line":142,"column":null}},"line":127},"26":{"name":"(anonymous_26)","decl":{"start":{"line":127,"column":8},"end":{"line":127,"column":9}},"loc":{"start":{"line":127,"column":16},"end":{"line":142,"column":6}},"line":127},"27":{"name":"(anonymous_27)","decl":{"start":{"line":130,"column":39},"end":{"line":130,"column":40}},"loc":{"start":{"line":131,"column":10},"end":{"line":138,"column":null}},"line":131},"28":{"name":"(anonymous_28)","decl":{"start":{"line":134,"column":39},"end":{"line":134,"column":40}},"loc":{"start":{"line":135,"column":18},"end":{"line":135,"column":null}},"line":135},"29":{"name":"(anonymous_29)","decl":{"start":{"line":144,"column":15},"end":{"line":144,"column":16}},"loc":{"start":{"line":145,"column":4},"end":{"line":155,"column":null}},"line":145},"30":{"name":"(anonymous_30)","decl":{"start":{"line":145,"column":8},"end":{"line":145,"column":9}},"loc":{"start":{"line":145,"column":16},"end":{"line":155,"column":6}},"line":145},"31":{"name":"(anonymous_31)","decl":{"start":{"line":148,"column":39},"end":{"line":148,"column":40}},"loc":{"start":{"line":149,"column":10},"end":{"line":151,"column":null}},"line":149},"32":{"name":"(anonymous_32)","decl":{"start":{"line":150,"column":50},"end":{"line":150,"column":51}},"loc":{"start":{"line":150,"column":57},"end":{"line":150,"column":73}},"line":150},"33":{"name":"(anonymous_33)","decl":{"start":{"line":157,"column":13},"end":{"line":157,"column":14}},"loc":{"start":{"line":158,"column":4},"end":{"line":166,"column":null}},"line":158},"34":{"name":"(anonymous_34)","decl":{"start":{"line":158,"column":8},"end":{"line":158,"column":9}},"loc":{"start":{"line":158,"column":15},"end":{"line":166,"column":5}},"line":158},"35":{"name":"(anonymous_35)","decl":{"start":{"line":159,"column":44},"end":{"line":159,"column":45}},"loc":{"start":{"line":159,"column":54},"end":{"line":159,"column":90}},"line":159},"36":{"name":"(anonymous_36)","decl":{"start":{"line":160,"column":36},"end":{"line":160,"column":37}},"loc":{"start":{"line":160,"column":45},"end":{"line":160,"column":69}},"line":160},"37":{"name":"(anonymous_37)","decl":{"start":{"line":161,"column":34},"end":{"line":161,"column":35}},"loc":{"start":{"line":161,"column":43},"end":{"line":161,"column":65}},"line":161},"38":{"name":"(anonymous_38)","decl":{"start":{"line":168,"column":26},"end":{"line":168,"column":27}},"loc":{"start":{"line":169,"column":4},"end":{"line":181,"column":null}},"line":169},"39":{"name":"(anonymous_39)","decl":{"start":{"line":169,"column":8},"end":{"line":169,"column":9}},"loc":{"start":{"line":169,"column":16},"end":{"line":181,"column":6}},"line":169},"40":{"name":"(anonymous_40)","decl":{"start":{"line":172,"column":39},"end":{"line":172,"column":40}},"loc":{"start":{"line":172,"column":48},"end":{"line":178,"column":9}},"line":172},"41":{"name":"(anonymous_41)","decl":{"start":{"line":183,"column":23},"end":{"line":183,"column":24}},"loc":{"start":{"line":184,"column":4},"end":{"line":186,"column":null}},"line":184},"42":{"name":"(anonymous_42)","decl":{"start":{"line":184,"column":8},"end":{"line":184,"column":9}},"loc":{"start":{"line":184,"column":16},"end":{"line":186,"column":6}},"line":184},"43":{"name":"(anonymous_43)","decl":{"start":{"line":188,"column":13},"end":{"line":188,"column":19}},"loc":{"start":{"line":188,"column":19},"end":{"line":188,"column":null}},"line":188},"44":{"name":"(anonymous_44)","decl":{"start":{"line":188,"column":23},"end":{"line":188,"column":24}},"loc":{"start":{"line":188,"column":31},"end":{"line":188,"column":72}},"line":188},"45":{"name":"(anonymous_45)","decl":{"start":{"line":190,"column":22},"end":{"line":190,"column":23}},"loc":{"start":{"line":191,"column":4},"end":{"line":191,"column":null}},"line":191},"46":{"name":"(anonymous_46)","decl":{"start":{"line":191,"column":8},"end":{"line":191,"column":9}},"loc":{"start":{"line":191,"column":16},"end":{"line":191,"column":74}},"line":191},"47":{"name":"(anonymous_47)","decl":{"start":{"line":195,"column":34},"end":{"line":195,"column":40}},"loc":{"start":{"line":195,"column":40},"end":{"line":195,"column":null}},"line":195}},"branchMap":{"0":{"loc":{"start":{"line":77,"column":10},"end":{"line":77,"column":null}},"type":"cond-expr","locations":[{"start":{"line":77,"column":33},"end":{"line":77,"column":58}},{"start":{"line":77,"column":58},"end":{"line":77,"column":null}}],"line":77},"1":{"loc":{"start":{"line":100,"column":24},"end":{"line":100,"column":null}},"type":"default-arg","locations":[{"start":{"line":100,"column":32},"end":{"line":100,"column":null}}],"line":100},"2":{"loc":{"start":{"line":104,"column":15},"end":{"line":104,"column":null}},"type":"binary-expr","locations":[{"start":{"line":104,"column":15},"end":{"line":104,"column":30}},{"start":{"line":104,"column":30},"end":{"line":104,"column":null}}],"line":104},"3":{"loc":{"start":{"line":105,"column":13},"end":{"line":105,"column":null}},"type":"binary-expr","locations":[{"start":{"line":105,"column":13},"end":{"line":105,"column":26}},{"start":{"line":105,"column":26},"end":{"line":105,"column":null}}],"line":105},"4":{"loc":{"start":{"line":106,"column":14},"end":{"line":106,"column":null}},"type":"binary-expr","locations":[{"start":{"line":106,"column":14},"end":{"line":106,"column":28}},{"start":{"line":106,"column":28},"end":{"line":106,"column":null}}],"line":106},"5":{"loc":{"start":{"line":107,"column":18},"end":{"line":107,"column":null}},"type":"binary-expr","locations":[{"start":{"line":107,"column":18},"end":{"line":107,"column":36}},{"start":{"line":107,"column":36},"end":{"line":107,"column":null}}],"line":107},"6":{"loc":{"start":{"line":117,"column":12},"end":{"line":119,"column":null}},"type":"cond-expr","locations":[{"start":{"line":118,"column":16},"end":{"line":118,"column":null}},{"start":{"line":119,"column":16},"end":{"line":119,"column":null}}],"line":117},"7":{"loc":{"start":{"line":131,"column":10},"end":{"line":138,"column":null}},"type":"cond-expr","locations":[{"start":{"line":132,"column":14},"end":{"line":137,"column":null}},{"start":{"line":138,"column":14},"end":{"line":138,"column":null}}],"line":131},"8":{"loc":{"start":{"line":135,"column":18},"end":{"line":135,"column":null}},"type":"cond-expr","locations":[{"start":{"line":135,"column":37},"end":{"line":135,"column":60}},{"start":{"line":135,"column":60},"end":{"line":135,"column":null}}],"line":135},"9":{"loc":{"start":{"line":149,"column":10},"end":{"line":151,"column":null}},"type":"cond-expr","locations":[{"start":{"line":150,"column":14},"end":{"line":150,"column":null}},{"start":{"line":151,"column":14},"end":{"line":151,"column":null}}],"line":149},"10":{"loc":{"start":{"line":162,"column":6},"end":{"line":162,"column":null}},"type":"if","locations":[{"start":{"line":162,"column":6},"end":{"line":162,"column":null}},{"start":{},"end":{}}],"line":162},"11":{"loc":{"start":{"line":162,"column":10},"end":{"line":162,"column":30}},"type":"binary-expr","locations":[{"start":{"line":162,"column":10},"end":{"line":162,"column":22}},{"start":{"line":162,"column":22},"end":{"line":162,"column":30}}],"line":162},"12":{"loc":{"start":{"line":173,"column":10},"end":{"line":173,"column":null}},"type":"if","locations":[{"start":{"line":173,"column":10},"end":{"line":173,"column":null}},{"start":{},"end":{}}],"line":173}},"s":{"0":4,"1":93,"2":4,"3":4,"4":4,"5":0,"6":70,"7":1,"8":1,"9":0,"10":0,"11":0,"12":0,"13":0,"14":0,"15":19,"16":19,"17":3,"18":3,"19":3,"20":3,"21":3,"22":4,"23":2,"24":2,"25":2,"26":2,"27":2,"28":22,"29":22,"30":22,"31":28,"32":5,"33":5,"34":5,"35":8,"36":5,"37":5,"38":6,"39":8,"40":3,"41":3,"42":6,"43":3,"44":3,"45":3,"46":6,"47":3,"48":0,"49":3,"50":3,"51":3,"52":0,"53":0,"54":0,"55":0,"56":0,"57":0,"58":0,"59":0,"60":3,"61":3,"62":0,"63":0,"64":0,"65":0,"66":4,"67":0},"f":{"0":93,"1":4,"2":0,"3":70,"4":1,"5":1,"6":0,"7":0,"8":0,"9":0,"10":0,"11":0,"12":19,"13":19,"14":3,"15":3,"16":3,"17":3,"18":3,"19":4,"20":2,"21":2,"22":22,"23":22,"24":28,"25":5,"26":5,"27":5,"28":8,"29":5,"30":5,"31":6,"32":8,"33":3,"34":3,"35":6,"36":3,"37":6,"38":0,"39":0,"40":0,"41":3,"42":3,"43":0,"44":0,"45":0,"46":0,"47":0},"b":{"0":[3,0],"1":[22],"2":[22,7],"3":[22,21],"4":[22,20],"5":[22,20],"6":[22,6],"7":[5,0],"8":[5,3],"9":[5,1],"10":[0,3],"11":[3,3],"12":[0,0]},"meta":{"lastBranch":13,"lastFunction":48,"lastStatement":68,"seen":{"s:4:24:9:Infinity":0,"f:4:24:4:46":0,"s:4:46:9:Infinity":1,"s:11:35:19:Infinity":2,"s:43:13:192:Infinity":3,"f:43:58:43:59":1,"s:43:73:192:2":4,"f:46:19:46:20":2,"s:47:4:47:Infinity":5,"f:49:9:49:15":3,"s:49:15:49:Infinity":6,"f:51:11:51:12":4,"s:52:4:52:Infinity":7,"f:52:8:52:9":5,"s:52:16:52:63":8,"f:54:14:54:15":6,"s:55:4:55:Infinity":9,"f:55:8:55:9":7,"s:55:16:55:66":10,"f:57:17:57:18":8,"s:58:4:58:Infinity":11,"f:58:8:58:9":9,"s:58:16:58:69":12,"f:60:13:60:14":10,"s:61:4:61:Infinity":13,"f:61:8:61:9":11,"s:61:16:61:65":14,"f:63:14:63:Infinity":12,"s:64:4:70:Infinity":15,"f:64:8:64:9":13,"s:64:16:70:6":16,"f:72:17:72:18":14,"s:73:4:81:Infinity":17,"f:73:8:73:9":15,"s:73:16:81:6":18,"f:76:39:76:40":16,"s:77:10:77:Infinity":19,"b:77:33:77:58:77:58:77:Infinity":0,"f:83:17:83:18":17,"s:84:4:90:Infinity":20,"f:84:8:84:9":18,"s:84:16:90:6":21,"f:87:42:87:43":19,"s:87:51:87:71":22,"f:92:19:92:20":20,"s:93:4:98:Infinity":23,"f:93:8:93:9":21,"s:94:23:94:Infinity":24,"s:95:22:95:Infinity":25,"s:96:6:96:Infinity":26,"s:97:6:97:Infinity":27,"f:100:12:100:13":22,"s:101:4:124:Infinity":28,"b:100:32:100:Infinity":1,"f:101:8:101:9":23,"s:102:36:112:Infinity":29,"b:104:15:104:30:104:30:104:Infinity":2,"b:105:13:105:26:105:26:105:Infinity":3,"b:106:14:106:28:106:28:106:Infinity":4,"b:107:18:107:36:107:36:107:Infinity":5,"s:113:6:123:Infinity":30,"f:116:41:116:42":24,"s:117:12:119:Infinity":31,"b:118:16:118:Infinity:119:16:119:Infinity":6,"f:126:15:126:16":25,"s:127:4:142:Infinity":32,"f:127:8:127:9":26,"s:127:16:142:6":33,"f:130:39:130:40":27,"s:131:10:138:Infinity":34,"b:132:14:137:Infinity:138:14:138:Infinity":7,"f:134:39:134:40":28,"s:135:18:135:Infinity":35,"b:135:37:135:60:135:60:135:Infinity":8,"f:144:15:144:16":29,"s:145:4:155:Infinity":36,"f:145:8:145:9":30,"s:145:16:155:6":37,"f:148:39:148:40":31,"s:149:10:151:Infinity":38,"b:150:14:150:Infinity:151:14:151:Infinity":9,"f:150:50:150:51":32,"s:150:57:150:73":39,"f:157:13:157:14":33,"s:158:4:166:Infinity":40,"f:158:8:158:9":34,"s:159:23:159:Infinity":41,"f:159:44:159:45":35,"s:159:54:159:90":42,"s:160:22:160:Infinity":43,"f:160:36:160:37":36,"s:160:45:160:69":44,"s:161:20:161:Infinity":45,"f:161:34:161:35":37,"s:161:43:161:65":46,"b:162:6:162:Infinity:undefined:undefined:undefined:undefined":10,"s:162:6:162:Infinity":47,"b:162:10:162:22:162:22:162:30":11,"s:162:30:162:Infinity":48,"s:163:22:163:Infinity":49,"s:164:6:164:Infinity":50,"s:165:6:165:Infinity":51,"f:168:26:168:27":38,"s:169:4:181:Infinity":52,"f:169:8:169:9":39,"s:169:16:181:6":53,"f:172:39:172:40":40,"b:173:10:173:Infinity:undefined:undefined:undefined:undefined":12,"s:173:10:173:Infinity":54,"s:173:36:173:Infinity":55,"s:174:25:174:Infinity":56,"s:175:26:175:Infinity":57,"s:176:10:176:Infinity":58,"s:177:10:177:Infinity":59,"f:183:23:183:24":41,"s:184:4:186:Infinity":60,"f:184:8:184:9":42,"s:184:16:186:6":61,"f:188:13:188:19":43,"s:188:19:188:Infinity":62,"f:188:23:188:24":44,"s:188:31:188:72":63,"f:190:22:190:23":45,"s:191:4:191:Infinity":64,"f:191:8:191:9":46,"s:191:16:191:74":65,"s:195:34:195:Infinity":66,"f:195:34:195:40":47,"s:195:40:195:Infinity":67}}}
,"/Users/david/dev/señal/señal-front/src/utils/fieldType.utils.ts": {"path":"/Users/david/dev/señal/señal-front/src/utils/fieldType.utils.ts","statementMap":{"0":{"start":{"line":3,"column":60},"end":{"line":15,"column":null}},"1":{"start":{"line":18,"column":64},"end":{"line":30,"column":null}},"2":{"start":{"line":32,"column":44},"end":{"line":44,"column":null}},"3":{"start":{"line":51,"column":2},"end":{"line":57,"column":null}}},"fnMap":{"0":{"name":"toSnakeCase","decl":{"start":{"line":50,"column":16},"end":{"line":50,"column":28}},"loc":{"start":{"line":50,"column":49},"end":{"line":58,"column":null}},"line":50}},"branchMap":{},"s":{"0":3,"1":3,"2":3,"3":6},"f":{"0":6},"b":{},"meta":{"lastBranch":0,"lastFunction":1,"lastStatement":4,"seen":{"s:3:60:15:Infinity":0,"s:18:64:30:Infinity":1,"s:32:44:44:Infinity":2,"f:50:16:50:28":0,"s:51:2:57:Infinity":3}}}
,"/Users/david/dev/señal/señal-front/src/utils/formParser.ts": {"path":"/Users/david/dev/señal/señal-front/src/utils/formParser.ts","statementMap":{"0":{"start":{"line":25,"column":19},"end":{"line":32,"column":null}},"1":{"start":{"line":33,"column":2},"end":{"line":33,"column":null}}},"fnMap":{"0":{"name":"submitFormData","decl":{"start":{"line":18,"column":22},"end":{"line":18,"column":37}},"loc":{"start":{"line":24,"column":38},"end":{"line":34,"column":null}},"line":24}},"branchMap":{"0":{"loc":{"start":{"line":27,"column":22},"end":{"line":27,"column":null}},"type":"binary-expr","locations":[{"start":{"line":27,"column":22},"end":{"line":27,"column":40}},{"start":{"line":27,"column":40},"end":{"line":27,"column":null}}],"line":27},"1":{"loc":{"start":{"line":29,"column":8},"end":{"line":31,"column":null}},"type":"cond-expr","locations":[{"start":{"line":30,"column":8},"end":{"line":30,"column":null}},{"start":{"line":31,"column":8},"end":{"line":31,"column":null}}],"line":29},"2":{"loc":{"start":{"line":29,"column":8},"end":{"line":29,"column":null}},"type":"binary-expr","locations":[{"start":{"line":29,"column":8},"end":{"line":29,"column":32}},{"start":{"line":29,"column":32},"end":{"line":29,"column":null}}],"line":29}},"s":{"0":6,"1":5},"f":{"0":6},"b":{"0":[6,4],"1":[2,4],"2":[6,2]},"meta":{"lastBranch":3,"lastFunction":1,"lastStatement":2,"seen":{"f:18:22:18:37":0,"s:25:19:32:Infinity":0,"b:27:22:27:40:27:40:27:Infinity":0,"b:30:8:30:Infinity:31:8:31:Infinity":1,"b:29:8:29:32:29:32:29:Infinity":2,"s:33:2:33:Infinity":1}}}
}
